Log file open, 11/14/18 21:36:46
LogWindows: Failed to load 'aqProf.dll' (GetLastError=126)
LogWindows: File 'aqProf.dll' does not exist
LogWindows: Failed to load 'VSPerf140.dll' (GetLastError=126)
LogWindows: File 'VSPerf140.dll' does not exist
LogWindows: Failed to load 'VtuneApi.dll' (GetLastError=126)
LogWindows: File 'VtuneApi.dll' does not exist
LogWindows: Failed to load 'VtuneApi32e.dll' (GetLastError=126)
LogWindows: File 'VtuneApi32e.dll' does not exist
LogInit: Display: Running engine for game: TwinStickShooter
LogPlatformFile: Not using cached read wrapper
LogTaskGraph: Started task graph with 5 named threads and 23 total threads with 3 sets of task threads.
LogStats: Stats thread started at 0.272920
LogD3D11RHI: Loaded GFSDK_Aftermath_Lib.x64.dll
LogICUInternationalization: Display: ICU TimeZone Detection - Raw Offset: -5:00, Platform Override: ''
LogPluginManager: Mounting plugin Paper2D
LogPluginManager: Mounting plugin AISupport
LogPluginManager: Mounting plugin LightPropagationVolume
LogPluginManager: Mounting plugin CLionSourceCodeAccess
LogPluginManager: Mounting plugin CodeLiteSourceCodeAccess
LogPluginManager: Mounting plugin GitSourceControl
LogPluginManager: Mounting plugin KDevelopSourceCodeAccess
LogPluginManager: Mounting plugin NullSourceCodeAccess
LogPluginManager: Mounting plugin PerforceSourceControl
LogPluginManager: Mounting plugin SubversionSourceControl
LogPluginManager: Mounting plugin UObjectPlugin
LogPluginManager: Mounting plugin VisualStudioCodeSourceCodeAccess
LogPluginManager: Mounting plugin VisualStudioSourceCodeAccess
LogPluginManager: Mounting plugin XCodeSourceCodeAccess
LogPluginManager: Mounting plugin AssetManagerEditor
LogPluginManager: Mounting plugin CryptoKeys
LogPluginManager: Mounting plugin DataValidation
LogPluginManager: Mounting plugin FacialAnimation
LogPluginManager: Mounting plugin GameplayTagsEditor
LogPluginManager: Mounting plugin MacGraphicsSwitching
LogPluginManager: Mounting plugin MeshEditor
LogPluginManager: Mounting plugin MobileLauncherProfileWizard
LogPluginManager: Mounting plugin PluginBrowser
LogPluginManager: Mounting plugin SpeedTreeImporter
LogPluginManager: Mounting plugin DatasmithContent
LogPluginManager: Mounting plugin AlembicImporter
LogPluginManager: Mounting plugin AppleImageUtils
LogPluginManager: Mounting plugin AppleVision
LogPluginManager: Mounting plugin BackChannel
LogPluginManager: Mounting plugin CharacterAI
LogPluginManager: Mounting plugin GeometryCache
LogPluginManager: Mounting plugin HTML5Networking
LogPluginManager: Mounting plugin ProxyLODPlugin
LogPluginManager: Mounting plugin MagicLeap
LogPluginManager: Mounting plugin MagicLeapEmulator
LogPluginManager: Mounting plugin MagicLeapMedia
LogPluginManager: Mounting plugin AndroidMedia
LogPluginManager: Mounting plugin AvfMedia
LogPluginManager: Mounting plugin ImgMedia
LogPluginManager: Mounting plugin LinearTimecode
LogPluginManager: Mounting plugin MediaCompositing
LogPluginManager: Mounting plugin MediaPlayerEditor
LogPluginManager: Mounting plugin WmfMedia
LogPluginManager: Mounting plugin TcpMessaging
LogPluginManager: Mounting plugin UdpMessaging
LogPluginManager: Mounting plugin ActorSequence
LogPluginManager: Mounting plugin LevelSequenceEditor
LogPluginManager: Mounting plugin MatineeToLevelSequence
LogPluginManager: Mounting plugin NetcodeUnitTest
LogPluginManager: Mounting plugin NUTUnrealEngine4
LogPluginManager: Mounting plugin OnlineSubsystemGooglePlay
LogPluginManager: Mounting plugin OnlineSubsystemIOS
LogPluginManager: Mounting plugin OnlineSubsystem
LogPluginManager: Mounting plugin OnlineSubsystemNull
LogPluginManager: Mounting plugin OnlineSubsystemUtils
LogPluginManager: Mounting plugin LauncherChunkInstaller
LogPluginManager: Mounting plugin AndroidDeviceProfileSelector
LogPluginManager: Mounting plugin AndroidMoviePlayer
LogPluginManager: Mounting plugin AndroidPermission
LogPluginManager: Mounting plugin AppleMoviePlayer
LogPluginManager: Mounting plugin ArchVisCharacter
LogPluginManager: Mounting plugin AudioCapture
LogPluginManager: Mounting plugin CableComponent
LogPluginManager: Mounting plugin CustomMeshComponent
LogPluginManager: Mounting plugin EditableMesh
LogPluginManager: Mounting plugin ExampleDeviceProfileSelector
LogPluginManager: Mounting plugin GoogleCloudMessaging
LogPluginManager: Mounting plugin ImmediatePhysics
LogPluginManager: Mounting plugin IOSDeviceProfileSelector
LogPluginManager: Mounting plugin LinuxDeviceProfileSelector
LogPluginManager: Mounting plugin LocationServicesBPLibrary
LogPluginManager: Mounting plugin MobilePatchingUtils
LogPluginManager: Mounting plugin OculusVR
LogPluginManager: Plugin shader directory ../../../Engine/Plugins/Runtime/Oculus/OculusVR/Shaders found
LogPluginManager: Mapping shader source directory ../../../Engine/Plugins/Runtime/Oculus/OculusVR/Shaders to virtual directory /Plugin/OculusVR
LogPluginManager: Mounting plugin PhysXVehicles
LogPluginManager: Mounting plugin ProceduralMeshComponent
LogPluginManager: Mounting plugin RuntimePhysXCooking
LogPluginManager: Mounting plugin SteamVR
LogPluginManager: Mounting plugin WindowsMoviePlayer
LogStreaming: Display: Took  0.108s to configure plugins.
LogInit: Using libcurl 7.55.1-DEV
LogInit:  - built for x86_64-pc-win32
LogInit:  - supports SSL with OpenSSL/1.0.2h
LogInit:  - supports HTTP deflate (compression) using libz 1.2.8
LogInit:  - other features:
LogInit:      CURL_VERSION_SSL
LogInit:      CURL_VERSION_LIBZ
LogInit:      CURL_VERSION_IPV6
LogInit:      CURL_VERSION_ASYNCHDNS
LogInit:      CURL_VERSION_LARGEFILE
LogInit:      CURL_VERSION_IDN
LogInit:  CurlRequestOptions (configurable via config and command line):
LogInit:  - bVerifyPeer = false  - Libcurl will NOT verify peer certificate
LogInit:  - bUseHttpProxy = false  - Libcurl will NOT use HTTP proxy
LogInit:  - bDontReuseConnections = false  - Libcurl will reuse connections
LogInit:  - CertBundlePath = nullptr  - Libcurl will use whatever was configured at build time.
LogInit:  - MaxHostConnections = 16  - Libcurl will limit the number of connections to a host
LogInit:  - LocalHostAddr = Default
LogInit:  - BufferSize = 65536
LogInit: WinSock: version 1.1 (2.2), MaxSocks=32767, MaxUdp=65467
LogInit: Build: ++UE4+Release-4.20-CL-4233996
LogInit: Engine Version: 4.20.1-4233996+++UE4+Release-4.20
LogInit: Compatible Engine Version: 4.20.0-4212847+++UE4+Release-4.20
LogInit: Net CL: 4212847
LogInit: OS: Windows 10 (), CPU: Intel(R) Core(TM) i7-4790K CPU @ 4.00GHz, GPU: NVIDIA GeForce GTX 960
LogInit: Compiled (64-bit): Jul 26 2018 10:07:30
LogInit: Compiled with Visual C++: 19.13.26129.00
LogInit: Build Configuration: Development
LogInit: Branch Name: ++UE4+Release-4.20
LogInit: Command Line: -EpicPortal  -epicusername="Ankr0w" -epicuserid=8d03bbcd158d461aba4cdd046a4c8aef -epiclocale=en-US
LogInit: Base Directory: C:/Program Files/Epic Games/UE_4.20/Engine/Binaries/Win64/
LogInit: Installed Engine Build: 1
LogDevObjectVersion: Number of dev versions registered: 20
LogDevObjectVersion:   Dev-Blueprints (B0D832E4-1F89-4F0D-ACCF-7EB736FD4AA2): 10
LogDevObjectVersion:   Dev-Build (E1C64328-A22C-4D53-A36C-8E866417BD8C): 0
LogDevObjectVersion:   Dev-Core (375EC13C-06E4-48FB-B500-84F0262A717E): 2
LogDevObjectVersion:   Dev-Editor (E4B068ED-F494-42E9-A231-DA0B2E46BB41): 24
LogDevObjectVersion:   Dev-Framework (CFFC743F-43B0-4480-9391-14DF171D2073): 34
LogDevObjectVersion:   Dev-Mobile (B02B49B5-BB20-44E9-A304-32B752E40360): 2
LogDevObjectVersion:   Dev-Networking (A4E4105C-59A1-49B5-A7C5-40C4547EDFEE): 0
LogDevObjectVersion:   Dev-Online (39C831C9-5AE6-47DC-9A44-9C173E1C8E7C): 0
LogDevObjectVersion:   Dev-Physics (78F01B33-EBEA-4F98-B9B4-84EACCB95AA2): 0
LogDevObjectVersion:   Dev-Platform (6631380F-2D4D-43E0-8009-CF276956A95A): 0
LogDevObjectVersion:   Dev-Rendering (12F88B9F-8875-4AFC-A67C-D90C383ABD29): 26
LogDevObjectVersion:   Dev-Sequencer (7B5AE74C-D270-4C10-A958-57980B212A5A): 9
LogDevObjectVersion:   Dev-VR (D7296918-1DD6-4BDD-9DE2-64A83CC13884): 2
LogDevObjectVersion:   Dev-LoadTimes (C2A15278-BFE7-4AFE-6C17-90FF531DF755): 1
LogDevObjectVersion:   Private-Geometry (6EACA3D4-40EC-4CC1-B786-8BED09428FC5): 3
LogDevObjectVersion:   Dev-AnimPhys (29E575DD-E0A3-4627-9D10-D276232CDCEA): 17
LogDevObjectVersion:   Dev-ReflectionCapture (6B266CEC-1EC7-4B8F-A30B-E4D90942FC07): 1
LogDevObjectVersion:   Dev-Automation (0DF73D61-A23F-47EA-B727-89E90C41499A): 1
LogDevObjectVersion:   FortniteMain (601D1886-AC64-4F84-AA16-D3DE0DEAC7D6): 12
LogDevObjectVersion:   Dev-Enterprise (9DFFBCD6-494F-0158-E221-12823C92A888): 1
LogStreaming: Display: Took  0.007s to delete old logs.
LogInit: Presizing for max 8388607 objects, including 0 objects not considered by GC, pre-allocating 0 bytes for permanent pool.
LogInit: Object subsystem initialized
[2018.11.15-02.36.47:104][  0]LogInit: Selected Device Profile: [Windows]
[2018.11.15-02.36.47:104][  0]LogInit: Applying CVar settings loaded from the selected device profile: [Windows]
[2018.11.15-02.36.47:137][  0]LogHAL: Display: Platform has ~ 24 GB [25715929088 / 34359738368 / 24], which maps to Larger [LargestMinGB=32, LargerMinGB=12, DefaultMinGB=8, SmallerMinGB=6, SmallestMinGB=0)
[2018.11.15-02.36.47:137][  0]LogInit: Setting Device Profile CVar: [[r.Vulkan.UseRealUBs:1]]
[2018.11.15-02.36.47:137][  0]LogInit: Going up to parent DeviceProfile []
[2018.11.15-02.36.47:138][  0]LogInit: Computer: DESKTOP-VBFITEQ
[2018.11.15-02.36.47:138][  0]LogInit: User: Nate
[2018.11.15-02.36.47:138][  0]LogInit: CPU Page size=4096, Cores=4
[2018.11.15-02.36.47:138][  0]LogInit: High frequency timer resolution =3.906248 MHz
[2018.11.15-02.36.47:139][  0]LogMemory: Memory total: Physical=23.9GB (24GB approx)
[2018.11.15-02.36.47:139][  0]LogMemory: Platform Memory Stats for Windows
[2018.11.15-02.36.47:139][  0]LogMemory: Process Physical Memory: 101.54 MB used, 101.54 MB peak
[2018.11.15-02.36.47:139][  0]LogMemory: Process Virtual Memory: 89.35 MB used, 89.35 MB peak
[2018.11.15-02.36.47:139][  0]LogMemory: Physical Memory: 7550.34 MB used,  16974.28 MB free, 24524.62 MB total
[2018.11.15-02.36.47:139][  0]LogMemory: Virtual Memory: 4638.71 MB used,  16974.28 MB free, 134217728.00 MB total
[2018.11.15-02.36.47:174][  0]LogInit: Using OS detected language (en-US).
[2018.11.15-02.36.47:174][  0]LogInit: Using OS detected locale (en-US).
[2018.11.15-02.36.47:175][  0]LogTextLocalizationManager: No specific localization for 'en-US' exists, so the 'en' localization will be used.
[2018.11.15-02.36.47:522][  0]LogStreaming: Display: Took  0.349s to InitEngineTextLocalization.
[2018.11.15-02.36.47:522][  0]LogInit: Setting process to per monitor DPI aware
[2018.11.15-02.36.47:548][  0]LogSlate: New Slate User Created.  User Index 0, Is Virtual User: 0
[2018.11.15-02.36.47:548][  0]LogSlate: Slate User Registered.  User Index 0, Is Virtual User: 0
[2018.11.15-02.36.47:699][  0]LogHMD: Failed to initialize OpenVR with code 110
[2018.11.15-02.36.47:699][  0]LogD3D11RHI: D3D11 adapters:
[2018.11.15-02.36.47:750][  0]LogD3D11RHI:    0. 'NVIDIA GeForce GTX 960' (Feature Level 11_0)
[2018.11.15-02.36.47:750][  0]LogD3D11RHI:       4053/0/12262 MB DedicatedVideo/DedicatedSystem/SharedSystem, Outputs:2, VendorId:0x10de
[2018.11.15-02.36.47:752][  0]LogD3D11RHI:    1. 'Microsoft Basic Render Driver' (Feature Level 11_0)
[2018.11.15-02.36.47:752][  0]LogD3D11RHI:       0/0/12262 MB DedicatedVideo/DedicatedSystem/SharedSystem, Outputs:0, VendorId:0x1414
[2018.11.15-02.36.47:752][  0]LogD3D11RHI: Chosen D3D11 Adapter: 0
[2018.11.15-02.36.47:757][  0]LogD3D11RHI: Creating new Direct3DDevice
[2018.11.15-02.36.47:758][  0]LogD3D11RHI:     GPU DeviceId: 0x1401 (for the marketing name, search the web for "GPU Device Id")
[2018.11.15-02.36.47:758][  0]LogWindows: EnumDisplayDevices:
[2018.11.15-02.36.47:758][  0]LogWindows:    0. 'NVIDIA GeForce GTX 960' (P:0 D:1)
[2018.11.15-02.36.47:758][  0]LogWindows:    1. 'NVIDIA GeForce GTX 960' (P:1 D:1)
[2018.11.15-02.36.47:758][  0]LogWindows:    2. 'NVIDIA GeForce GTX 960' (P:0 D:0)
[2018.11.15-02.36.47:758][  0]LogWindows:    3. 'NVIDIA GeForce GTX 960' (P:0 D:0)
[2018.11.15-02.36.47:758][  0]LogWindows: DebugString: FoundDriverCount:4 
[2018.11.15-02.36.47:758][  0]LogD3D11RHI:     Adapter Name: NVIDIA GeForce GTX 960
[2018.11.15-02.36.47:758][  0]LogD3D11RHI:   Driver Version: 416.94 (internal:25.21.14.1694, unified:416.94)
[2018.11.15-02.36.47:758][  0]LogD3D11RHI:      Driver Date: 11-12-2018
[2018.11.15-02.36.47:758][  0]LogRHI: Texture pool is 2837 MB (70% of 4053 MB)
[2018.11.15-02.36.47:791][  0]LogD3D11RHI: Async texture creation enabled
[2018.11.15-02.36.47:824][  0]LogD3D11RHI: GPU Timing Frequency: 1000.000000 (Debug: 2 2)
[2018.11.15-02.36.47:921][  0]LogShaderCompilers: Guid format shader working directory is -39 characters bigger than the processId version (../../../../../../Users/Nate/Documents/GitHub/nsshipma_FinalProject/TwinStickShooter/Intermediate/Shaders/WorkingDirectory/4840/).
[2018.11.15-02.36.47:921][  0]LogShaderCompilers: Cleaned the shader compiler working directory 'C:/Users/Nate/AppData/Local/Temp/UnrealShaderWorkingDir/7D7B4CF44EDEDA197FB7038CD60BE058/'.
[2018.11.15-02.36.48:269][  0]LogTemp: Display: Loaded TP AllDesktopTargetPlatform
[2018.11.15-02.36.48:280][  0]LogTemp: Display: Loaded TP MacClientTargetPlatform
[2018.11.15-02.36.48:291][  0]LogTemp: Display: Loaded TP MacNoEditorTargetPlatform
[2018.11.15-02.36.48:303][  0]LogTemp: Display: Loaded TP MacServerTargetPlatform
[2018.11.15-02.36.48:314][  0]LogTemp: Display: Loaded TP MacTargetPlatform
[2018.11.15-02.36.48:326][  0]LogTemp: Display: Loaded TP WindowsClientTargetPlatform
[2018.11.15-02.36.48:338][  0]LogTemp: Display: Loaded TP WindowsNoEditorTargetPlatform
[2018.11.15-02.36.48:349][  0]LogTemp: Display: Loaded TP WindowsServerTargetPlatform
[2018.11.15-02.36.48:355][  0]LogTemp: Display: Loaded TP WindowsTargetPlatform
[2018.11.15-02.36.48:423][  0]LogTemp: Display: Loaded TP AndroidTargetPlatform
[2018.11.15-02.36.48:423][  0]LogTemp: Display: Loaded TP AndroidTargetPlatform
[2018.11.15-02.36.48:423][  0]LogTemp: Display: Loaded TP AndroidTargetPlatform
[2018.11.15-02.36.48:423][  0]LogTemp: Display: Loaded TP AndroidTargetPlatform
[2018.11.15-02.36.48:423][  0]LogTemp: Display: Loaded TP AndroidTargetPlatform
[2018.11.15-02.36.48:423][  0]LogTemp: Display: Loaded TP AndroidTargetPlatform
[2018.11.15-02.36.48:423][  0]LogTemp: Display: Loaded TP AndroidTargetPlatform
[2018.11.15-02.36.48:423][  0]LogTemp: Display: Loaded TP AndroidTargetPlatform
[2018.11.15-02.36.48:423][  0]LogTemp: Display: Loaded TP AndroidTargetPlatform
[2018.11.15-02.36.48:423][  0]LogTemp: Display: Loaded TP AndroidTargetPlatform
[2018.11.15-02.36.48:423][  0]LogTemp: Display: Loaded TP AndroidTargetPlatform
[2018.11.15-02.36.48:423][  0]LogTemp: Display: Loaded TP AndroidTargetPlatform
[2018.11.15-02.36.48:423][  0]LogTemp: Display: Loaded TP AndroidTargetPlatform
[2018.11.15-02.36.48:423][  0]LogTemp: Display: Loaded TP AndroidTargetPlatform
[2018.11.15-02.36.48:423][  0]LogTemp: Display: Loaded TP AndroidTargetPlatform
[2018.11.15-02.36.48:423][  0]LogTemp: Display: Loaded TP AndroidTargetPlatform
[2018.11.15-02.36.48:423][  0]LogTemp: Display: Loaded TP AndroidTargetPlatform
[2018.11.15-02.36.48:423][  0]LogTemp: Display: Loaded TP AndroidTargetPlatform
[2018.11.15-02.36.48:424][  0]LogTemp: Display: Loaded TP HTML5TargetPlatform
[2018.11.15-02.36.48:481][  0]LogTemp: Display: Loaded TP IOSTargetPlatform
[2018.11.15-02.36.48:481][  0]LogTemp: Display: Loaded TP IOSTargetPlatform
[2018.11.15-02.36.48:500][  0]LogTemp: Display: Loaded TP TVOSTargetPlatform
[2018.11.15-02.36.48:500][  0]LogTemp: Display: Loaded TP TVOSTargetPlatform
[2018.11.15-02.36.48:511][  0]LogTemp: Display: Loaded TP LinuxClientTargetPlatform
[2018.11.15-02.36.48:522][  0]LogTemp: Display: Loaded TP LinuxNoEditorTargetPlatform
[2018.11.15-02.36.48:533][  0]LogTemp: Display: Loaded TP LinuxServerTargetPlatform
[2018.11.15-02.36.48:545][  0]LogTemp: Display: Loaded TP LinuxTargetPlatform
[2018.11.15-02.36.48:551][  0]LogTemp: Display: Loaded TP LuminTargetPlatform
[2018.11.15-02.36.48:552][  0]LogTargetPlatformManager: Display: Building Assets For Windows
[2018.11.15-02.36.48:598][  0]LogXGEController: Cannot use XGE Controller as Incredibuild is not installed on this machine.
[2018.11.15-02.36.48:598][  0]LogShaderCompilers: Cannot use XGE Shader Compiler as Incredibuild is not installed on this machine.
[2018.11.15-02.36.48:598][  0]LogShaderCompilers: Display: Using Local Shader Compiler.
[2018.11.15-02.36.49:233][  0]LogDerivedDataCache: Display: Max Cache Size: 512 MB
[2018.11.15-02.36.49:281][  0]LogDerivedDataCache: Loaded boot cache 0.05s 71MB C:/Users/Nate/AppData/Local/UnrealEngine/4.20/DerivedDataCache/Boot.ddc.
[2018.11.15-02.36.49:320][  0]LogDerivedDataCache: Display: Loaded Boot cache: C:/Users/Nate/AppData/Local/UnrealEngine/4.20/DerivedDataCache/Boot.ddc
[2018.11.15-02.36.49:320][  0]LogDerivedDataCache: FDerivedDataBackendGraph:  Pak pak cache file ../../../../../../Users/Nate/Documents/GitHub/nsshipma_FinalProject/TwinStickShooter/DerivedDataCache/DDC.ddp not found, will not use a pak cache.
[2018.11.15-02.36.49:320][  0]LogDerivedDataCache: Unable to find inner node Pak for hierarchical cache Hierarchy.
[2018.11.15-02.36.49:320][  0]LogDerivedDataCache: FDerivedDataBackendGraph:  CompressedPak pak cache file ../../../../../../Users/Nate/Documents/GitHub/nsshipma_FinalProject/TwinStickShooter/DerivedDataCache/Compressed.ddp not found, will not use a pak cache.
[2018.11.15-02.36.49:320][  0]LogDerivedDataCache: Unable to find inner node CompressedPak for hierarchical cache Hierarchy.
[2018.11.15-02.36.49:331][  0]LogDerivedDataCache: Display: Pak cache opened for reading ../../../Engine/DerivedDataCache/Compressed.ddp.
[2018.11.15-02.36.49:343][  0]LogDerivedDataCache: Using Local data cache path C:/Users/Nate/AppData/Local/UnrealEngine/Common/DerivedDataCache: Writable
[2018.11.15-02.36.49:343][  0]LogDerivedDataCache: Shared data cache path not found in *engine.ini, will not use an Shared cache.
[2018.11.15-02.36.49:343][  0]LogDerivedDataCache: Unable to find inner node Shared for hierarchical cache Hierarchy.
[2018.11.15-02.36.49:379][  0]LogMaterial: Verifying Global Shaders for PCD3D_SM5
[2018.11.15-02.36.49:381][  0]LogSlate: Using FreeType 2.6.0
[2018.11.15-02.36.49:382][  0]LogSlate: SlateFontServices - WITH_FREETYPE: 1, WITH_HARFBUZZ: 1
[2018.11.15-02.36.49:450][  0]LogAssetRegistry: FAssetRegistry took 0.0252 seconds to start up
[2018.11.15-02.36.49:728][  0]LogInit: Selected Device Profile: [Windows]
[2018.11.15-02.36.49:843][  0]LogSimplygon: Simplygon DLL not present - disabling.
[2018.11.15-02.36.49:846][  0]LogMeshReduction: Using SimplygonSwarm for distributed automatic mesh merging
[2018.11.15-02.36.49:846][  0]LogMeshReduction: Using ProxyLODMeshReduction for automatic mesh merging
[2018.11.15-02.36.49:846][  0]LogMeshReduction: Using QuadricMeshReduction for automatic static mesh reduction
[2018.11.15-02.36.49:846][  0]LogMeshReduction: No automatic skeletal mesh reduction module available
[2018.11.15-02.36.49:861][  0]LogNetVersion: TwinStickShooter 1.0.0, NetCL: 4212847, EngineNetVer: 5, GameNetVer: 0 (Checksum: 1666688666)
[2018.11.15-02.36.50:274][  0]LogPackageLocalizationCache: Processed 11 localized package path(s) for 2 prioritized culture(s) in 0.082780 seconds
[2018.11.15-02.36.50:280][  0]LogUObjectArray: 38425 objects as part of root set at end of initial load.
[2018.11.15-02.36.50:280][  0]LogUObjectAllocator: 6690864 out of 0 bytes used by permanent object pool.
[2018.11.15-02.36.50:280][  0]LogUObjectArray: CloseDisregardForGC: 0/0 objects in disregard for GC pool
[2018.11.15-02.36.50:968][  0]LogTcpMessaging: Initializing TcpMessaging bridge
[2018.11.15-02.36.50:981][  0]LogUdpMessaging: Initializing bridge on interface 0.0.0.0:0 to multicast group 230.0.0.1:6666.
[2018.11.15-02.36.51:142][  0]SourceControl: Source control is disabled
[2018.11.15-02.36.51:142][  0]SourceControl: Source control is disabled
[2018.11.15-02.36.51:143][  0]SourceControl: Source control is disabled
[2018.11.15-02.36.51:143][  0]SourceControl: Source control is disabled
[2018.11.15-02.36.51:304][  0]LogAndroidPermission: UAndroidPermissionCallbackProxy::GetInstance
[2018.11.15-02.36.51:451][  0]LogOcInput: OculusInput pre-init called
[2018.11.15-02.36.51:541][  0]LogEngine: Initializing Engine...
[2018.11.15-02.36.51:542][  0]LogHMD: Failed to initialize OpenVR with code 110
[2018.11.15-02.36.51:543][  0]LogStats: UGameplayTagsManager::ConstructGameplayTagTree: ImportINI prefixes -  0.000 s
[2018.11.15-02.36.51:543][  0]LogStats: UGameplayTagsManager::ConstructGameplayTagTree: Construct from data asset -  0.000 s
[2018.11.15-02.36.51:543][  0]LogStats: UGameplayTagsManager::ConstructGameplayTagTree: ImportINI -  0.000 s
[2018.11.15-02.36.51:543][  0]LogStats: UGameplayTagsManager::ConstructGameplayTagTree: GameplayTagTreeChangedEvent.Broadcast -  0.000 s
[2018.11.15-02.36.51:714][  0]LogInit: Initializing FReadOnlyCVARCache
[2018.11.15-02.36.51:726][  0]LogAIModule: Creating AISystem for world Untitled
[2018.11.15-02.36.51:742][  0]LogInit: XAudio2 using 'Speakers (Realtek High Definition Audio)' : 2 channels at 48 kHz using 32 bits per sample (channel mask 0x3)
[2018.11.15-02.36.51:758][  0]LogInit: FAudioDevice initialized.
[2018.11.15-02.36.51:758][  0]LogNetVersion: Set ProjectVersion to 1.0.0.0. Version Checksum will be recalculated on next use.
[2018.11.15-02.36.51:923][  0]LogDerivedDataCache: Saved boot cache 0.16s 71MB C:/Users/Nate/AppData/Local/UnrealEngine/4.20/DerivedDataCache/Boot.ddc.
[2018.11.15-02.36.51:935][  0]LogInit: Texture streaming: Enabled
[2018.11.15-02.36.51:948][  0]LogEngineSessionManager: EngineSessionManager initialized
[2018.11.15-02.36.51:959][  0]LogInit: Transaction tracking system initialized
[2018.11.15-02.36.51:979][  0]BlueprintLog: New page: Editor Load
[2018.11.15-02.36.52:042][  0]LocalizationService: Localization service is disabled
[2018.11.15-02.36.52:114][  0]LogLinker: Warning: Can't find file '/Game/TwinStickBP/TwinStickOverview'
[2018.11.15-02.36.52:114][  0]LogLinker: Warning: Can't find file '/Game/TwinStickBP/TwinStickOverview'
[2018.11.15-02.36.52:115][  0]LogUObjectGlobals: Warning: Failed to find object 'Class /Game/TwinStickBP/TwinStickOverview.TwinStickOverview_C'
[2018.11.15-02.36.52:281][  0]LogCook: Display: Max memory allowance for cook 16384mb min free memory 0mb
[2018.11.15-02.36.52:281][  0]LogCook: Display: Mobile HDR setting 1
[2018.11.15-02.36.52:281][  0]LogGameplayTags: Display: UGameplayTagsManager::DoneAddingNativeTags. DelegateIsBound: 0
[2018.11.15-02.36.52:281][  0]LogStats: UGameplayTagsManager::ConstructGameplayTagTree: ImportINI prefixes -  0.000 s
[2018.11.15-02.36.52:281][  0]LogStats: UGameplayTagsManager::ConstructGameplayTagTree: Construct from data asset -  0.000 s
[2018.11.15-02.36.52:281][  0]LogStats: UGameplayTagsManager::ConstructGameplayTagTree: ImportINI -  0.000 s
[2018.11.15-02.36.52:281][  0]LogStats: UGameplayTagsManager::ConstructGameplayTagTree: GameplayTagTreeChangedEvent.Broadcast -  0.000 s
[2018.11.15-02.36.52:388][  0]LogFileCache: Scanning file cache for directory 'C:/Users/Nate/Documents/GitHub/nsshipma_FinalProject/TwinStickShooter/Content/' took 0.02s
[2018.11.15-02.36.52:388][  0]SourceControl: Source control is disabled
[2018.11.15-02.36.52:388][  0]Cmd: MAP LOAD FILE="../../../../../../Users/Nate/Documents/GitHub/nsshipma_FinalProject/TwinStickShooter/Content/ArenaMap.umap" TEMPLATE=0 SHOWPROGRESS=1 FEATURELEVEL=3
[2018.11.15-02.36.52:389][  0]LightingResults: New page: Lighting Build
[2018.11.15-02.36.52:391][  0]MapCheck: New page: Map Check
[2018.11.15-02.36.52:391][  0]LightingResults: New page: Lighting Build
[2018.11.15-02.36.53:008][  0]LogAIModule: Creating AISystem for world ArenaMap
[2018.11.15-02.36.53:014][  0]LogEditorServer: Finished looking for orphan Actors (0.000 secs)
[2018.11.15-02.36.53:037][  0]Cmd: MAP CHECKDEP NOCLEARLOG
[2018.11.15-02.36.53:101][  0]MapCheck: Map check complete: 0 Error(s), 0 Warning(s), took 64.298ms to complete.
[2018.11.15-02.36.53:102][  0]LogFileHelpers: Loading map 'ArenaMap' took 0.713
[2018.11.15-02.36.53:235][  0]LogSlate: Updating window title bar state: overlay mode, drag disabled, window buttons hidden, title bar hidden
[2018.11.15-02.36.53:241][  0]LogSlate: Updating window title bar state: overlay mode, drag disabled, window buttons hidden, title bar hidden
[2018.11.15-02.36.53:248][  0]LogSlate: Updating window title bar state: overlay mode, drag disabled, window buttons hidden, title bar hidden
[2018.11.15-02.36.53:255][  0]LogSlate: Updating window title bar state: overlay mode, drag disabled, window buttons hidden, title bar hidden
[2018.11.15-02.36.53:260][  0]LogCollectionManager: Loaded 0 collections in 0.001392 seconds
[2018.11.15-02.36.53:305][  0]LogFileCache: Scanning file cache for directory 'C:/Users/Nate/Documents/GitHub/nsshipma_FinalProject/TwinStickShooter/Saved/Collections/' took 0.01s
[2018.11.15-02.36.53:305][  0]LogFileCache: Scanning file cache for directory 'C:/Users/Nate/Documents/GitHub/nsshipma_FinalProject/TwinStickShooter/Content/Developers/Nate/Collections/' took 0.01s
[2018.11.15-02.36.53:305][  0]LogFileCache: Scanning file cache for directory 'C:/Users/Nate/Documents/GitHub/nsshipma_FinalProject/TwinStickShooter/Content/Collections/' took 0.01s
[2018.11.15-02.36.53:305][  0]LogCollectionManager: Rebuilt the GUID cache for 0 collections in 0.000000 seconds
[2018.11.15-02.36.53:316][  0]LogContentBrowser: Native class hierarchy populated in 0.0103 seconds. Added 2573 classes and 605 folders.
[2018.11.15-02.36.53:322][  0]LogContentBrowser: Native class hierarchy updated for 'WidgetCarousel' in 0.0003 seconds. Added 0 classes and 0 folders.
[2018.11.15-02.36.53:357][  0]LogContentBrowser: Native class hierarchy updated for 'AddContentDialog' in 0.0003 seconds. Added 0 classes and 0 folders.
[2018.11.15-02.36.53:361][  0]LogContentBrowser: Native class hierarchy updated for 'SceneOutliner' in 0.0003 seconds. Added 1 classes and 2 folders.
[2018.11.15-02.36.53:375][  0]LogSlate: Took 0.000204 seconds to synchronously load lazily loaded font '../../../Engine/Content/Slate/Fonts/Roboto-Regular.ttf' (155K)
[2018.11.15-02.36.53:377][  0]LogSlate: Took 0.000221 seconds to synchronously load lazily loaded font '../../../Engine/Content/Slate/Fonts/Roboto-Bold.ttf' (160K)
[2018.11.15-02.36.53:381][  0]LogSlate: Took 0.000162 seconds to synchronously load lazily loaded font '../../../Engine/Content/Editor/Slate/Fonts/FontAwesome.ttf' (139K)
[2018.11.15-02.36.53:450][  0]LogRenderer: Reallocating scene render targets to support 1208x576 Format 10 NumSamples 1 (Frame:1).
[2018.11.15-02.36.53:491][  0]LogSlate: Took 0.000153 seconds to synchronously load lazily loaded font '../../../Engine/Content/Slate/Fonts/Roboto-Light.ttf' (167K)
[2018.11.15-02.36.53:555][  0]LogContentBrowser: Native class hierarchy updated for 'HierarchicalLODOutliner' in 0.0003 seconds. Added 0 classes and 0 folders.
[2018.11.15-02.36.53:555][  0]LogLoad: (Engine Initialization) Total time: 8.05 seconds
[2018.11.15-02.36.53:555][  0]LogLoad: (Engine Initialization) Total Blueprint compile time: 0.00 seconds
[2018.11.15-02.36.53:566][  0]LogWindowsTextInputMethodSystem: Display: IME system now deactivated.
[2018.11.15-02.36.53:591][  0]LogContentStreaming: Texture pool size now 3000 MB
[2018.11.15-02.36.53:681][  1]LogAssetRegistry: Asset discovery search completed in 4.2540 seconds
[2018.11.15-02.36.53:683][  1]LogCollectionManager: Rebuilt the object cache for 0 collections in 0.000001 seconds (found 0 objects)
[2018.11.15-02.36.53:683][  1]LogCollectionManager: Fixed up redirectors for 0 collections in 0.000034 seconds (updated 0 objects)
[2018.11.15-02.36.54:589][ 87]LogSlate: Took 0.000181 seconds to synchronously load lazily loaded font '../../../Engine/Content/Slate/Fonts/Roboto-Light.ttf' (167K)
[2018.11.15-02.37.04:921][317]LogSlate: FSceneViewport::OnFocusLost() reason 0
[2018.11.15-02.37.10:258][789]LogSlate: FSceneViewport::OnFocusLost() reason 0
[2018.11.15-02.37.10:350][800]LogTemp: Repeating last play command: Selected Viewport
[2018.11.15-02.37.10:371][800]LogPlayLevel: PlayLevel: No blueprints needed recompiling
[2018.11.15-02.37.10:383][800]PIE: New page: PIE session: ArenaMap (Nov 14, 2018, 4:37:10 PM)
[2018.11.15-02.37.10:383][800]LogPlayLevel: Creating play world package: /Game/UEDPIE_0_ArenaMap
[2018.11.15-02.37.10:386][800]LogPlayLevel: PIE: StaticDuplicateObject took: (0.002489s)
[2018.11.15-02.37.10:386][800]LogAIModule: Creating AISystem for world ArenaMap
[2018.11.15-02.37.10:386][800]LogPlayLevel: PIE: World Init took: (0.000575s)
[2018.11.15-02.37.10:386][800]LogPlayLevel: PIE: Created PIE world by copying editor world from /Game/ArenaMap.ArenaMap to /Game/UEDPIE_0_ArenaMap.ArenaMap (0.003185s)
[2018.11.15-02.37.10:413][800]LogInit: XAudio2 using 'Speakers (Realtek High Definition Audio)' : 2 channels at 48 kHz using 32 bits per sample (channel mask 0x3)
[2018.11.15-02.37.10:426][800]LogInit: FAudioDevice initialized.
[2018.11.15-02.37.10:474][800]LogLoad: Game class is 'TwinStickGameMode_C'
[2018.11.15-02.37.10:476][800]LogWorld: Bringing World /Game/UEDPIE_0_ArenaMap.ArenaMap up for play (max tick rate 0) at 2018.11.14-21.37.10
[2018.11.15-02.37.10:476][800]LogWorld: Bringing up level for play took: 0.001253
[2018.11.15-02.37.10:492][800]LogContentBrowser: Native class hierarchy updated for 'MovieSceneCapture' in 0.0004 seconds. Added 10 classes and 0 folders.
[2018.11.15-02.37.10:497][800]LogScript: Warning: Script Msg: Attempted to access index 2 from array 'RoomArray' of length 2 in '/Game/Blueprints/TwinStickGameMode.TwinStickGameMode_C'!
[2018.11.15-02.37.10:497][800]LogScript: Warning: Accessed None trying to read property CallFunc_Array_Get_Item2
	TwinStickGameMode_C /Game/UEDPIE_0_ArenaMap.ArenaMap:PersistentLevel.TwinStickGameMode_C_0
	Function /Game/Blueprints/TwinStickGameMode.TwinStickGameMode_C:ExecuteUbergraph_TwinStickGameMode:0677
[2018.11.15-02.37.10:497][800]PIE: Error: Blueprint Runtime Error: "Accessed None trying to read property CallFunc_Array_Get_Item2". Blueprint:  TwinStickGameMode Function:  Execute Ubergraph Twin Stick Game Mode Graph:  EventGraph Node:  Set NextSpawnLocation
[2018.11.15-02.37.10:497][800]LogScript: Warning: Accessed None
	TwinStickGameMode_C /Game/UEDPIE_0_ArenaMap.ArenaMap:PersistentLevel.TwinStickGameMode_C_0
	Function /Game/Blueprints/TwinStickGameMode.TwinStickGameMode_C:ExecuteUbergraph_TwinStickGameMode:068C
[2018.11.15-02.37.10:497][800]PIE: Error: Blueprint Runtime Error: "Accessed None". Blueprint:  TwinStickGameMode Function:  Execute Ubergraph Twin Stick Game Mode Graph:  EventGraph Node:  Set NextSpawnLocation
[2018.11.15-02.37.10:497][800]LogScript: Warning: Script Msg: Attempted to access index 2 from array 'RoomArray' of length 2 in '/Game/Blueprints/TwinStickGameMode.TwinStickGameMode_C'!
[2018.11.15-02.37.10:497][800]LogScript: Warning: Accessed None trying to read property CallFunc_Array_Get_Item2
	TwinStickGameMode_C /Game/UEDPIE_0_ArenaMap.ArenaMap:PersistentLevel.TwinStickGameMode_C_0
	Function /Game/Blueprints/TwinStickGameMode.TwinStickGameMode_C:ExecuteUbergraph_TwinStickGameMode:0781
[2018.11.15-02.37.10:497][800]PIE: Error: Blueprint Runtime Error: "Accessed None trying to read property CallFunc_Array_Get_Item2". Blueprint:  TwinStickGameMode Function:  Execute Ubergraph Twin Stick Game Mode Graph:  EventGraph Node:  Set NextSpawnLocation
[2018.11.15-02.37.10:497][800]LogScript: Warning: Accessed None
	TwinStickGameMode_C /Game/UEDPIE_0_ArenaMap.ArenaMap:PersistentLevel.TwinStickGameMode_C_0
	Function /Game/Blueprints/TwinStickGameMode.TwinStickGameMode_C:ExecuteUbergraph_TwinStickGameMode:0796
[2018.11.15-02.37.10:497][800]PIE: Error: Blueprint Runtime Error: "Accessed None". Blueprint:  TwinStickGameMode Function:  Execute Ubergraph Twin Stick Game Mode Graph:  EventGraph Node:  Set NextSpawnLocation
[2018.11.15-02.37.10:497][800]LogScript: Warning: Script Msg: Attempted to access index 2 from array 'RoomArray' of length 2 in '/Game/Blueprints/TwinStickGameMode.TwinStickGameMode_C'!
[2018.11.15-02.37.10:497][800]LogScript: Warning: Accessed None trying to read property CallFunc_Array_Get_Item2
	TwinStickGameMode_C /Game/UEDPIE_0_ArenaMap.ArenaMap:PersistentLevel.TwinStickGameMode_C_0
	Function /Game/Blueprints/TwinStickGameMode.TwinStickGameMode_C:ExecuteUbergraph_TwinStickGameMode:0677
[2018.11.15-02.37.10:497][800]PIE: Error: Blueprint Runtime Error: "Accessed None trying to read property CallFunc_Array_Get_Item2". Blueprint:  TwinStickGameMode Function:  Execute Ubergraph Twin Stick Game Mode Graph:  EventGraph Node:  Set NextSpawnLocation
[2018.11.15-02.37.10:497][800]LogScript: Warning: Accessed None
	TwinStickGameMode_C /Game/UEDPIE_0_ArenaMap.ArenaMap:PersistentLevel.TwinStickGameMode_C_0
	Function /Game/Blueprints/TwinStickGameMode.TwinStickGameMode_C:ExecuteUbergraph_TwinStickGameMode:068C
[2018.11.15-02.37.10:497][800]PIE: Error: Blueprint Runtime Error: "Accessed None". Blueprint:  TwinStickGameMode Function:  Execute Ubergraph Twin Stick Game Mode Graph:  EventGraph Node:  Set NextSpawnLocation
[2018.11.15-02.37.10:507][800]LogScript: Warning: Script Msg: Attempted to access index 7 from array 'RoomArray' of length 7 in '/Game/Blueprints/TwinStickGameMode.TwinStickGameMode_C'!
[2018.11.15-02.37.10:507][800]LogScript: Warning: Accessed None trying to read property CallFunc_Array_Get_Item2
	TwinStickGameMode_C /Game/UEDPIE_0_ArenaMap.ArenaMap:PersistentLevel.TwinStickGameMode_C_0
	Function /Game/Blueprints/TwinStickGameMode.TwinStickGameMode_C:ExecuteUbergraph_TwinStickGameMode:0CAD
[2018.11.15-02.37.10:507][800]PIE: Error: Blueprint Runtime Error: "Accessed None trying to read property CallFunc_Array_Get_Item2". Blueprint:  TwinStickGameMode Function:  Execute Ubergraph Twin Stick Game Mode Graph:  EventGraph Node:  Set NextSpawnLocation
[2018.11.15-02.37.10:507][800]LogScript: Warning: Accessed None
	TwinStickGameMode_C /Game/UEDPIE_0_ArenaMap.ArenaMap:PersistentLevel.TwinStickGameMode_C_0
	Function /Game/Blueprints/TwinStickGameMode.TwinStickGameMode_C:ExecuteUbergraph_TwinStickGameMode:0CC2
[2018.11.15-02.37.10:507][800]PIE: Error: Blueprint Runtime Error: "Accessed None". Blueprint:  TwinStickGameMode Function:  Execute Ubergraph Twin Stick Game Mode Graph:  EventGraph Node:  Set NextSpawnLocation
[2018.11.15-02.37.10:514][800]LogScript: Warning: Script Msg: Attempted to access index 11 from array 'RoomArray' of length 11 in '/Game/Blueprints/TwinStickGameMode.TwinStickGameMode_C'!
[2018.11.15-02.37.10:514][800]LogScript: Warning: Accessed None trying to read property CallFunc_Array_Get_Item2
	TwinStickGameMode_C /Game/UEDPIE_0_ArenaMap.ArenaMap:PersistentLevel.TwinStickGameMode_C_0
	Function /Game/Blueprints/TwinStickGameMode.TwinStickGameMode_C:ExecuteUbergraph_TwinStickGameMode:0A17
[2018.11.15-02.37.10:514][800]PIE: Error: Blueprint Runtime Error: "Accessed None trying to read property CallFunc_Array_Get_Item2". Blueprint:  TwinStickGameMode Function:  Execute Ubergraph Twin Stick Game Mode Graph:  EventGraph Node:  Set NextSpawnLocation
[2018.11.15-02.37.10:514][800]LogScript: Warning: Accessed None
	TwinStickGameMode_C /Game/UEDPIE_0_ArenaMap.ArenaMap:PersistentLevel.TwinStickGameMode_C_0
	Function /Game/Blueprints/TwinStickGameMode.TwinStickGameMode_C:ExecuteUbergraph_TwinStickGameMode:0A2C
[2018.11.15-02.37.10:514][800]PIE: Error: Blueprint Runtime Error: "Accessed None". Blueprint:  TwinStickGameMode Function:  Execute Ubergraph Twin Stick Game Mode Graph:  EventGraph Node:  Set NextSpawnLocation
[2018.11.15-02.37.10:514][800]LogScript: Warning: Script Msg: Attempted to access index 11 from array 'RoomArray' of length 11 in '/Game/Blueprints/TwinStickGameMode.TwinStickGameMode_C'!
[2018.11.15-02.37.10:514][800]LogScript: Warning: Accessed None trying to read property CallFunc_Array_Get_Item2
	TwinStickGameMode_C /Game/UEDPIE_0_ArenaMap.ArenaMap:PersistentLevel.TwinStickGameMode_C_0
	Function /Game/Blueprints/TwinStickGameMode.TwinStickGameMode_C:ExecuteUbergraph_TwinStickGameMode:0781
[2018.11.15-02.37.10:514][800]PIE: Error: Blueprint Runtime Error: "Accessed None trying to read property CallFunc_Array_Get_Item2". Blueprint:  TwinStickGameMode Function:  Execute Ubergraph Twin Stick Game Mode Graph:  EventGraph Node:  Set NextSpawnLocation
[2018.11.15-02.37.10:514][800]LogScript: Warning: Accessed None
	TwinStickGameMode_C /Game/UEDPIE_0_ArenaMap.ArenaMap:PersistentLevel.TwinStickGameMode_C_0
	Function /Game/Blueprints/TwinStickGameMode.TwinStickGameMode_C:ExecuteUbergraph_TwinStickGameMode:0796
[2018.11.15-02.37.10:514][800]PIE: Error: Blueprint Runtime Error: "Accessed None". Blueprint:  TwinStickGameMode Function:  Execute Ubergraph Twin Stick Game Mode Graph:  EventGraph Node:  Set NextSpawnLocation
[2018.11.15-02.37.10:533][800]LogScript: Warning: Script Msg: Attempted to access index 0 from array 'CallFunc_GetAllActorsOfClass_OutActors' of length 0 in '/Game/Blueprints/TwinStickGameMode.TwinStickGameMode_C:ExecuteUbergraph_TwinStickGameMode'!
[2018.11.15-02.37.10:533][800]LogBlueprintUserMessages: Warning: SetTimer passed a bad function (SpawnEnemy) or object (None)
[2018.11.15-02.37.10:534][800]PIE: Play in editor start time for /Game/UEDPIE_0_ArenaMap -0.61
[2018.11.15-02.37.22:773][126]LogSlate: FSceneViewport::OnFocusLost() reason 0
[2018.11.15-02.37.22:842][133]LogSlate: Updating window title bar state: overlay mode, drag disabled, window buttons hidden, title bar hidden
[2018.11.15-02.37.22:881][133]LogPlayLevel: Display: Shutting down PIE online subsystems
[2018.11.15-02.37.22:903][133]LogSlate: Updating window title bar state: overlay mode, drag disabled, window buttons hidden, title bar hidden
[2018.11.15-02.37.22:947][137]LogPlayLevel: Display: Destroying online subsystem :Context_11
[2018.11.15-02.37.25:328][379]LogAssetEditorManager: Opening Asset editor for Blueprint /Game/Blueprints/TwinStickGameMode.TwinStickGameMode
[2018.11.15-02.37.25:702][379]LogContentBrowser: Native class hierarchy updated for 'BlueprintGraph' in 0.0007 seconds. Added 116 classes and 0 folders.
[2018.11.15-02.37.26:396][379]LogSlate: Took 0.000185 seconds to synchronously load lazily loaded font '../../../Engine/Content/Slate/Fonts/Roboto-BoldCondensed.ttf' (158K)
[2018.11.15-02.37.26:641][380]LogSlate: Took 0.000259 seconds to synchronously load lazily loaded font '../../../Engine/Content/Slate/Fonts/Roboto-Italic.ttf' (157K)
[2018.11.15-02.38.14:596][748]BlueprintLog: New page: Compile TwinStickGameMode
[2018.11.15-02.38.16:954][960]LogSavePackage: Moving '../../../../../../Users/Nate/Documents/GitHub/nsshipma_FinalProject/TwinStickShooter/Saved/TwinStickGameModeE62B1C904F476E3E52EDA3BC561C30C4.tmp' to '../../../../../../Users/Nate/Documents/GitHub/nsshipma_FinalProject/TwinStickShooter/Content/Blueprints/TwinStickGameMode.uasset'
[2018.11.15-02.38.18:176][102]LogTemp: Repeating last play command: Selected Viewport
[2018.11.15-02.38.18:198][102]LogPlayLevel: PlayLevel: No blueprints needed recompiling
[2018.11.15-02.38.18:199][102]PIE: New page: PIE session: ArenaMap (Nov 14, 2018, 4:38:18 PM)
[2018.11.15-02.38.18:199][102]LogPlayLevel: Creating play world package: /Game/UEDPIE_0_ArenaMap
[2018.11.15-02.38.18:201][102]LogPlayLevel: PIE: StaticDuplicateObject took: (0.002168s)
[2018.11.15-02.38.18:201][102]LogAIModule: Creating AISystem for world ArenaMap
[2018.11.15-02.38.18:201][102]LogPlayLevel: PIE: World Init took: (0.000638s)
[2018.11.15-02.38.18:202][102]LogPlayLevel: PIE: Created PIE world by copying editor world from /Game/ArenaMap.ArenaMap to /Game/UEDPIE_0_ArenaMap.ArenaMap (0.002917s)
[2018.11.15-02.38.18:232][102]LogInit: XAudio2 using 'Speakers (Realtek High Definition Audio)' : 2 channels at 48 kHz using 32 bits per sample (channel mask 0x3)
[2018.11.15-02.38.18:248][102]LogInit: FAudioDevice initialized.
[2018.11.15-02.38.18:282][102]LogLoad: Game class is 'TwinStickGameMode_C'
[2018.11.15-02.38.18:284][102]LogWorld: Bringing World /Game/UEDPIE_0_ArenaMap.ArenaMap up for play (max tick rate 0) at 2018.11.14-21.38.18
[2018.11.15-02.38.18:284][102]LogWorld: Bringing up level for play took: 0.001368
[2018.11.15-02.38.18:300][102]LogScript: Warning: Script Msg: Attempted to access index 2 from array 'RoomArray' of length 2 in '/Game/Blueprints/TwinStickGameMode.TwinStickGameMode_C'!
[2018.11.15-02.38.18:300][102]LogScript: Warning: Accessed None trying to read property CallFunc_Array_Get_Item2
	TwinStickGameMode_C /Game/UEDPIE_0_ArenaMap.ArenaMap:PersistentLevel.TwinStickGameMode_C_0
	Function /Game/Blueprints/TwinStickGameMode.TwinStickGameMode_C:ExecuteUbergraph_TwinStickGameMode:0A17
[2018.11.15-02.38.18:300][102]PIE: Error: Blueprint Runtime Error: "Accessed None trying to read property CallFunc_Array_Get_Item2". Blueprint:  TwinStickGameMode Function:  Execute Ubergraph Twin Stick Game Mode Graph:  EventGraph Node:  Set NextSpawnLocation
[2018.11.15-02.38.18:300][102]LogScript: Warning: Accessed None
	TwinStickGameMode_C /Game/UEDPIE_0_ArenaMap.ArenaMap:PersistentLevel.TwinStickGameMode_C_0
	Function /Game/Blueprints/TwinStickGameMode.TwinStickGameMode_C:ExecuteUbergraph_TwinStickGameMode:0A2C
[2018.11.15-02.38.18:300][102]PIE: Error: Blueprint Runtime Error: "Accessed None". Blueprint:  TwinStickGameMode Function:  Execute Ubergraph Twin Stick Game Mode Graph:  EventGraph Node:  Set NextSpawnLocation
[2018.11.15-02.38.18:300][102]LogScript: Warning: Script Msg: Attempted to access index 2 from array 'RoomArray' of length 2 in '/Game/Blueprints/TwinStickGameMode.TwinStickGameMode_C'!
[2018.11.15-02.38.18:300][102]LogScript: Warning: Accessed None trying to read property CallFunc_Array_Get_Item2
	TwinStickGameMode_C /Game/UEDPIE_0_ArenaMap.ArenaMap:PersistentLevel.TwinStickGameMode_C_0
	Function /Game/Blueprints/TwinStickGameMode.TwinStickGameMode_C:ExecuteUbergraph_TwinStickGameMode:0A17
[2018.11.15-02.38.18:300][102]PIE: Error: Blueprint Runtime Error: "Accessed None trying to read property CallFunc_Array_Get_Item2". Blueprint:  TwinStickGameMode Function:  Execute Ubergraph Twin Stick Game Mode Graph:  EventGraph Node:  Set NextSpawnLocation
[2018.11.15-02.38.18:300][102]LogScript: Warning: Accessed None
	TwinStickGameMode_C /Game/UEDPIE_0_ArenaMap.ArenaMap:PersistentLevel.TwinStickGameMode_C_0
	Function /Game/Blueprints/TwinStickGameMode.TwinStickGameMode_C:ExecuteUbergraph_TwinStickGameMode:0A2C
[2018.11.15-02.38.18:300][102]PIE: Error: Blueprint Runtime Error: "Accessed None". Blueprint:  TwinStickGameMode Function:  Execute Ubergraph Twin Stick Game Mode Graph:  EventGraph Node:  Set NextSpawnLocation
[2018.11.15-02.38.18:300][102]LogScript: Warning: Script Msg: Attempted to access index 2 from array 'RoomArray' of length 2 in '/Game/Blueprints/TwinStickGameMode.TwinStickGameMode_C'!
[2018.11.15-02.38.18:300][102]LogScript: Warning: Accessed None trying to read property CallFunc_Array_Get_Item2
	TwinStickGameMode_C /Game/UEDPIE_0_ArenaMap.ArenaMap:PersistentLevel.TwinStickGameMode_C_0
	Function /Game/Blueprints/TwinStickGameMode.TwinStickGameMode_C:ExecuteUbergraph_TwinStickGameMode:0677
[2018.11.15-02.38.18:300][102]PIE: Error: Blueprint Runtime Error: "Accessed None trying to read property CallFunc_Array_Get_Item2". Blueprint:  TwinStickGameMode Function:  Execute Ubergraph Twin Stick Game Mode Graph:  EventGraph Node:  Set NextSpawnLocation
[2018.11.15-02.38.18:300][102]PIE: Error: Blueprint Runtime Error: "Accessed None". Blueprint:  TwinStickGameMode Function:  Execute Ubergraph Twin Stick Game Mode Graph:  EventGraph Node:  Set NextSpawnLocation
[2018.11.15-02.38.18:302][102]LogScript: Warning: Script Msg: Attempted to access index 3 from array 'RoomArray' of length 3 in '/Game/Blueprints/TwinStickGameMode.TwinStickGameMode_C'!
[2018.11.15-02.38.18:303][102]PIE: Error: Blueprint Runtime Error: "Accessed None trying to read property CallFunc_Array_Get_Item2". Blueprint:  TwinStickGameMode Function:  Execute Ubergraph Twin Stick Game Mode Graph:  EventGraph Node:  Set NextSpawnLocation
[2018.11.15-02.38.18:303][102]PIE: Error: Blueprint Runtime Error: "Accessed None". Blueprint:  TwinStickGameMode Function:  Execute Ubergraph Twin Stick Game Mode Graph:  EventGraph Node:  Set NextSpawnLocation
[2018.11.15-02.38.18:303][102]LogScript: Warning: Script Msg: Attempted to access index 3 from array 'RoomArray' of length 3 in '/Game/Blueprints/TwinStickGameMode.TwinStickGameMode_C'!
[2018.11.15-02.38.18:303][102]PIE: Error: Blueprint Runtime Error: "Accessed None trying to read property CallFunc_Array_Get_Item2". Blueprint:  TwinStickGameMode Function:  Execute Ubergraph Twin Stick Game Mode Graph:  EventGraph Node:  Set NextSpawnLocation
[2018.11.15-02.38.18:303][102]PIE: Error: Blueprint Runtime Error: "Accessed None". Blueprint:  TwinStickGameMode Function:  Execute Ubergraph Twin Stick Game Mode Graph:  EventGraph Node:  Set NextSpawnLocation
[2018.11.15-02.38.18:306][102]LogScript: Warning: Script Msg: Attempted to access index 5 from array 'RoomArray' of length 5 in '/Game/Blueprints/TwinStickGameMode.TwinStickGameMode_C'!
[2018.11.15-02.38.18:306][102]PIE: Error: Blueprint Runtime Error: "Accessed None trying to read property CallFunc_Array_Get_Item2". Blueprint:  TwinStickGameMode Function:  Execute Ubergraph Twin Stick Game Mode Graph:  EventGraph Node:  Set NextSpawnLocation
[2018.11.15-02.38.18:306][102]PIE: Error: Blueprint Runtime Error: "Accessed None". Blueprint:  TwinStickGameMode Function:  Execute Ubergraph Twin Stick Game Mode Graph:  EventGraph Node:  Set NextSpawnLocation
[2018.11.15-02.38.18:310][102]LogScript: Warning: Script Msg: Attempted to access index 7 from array 'RoomArray' of length 7 in '/Game/Blueprints/TwinStickGameMode.TwinStickGameMode_C'!
[2018.11.15-02.38.18:310][102]PIE: Error: Blueprint Runtime Error: "Accessed None trying to read property CallFunc_Array_Get_Item2". Blueprint:  TwinStickGameMode Function:  Execute Ubergraph Twin Stick Game Mode Graph:  EventGraph Node:  Set NextSpawnLocation
[2018.11.15-02.38.18:310][102]PIE: Error: Blueprint Runtime Error: "Accessed None". Blueprint:  TwinStickGameMode Function:  Execute Ubergraph Twin Stick Game Mode Graph:  EventGraph Node:  Set NextSpawnLocation
[2018.11.15-02.38.18:310][102]LogScript: Warning: Script Msg: Attempted to access index 7 from array 'RoomArray' of length 7 in '/Game/Blueprints/TwinStickGameMode.TwinStickGameMode_C'!
[2018.11.15-02.38.18:310][102]PIE: Error: Blueprint Runtime Error: "Accessed None trying to read property CallFunc_Array_Get_Item2". Blueprint:  TwinStickGameMode Function:  Execute Ubergraph Twin Stick Game Mode Graph:  EventGraph Node:  Set NextSpawnLocation
[2018.11.15-02.38.18:310][102]PIE: Error: Blueprint Runtime Error: "Accessed None". Blueprint:  TwinStickGameMode Function:  Execute Ubergraph Twin Stick Game Mode Graph:  EventGraph Node:  Set NextSpawnLocation
[2018.11.15-02.38.18:318][102]LogScript: Warning: Script Msg: Attempted to access index 9 from array 'RoomArray' of length 9 in '/Game/Blueprints/TwinStickGameMode.TwinStickGameMode_C'!
[2018.11.15-02.38.18:318][102]PIE: Error: Blueprint Runtime Error: "Accessed None trying to read property CallFunc_Array_Get_Item2". Blueprint:  TwinStickGameMode Function:  Execute Ubergraph Twin Stick Game Mode Graph:  EventGraph Node:  Set NextSpawnLocation
[2018.11.15-02.38.18:318][102]PIE: Error: Blueprint Runtime Error: "Accessed None". Blueprint:  TwinStickGameMode Function:  Execute Ubergraph Twin Stick Game Mode Graph:  EventGraph Node:  Set NextSpawnLocation
[2018.11.15-02.38.18:318][102]LogScript: Warning: Script Msg: Attempted to access index 9 from array 'RoomArray' of length 9 in '/Game/Blueprints/TwinStickGameMode.TwinStickGameMode_C'!
[2018.11.15-02.38.18:319][102]PIE: Error: Blueprint Runtime Error: "Accessed None trying to read property CallFunc_Array_Get_Item2". Blueprint:  TwinStickGameMode Function:  Execute Ubergraph Twin Stick Game Mode Graph:  EventGraph Node:  Set NextSpawnLocation
[2018.11.15-02.38.18:319][102]PIE: Error: Blueprint Runtime Error: "Accessed None". Blueprint:  TwinStickGameMode Function:  Execute Ubergraph Twin Stick Game Mode Graph:  EventGraph Node:  Set NextSpawnLocation
[2018.11.15-02.38.18:335][102]LogScript: Warning: Script Msg: Attempted to access index 12 from array 'RoomArray' of length 12 in '/Game/Blueprints/TwinStickGameMode.TwinStickGameMode_C'!
[2018.11.15-02.38.18:335][102]PIE: Error: Blueprint Runtime Error: "Accessed None trying to read property CallFunc_Array_Get_Item2". Blueprint:  TwinStickGameMode Function:  Execute Ubergraph Twin Stick Game Mode Graph:  EventGraph Node:  Set NextSpawnLocation
[2018.11.15-02.38.18:335][102]PIE: Error: Blueprint Runtime Error: "Accessed None". Blueprint:  TwinStickGameMode Function:  Execute Ubergraph Twin Stick Game Mode Graph:  EventGraph Node:  Set NextSpawnLocation
[2018.11.15-02.38.18:348][102]LogScript: Warning: Script Msg: Attempted to access index 16 from array 'RoomArray' of length 16 in '/Game/Blueprints/TwinStickGameMode.TwinStickGameMode_C'!
[2018.11.15-02.38.18:348][102]PIE: Error: Blueprint Runtime Error: "Accessed None trying to read property CallFunc_Array_Get_Item2". Blueprint:  TwinStickGameMode Function:  Execute Ubergraph Twin Stick Game Mode Graph:  EventGraph Node:  Set NextSpawnLocation
[2018.11.15-02.38.18:349][102]PIE: Error: Blueprint Runtime Error: "Accessed None". Blueprint:  TwinStickGameMode Function:  Execute Ubergraph Twin Stick Game Mode Graph:  EventGraph Node:  Set NextSpawnLocation
[2018.11.15-02.38.18:354][102]LogScript: Warning: Script Msg: Attempted to access index 18 from array 'RoomArray' of length 18 in '/Game/Blueprints/TwinStickGameMode.TwinStickGameMode_C'!
[2018.11.15-02.38.18:354][102]PIE: Error: Blueprint Runtime Error: "Accessed None trying to read property CallFunc_Array_Get_Item2". Blueprint:  TwinStickGameMode Function:  Execute Ubergraph Twin Stick Game Mode Graph:  EventGraph Node:  Set NextSpawnLocation
[2018.11.15-02.38.18:354][102]PIE: Error: Blueprint Runtime Error: "Accessed None". Blueprint:  TwinStickGameMode Function:  Execute Ubergraph Twin Stick Game Mode Graph:  EventGraph Node:  Set NextSpawnLocation
[2018.11.15-02.38.18:359][102]LogScript: Warning: Script Msg: Attempted to access index 20 from array 'RoomArray' of length 20 in '/Game/Blueprints/TwinStickGameMode.TwinStickGameMode_C'!
[2018.11.15-02.38.18:359][102]PIE: Error: Blueprint Runtime Error: "Accessed None trying to read property CallFunc_Array_Get_Item2". Blueprint:  TwinStickGameMode Function:  Execute Ubergraph Twin Stick Game Mode Graph:  EventGraph Node:  Set NextSpawnLocation
[2018.11.15-02.38.18:359][102]PIE: Error: Blueprint Runtime Error: "Accessed None". Blueprint:  TwinStickGameMode Function:  Execute Ubergraph Twin Stick Game Mode Graph:  EventGraph Node:  Set NextSpawnLocation
[2018.11.15-02.38.18:361][102]LogScript: Warning: Script Msg: Attempted to access index 0 from array 'CallFunc_GetAllActorsOfClass_OutActors' of length 0 in '/Game/Blueprints/TwinStickGameMode.TwinStickGameMode_C:ExecuteUbergraph_TwinStickGameMode'!
[2018.11.15-02.38.18:361][102]LogBlueprintUserMessages: Warning: SetTimer passed a bad function (SpawnEnemy) or object (None)
[2018.11.15-02.38.18:362][102]PIE: Play in editor start time for /Game/UEDPIE_0_ArenaMap -0.781
[2018.11.15-02.38.21:797][482]LogSlate: Updating window title bar state: overlay mode, drag disabled, window buttons hidden, title bar hidden
[2018.11.15-02.38.21:833][482]LogPlayLevel: Display: Shutting down PIE online subsystems
[2018.11.15-02.38.21:861][482]LogSlate: Updating window title bar state: overlay mode, drag disabled, window buttons hidden, title bar hidden
[2018.11.15-02.38.21:898][484]LogPlayLevel: Display: Destroying online subsystem :Context_13
[2018.11.15-02.38.22:695][564]LogSlate: FSceneViewport::OnFocusLost() reason 0
[2018.11.15-02.38.42:508][851]BlueprintLog: New page: Compile TwinStickGameMode
[2018.11.15-02.39.26:767][ 14]LogSlate: Took 0.000228 seconds to synchronously load lazily loaded font '../../../Engine/Content/Slate/Fonts/Roboto-BoldCondensedItalic.ttf' (160K)
[2018.11.15-02.39.45:736][241]BlueprintLog: New page: Compile TwinStickGameMode
[2018.11.15-02.40.24:501][705]BlueprintLog: New page: Compile TwinStickGameMode
[2018.11.15-02.40.26:146][866]LogTemp: Repeating last play command: Selected Viewport
[2018.11.15-02.40.26:170][866]LogPlayLevel: PlayLevel: No blueprints needed recompiling
[2018.11.15-02.40.26:170][866]PIE: New page: PIE session: ArenaMap (Nov 14, 2018, 4:40:26 PM)
[2018.11.15-02.40.26:170][866]LogPlayLevel: Creating play world package: /Game/UEDPIE_0_ArenaMap
[2018.11.15-02.40.26:172][866]LogPlayLevel: PIE: StaticDuplicateObject took: (0.002185s)
[2018.11.15-02.40.26:173][866]LogAIModule: Creating AISystem for world ArenaMap
[2018.11.15-02.40.26:173][866]LogPlayLevel: PIE: World Init took: (0.000645s)
[2018.11.15-02.40.26:173][866]LogPlayLevel: PIE: Created PIE world by copying editor world from /Game/ArenaMap.ArenaMap to /Game/UEDPIE_0_ArenaMap.ArenaMap (0.002920s)
[2018.11.15-02.40.26:205][866]LogInit: XAudio2 using 'Speakers (Realtek High Definition Audio)' : 2 channels at 48 kHz using 32 bits per sample (channel mask 0x3)
[2018.11.15-02.40.26:219][866]LogInit: FAudioDevice initialized.
[2018.11.15-02.40.26:250][866]LogLoad: Game class is 'TwinStickGameMode_C'
[2018.11.15-02.40.26:252][866]LogWorld: Bringing World /Game/UEDPIE_0_ArenaMap.ArenaMap up for play (max tick rate 0) at 2018.11.14-21.40.26
[2018.11.15-02.40.26:253][866]LogWorld: Bringing up level for play took: 0.001582
[2018.11.15-02.40.26:275][866]LogScript: Warning: Script Msg: Attempted to access index 2 from array 'RoomArray' of length 2 in '/Game/Blueprints/TwinStickGameMode.TwinStickGameMode_C'!
[2018.11.15-02.40.26:275][866]PIE: Error: Blueprint Runtime Error: "Accessed None trying to read property CallFunc_Array_Get_Item2". Blueprint:  TwinStickGameMode Function:  Execute Ubergraph Twin Stick Game Mode Graph:  EventGraph Node:  Set NextSpawnLocation
[2018.11.15-02.40.26:275][866]PIE: Error: Blueprint Runtime Error: "Accessed None". Blueprint:  TwinStickGameMode Function:  Execute Ubergraph Twin Stick Game Mode Graph:  EventGraph Node:  Set NextSpawnLocation
[2018.11.15-02.40.26:276][866]LogScript: Warning: Script Msg: Attempted to access index 2 from array 'RoomArray' of length 2 in '/Game/Blueprints/TwinStickGameMode.TwinStickGameMode_C'!
[2018.11.15-02.40.26:276][866]PIE: Error: Blueprint Runtime Error: "Accessed None trying to read property CallFunc_Array_Get_Item2". Blueprint:  TwinStickGameMode Function:  Execute Ubergraph Twin Stick Game Mode Graph:  EventGraph Node:  Set NextSpawnLocation
[2018.11.15-02.40.26:276][866]PIE: Error: Blueprint Runtime Error: "Accessed None". Blueprint:  TwinStickGameMode Function:  Execute Ubergraph Twin Stick Game Mode Graph:  EventGraph Node:  Set NextSpawnLocation
[2018.11.15-02.40.26:276][866]LogScript: Warning: Script Msg: Attempted to access index 2 from array 'RoomArray' of length 2 in '/Game/Blueprints/TwinStickGameMode.TwinStickGameMode_C'!
[2018.11.15-02.40.26:276][866]PIE: Error: Blueprint Runtime Error: "Accessed None trying to read property CallFunc_Array_Get_Item2". Blueprint:  TwinStickGameMode Function:  Execute Ubergraph Twin Stick Game Mode Graph:  EventGraph Node:  Set NextSpawnLocation
[2018.11.15-02.40.26:276][866]PIE: Error: Blueprint Runtime Error: "Accessed None". Blueprint:  TwinStickGameMode Function:  Execute Ubergraph Twin Stick Game Mode Graph:  EventGraph Node:  Set NextSpawnLocation
[2018.11.15-02.40.26:280][866]LogScript: Warning: Script Msg: Attempted to access index 3 from array 'RoomArray' of length 3 in '/Game/Blueprints/TwinStickGameMode.TwinStickGameMode_C'!
[2018.11.15-02.40.26:281][866]PIE: Error: Blueprint Runtime Error: "Accessed None trying to read property CallFunc_Array_Get_Item2". Blueprint:  TwinStickGameMode Function:  Execute Ubergraph Twin Stick Game Mode Graph:  EventGraph Node:  Set NextSpawnLocation
[2018.11.15-02.40.26:281][866]PIE: Error: Blueprint Runtime Error: "Accessed None". Blueprint:  TwinStickGameMode Function:  Execute Ubergraph Twin Stick Game Mode Graph:  EventGraph Node:  Set NextSpawnLocation
[2018.11.15-02.40.26:281][866]LogScript: Warning: Script Msg: Attempted to access index 3 from array 'RoomArray' of length 3 in '/Game/Blueprints/TwinStickGameMode.TwinStickGameMode_C'!
[2018.11.15-02.40.26:281][866]PIE: Error: Blueprint Runtime Error: "Accessed None trying to read property CallFunc_Array_Get_Item2". Blueprint:  TwinStickGameMode Function:  Execute Ubergraph Twin Stick Game Mode Graph:  EventGraph Node:  Set NextSpawnLocation
[2018.11.15-02.40.26:281][866]PIE: Error: Blueprint Runtime Error: "Accessed None". Blueprint:  TwinStickGameMode Function:  Execute Ubergraph Twin Stick Game Mode Graph:  EventGraph Node:  Set NextSpawnLocation
[2018.11.15-02.40.26:281][866]LogScript: Warning: Script Msg: Attempted to access index 3 from array 'RoomArray' of length 3 in '/Game/Blueprints/TwinStickGameMode.TwinStickGameMode_C'!
[2018.11.15-02.40.26:281][866]PIE: Error: Blueprint Runtime Error: "Accessed None trying to read property CallFunc_Array_Get_Item2". Blueprint:  TwinStickGameMode Function:  Execute Ubergraph Twin Stick Game Mode Graph:  EventGraph Node:  Set NextSpawnLocation
[2018.11.15-02.40.26:282][866]PIE: Error: Blueprint Runtime Error: "Accessed None". Blueprint:  TwinStickGameMode Function:  Execute Ubergraph Twin Stick Game Mode Graph:  EventGraph Node:  Set NextSpawnLocation
[2018.11.15-02.40.26:287][866]LogScript: Warning: Script Msg: Attempted to access index 4 from array 'RoomArray' of length 4 in '/Game/Blueprints/TwinStickGameMode.TwinStickGameMode_C'!
[2018.11.15-02.40.26:287][866]PIE: Error: Blueprint Runtime Error: "Accessed None trying to read property CallFunc_Array_Get_Item2". Blueprint:  TwinStickGameMode Function:  Execute Ubergraph Twin Stick Game Mode Graph:  EventGraph Node:  Set NextSpawnLocation
[2018.11.15-02.40.26:287][866]PIE: Error: Blueprint Runtime Error: "Accessed None". Blueprint:  TwinStickGameMode Function:  Execute Ubergraph Twin Stick Game Mode Graph:  EventGraph Node:  Set NextSpawnLocation
[2018.11.15-02.40.26:300][866]LogScript: Warning: Script Msg: Attempted to access index 9 from array 'RoomArray' of length 9 in '/Game/Blueprints/TwinStickGameMode.TwinStickGameMode_C'!
[2018.11.15-02.40.26:300][866]PIE: Error: Blueprint Runtime Error: "Accessed None trying to read property CallFunc_Array_Get_Item2". Blueprint:  TwinStickGameMode Function:  Execute Ubergraph Twin Stick Game Mode Graph:  EventGraph Node:  Set NextSpawnLocation
[2018.11.15-02.40.26:300][866]PIE: Error: Blueprint Runtime Error: "Accessed None". Blueprint:  TwinStickGameMode Function:  Execute Ubergraph Twin Stick Game Mode Graph:  EventGraph Node:  Set NextSpawnLocation
[2018.11.15-02.40.26:302][866]LogScript: Warning: Script Msg: Attempted to access index 10 from array 'RoomArray' of length 10 in '/Game/Blueprints/TwinStickGameMode.TwinStickGameMode_C'!
[2018.11.15-02.40.26:302][866]PIE: Error: Blueprint Runtime Error: "Accessed None trying to read property CallFunc_Array_Get_Item2". Blueprint:  TwinStickGameMode Function:  Execute Ubergraph Twin Stick Game Mode Graph:  EventGraph Node:  Set NextSpawnLocation
[2018.11.15-02.40.26:302][866]PIE: Error: Blueprint Runtime Error: "Accessed None". Blueprint:  TwinStickGameMode Function:  Execute Ubergraph Twin Stick Game Mode Graph:  EventGraph Node:  Set NextSpawnLocation
[2018.11.15-02.40.26:316][866]LogScript: Warning: Script Msg: Attempted to access index 17 from array 'RoomArray' of length 17 in '/Game/Blueprints/TwinStickGameMode.TwinStickGameMode_C'!
[2018.11.15-02.40.26:316][866]PIE: Error: Blueprint Runtime Error: "Accessed None trying to read property CallFunc_Array_Get_Item2". Blueprint:  TwinStickGameMode Function:  Execute Ubergraph Twin Stick Game Mode Graph:  EventGraph Node:  Set NextSpawnLocation
[2018.11.15-02.40.26:316][866]PIE: Error: Blueprint Runtime Error: "Accessed None". Blueprint:  TwinStickGameMode Function:  Execute Ubergraph Twin Stick Game Mode Graph:  EventGraph Node:  Set NextSpawnLocation
[2018.11.15-02.40.26:318][866]LogScript: Warning: Script Msg: Attempted to access index 18 from array 'RoomArray' of length 18 in '/Game/Blueprints/TwinStickGameMode.TwinStickGameMode_C'!
[2018.11.15-02.40.26:318][866]PIE: Error: Blueprint Runtime Error: "Accessed None trying to read property CallFunc_Array_Get_Item2". Blueprint:  TwinStickGameMode Function:  Execute Ubergraph Twin Stick Game Mode Graph:  EventGraph Node:  Set NextSpawnLocation
[2018.11.15-02.40.26:318][866]PIE: Error: Blueprint Runtime Error: "Accessed None". Blueprint:  TwinStickGameMode Function:  Execute Ubergraph Twin Stick Game Mode Graph:  EventGraph Node:  Set NextSpawnLocation
[2018.11.15-02.40.26:324][866]LogScript: Warning: Script Msg: Attempted to access index 0 from array 'CallFunc_GetAllActorsOfClass_OutActors' of length 0 in '/Game/Blueprints/TwinStickGameMode.TwinStickGameMode_C:ExecuteUbergraph_TwinStickGameMode'!
[2018.11.15-02.40.26:324][866]LogBlueprintUserMessages: Warning: SetTimer passed a bad function (SpawnEnemy) or object (None)
[2018.11.15-02.40.26:325][866]PIE: Play in editor start time for /Game/UEDPIE_0_ArenaMap -0.819
[2018.11.15-02.40.29:557][225]LogSlate: Updating window title bar state: overlay mode, drag disabled, window buttons hidden, title bar hidden
[2018.11.15-02.40.29:591][225]LogPlayLevel: Display: Shutting down PIE online subsystems
[2018.11.15-02.40.29:618][225]LogSlate: Updating window title bar state: overlay mode, drag disabled, window buttons hidden, title bar hidden
[2018.11.15-02.40.29:658][227]LogPlayLevel: Display: Destroying online subsystem :Context_14
[2018.11.15-02.40.30:299][292]LogSlate: FSceneViewport::OnFocusLost() reason 0
[2018.11.15-02.40.46:321][108]LogEditorTransaction: Undo Delete current selection
[2018.11.15-02.40.59:217][561]BlueprintLog: New page: Compile TwinStickGameMode
[2018.11.15-02.41.00:574][685]LogTemp: Repeating last play command: Selected Viewport
[2018.11.15-02.41.00:596][685]LogPlayLevel: PlayLevel: No blueprints needed recompiling
[2018.11.15-02.41.00:596][685]PIE: New page: PIE session: ArenaMap (Nov 14, 2018, 4:41:00 PM)
[2018.11.15-02.41.00:596][685]LogPlayLevel: Creating play world package: /Game/UEDPIE_0_ArenaMap
[2018.11.15-02.41.00:598][685]LogPlayLevel: PIE: StaticDuplicateObject took: (0.002032s)
[2018.11.15-02.41.00:599][685]LogAIModule: Creating AISystem for world ArenaMap
[2018.11.15-02.41.00:599][685]LogPlayLevel: PIE: World Init took: (0.000531s)
[2018.11.15-02.41.00:599][685]LogPlayLevel: PIE: Created PIE world by copying editor world from /Game/ArenaMap.ArenaMap to /Game/UEDPIE_0_ArenaMap.ArenaMap (0.002649s)
[2018.11.15-02.41.00:636][685]LogInit: XAudio2 using 'Speakers (Realtek High Definition Audio)' : 2 channels at 48 kHz using 32 bits per sample (channel mask 0x3)
[2018.11.15-02.41.00:650][685]LogInit: FAudioDevice initialized.
[2018.11.15-02.41.00:684][685]LogLoad: Game class is 'TwinStickGameMode_C'
[2018.11.15-02.41.00:686][685]LogWorld: Bringing World /Game/UEDPIE_0_ArenaMap.ArenaMap up for play (max tick rate 0) at 2018.11.14-21.41.00
[2018.11.15-02.41.00:686][685]LogWorld: Bringing up level for play took: 0.001454
[2018.11.15-02.41.00:702][685]LogScript: Warning: Script Msg: Attempted to access index 2 from array 'RoomArray' of length 2 in '/Game/Blueprints/TwinStickGameMode.TwinStickGameMode_C'!
[2018.11.15-02.41.00:702][685]PIE: Error: Blueprint Runtime Error: "Accessed None trying to read property CallFunc_Array_Get_Item2". Blueprint:  TwinStickGameMode Function:  Execute Ubergraph Twin Stick Game Mode Graph:  EventGraph Node:  Set NextSpawnLocation
[2018.11.15-02.41.00:702][685]PIE: Error: Blueprint Runtime Error: "Accessed None". Blueprint:  TwinStickGameMode Function:  Execute Ubergraph Twin Stick Game Mode Graph:  EventGraph Node:  Set NextSpawnLocation
[2018.11.15-02.41.00:704][685]LogScript: Warning: Script Msg: Attempted to access index 3 from array 'RoomArray' of length 3 in '/Game/Blueprints/TwinStickGameMode.TwinStickGameMode_C'!
[2018.11.15-02.41.00:704][685]PIE: Error: Blueprint Runtime Error: "Accessed None trying to read property CallFunc_Array_Get_Item2". Blueprint:  TwinStickGameMode Function:  Execute Ubergraph Twin Stick Game Mode Graph:  EventGraph Node:  Set NextSpawnLocation
[2018.11.15-02.41.00:704][685]PIE: Error: Blueprint Runtime Error: "Accessed None". Blueprint:  TwinStickGameMode Function:  Execute Ubergraph Twin Stick Game Mode Graph:  EventGraph Node:  Set NextSpawnLocation
[2018.11.15-02.41.00:713][685]LogScript: Warning: Script Msg: Attempted to access index 8 from array 'RoomArray' of length 8 in '/Game/Blueprints/TwinStickGameMode.TwinStickGameMode_C'!
[2018.11.15-02.41.00:713][685]PIE: Error: Blueprint Runtime Error: "Accessed None trying to read property CallFunc_Array_Get_Item2". Blueprint:  TwinStickGameMode Function:  Execute Ubergraph Twin Stick Game Mode Graph:  EventGraph Node:  Set NextSpawnLocation
[2018.11.15-02.41.00:713][685]PIE: Error: Blueprint Runtime Error: "Accessed None". Blueprint:  TwinStickGameMode Function:  Execute Ubergraph Twin Stick Game Mode Graph:  EventGraph Node:  Set NextSpawnLocation
[2018.11.15-02.41.00:713][685]LogScript: Warning: Script Msg: Attempted to access index 8 from array 'RoomArray' of length 8 in '/Game/Blueprints/TwinStickGameMode.TwinStickGameMode_C'!
[2018.11.15-02.41.00:713][685]PIE: Error: Blueprint Runtime Error: "Accessed None trying to read property CallFunc_Array_Get_Item2". Blueprint:  TwinStickGameMode Function:  Execute Ubergraph Twin Stick Game Mode Graph:  EventGraph Node:  Set NextSpawnLocation
[2018.11.15-02.41.00:713][685]PIE: Error: Blueprint Runtime Error: "Accessed None". Blueprint:  TwinStickGameMode Function:  Execute Ubergraph Twin Stick Game Mode Graph:  EventGraph Node:  Set NextSpawnLocation
[2018.11.15-02.41.00:718][685]LogScript: Warning: Script Msg: Attempted to access index 11 from array 'RoomArray' of length 11 in '/Game/Blueprints/TwinStickGameMode.TwinStickGameMode_C'!
[2018.11.15-02.41.00:718][685]PIE: Error: Blueprint Runtime Error: "Accessed None trying to read property CallFunc_Array_Get_Item2". Blueprint:  TwinStickGameMode Function:  Execute Ubergraph Twin Stick Game Mode Graph:  EventGraph Node:  Set NextSpawnLocation
[2018.11.15-02.41.00:718][685]PIE: Error: Blueprint Runtime Error: "Accessed None". Blueprint:  TwinStickGameMode Function:  Execute Ubergraph Twin Stick Game Mode Graph:  EventGraph Node:  Set NextSpawnLocation
[2018.11.15-02.41.00:718][685]LogScript: Warning: Script Msg: Attempted to access index 11 from array 'RoomArray' of length 11 in '/Game/Blueprints/TwinStickGameMode.TwinStickGameMode_C'!
[2018.11.15-02.41.00:718][685]PIE: Error: Blueprint Runtime Error: "Accessed None trying to read property CallFunc_Array_Get_Item2". Blueprint:  TwinStickGameMode Function:  Execute Ubergraph Twin Stick Game Mode Graph:  EventGraph Node:  Set NextSpawnLocation
[2018.11.15-02.41.00:719][685]PIE: Error: Blueprint Runtime Error: "Accessed None". Blueprint:  TwinStickGameMode Function:  Execute Ubergraph Twin Stick Game Mode Graph:  EventGraph Node:  Set NextSpawnLocation
[2018.11.15-02.41.00:721][685]LogScript: Warning: Script Msg: Attempted to access index 12 from array 'RoomArray' of length 12 in '/Game/Blueprints/TwinStickGameMode.TwinStickGameMode_C'!
[2018.11.15-02.41.00:721][685]PIE: Error: Blueprint Runtime Error: "Accessed None trying to read property CallFunc_Array_Get_Item2". Blueprint:  TwinStickGameMode Function:  Execute Ubergraph Twin Stick Game Mode Graph:  EventGraph Node:  Set NextSpawnLocation
[2018.11.15-02.41.00:721][685]PIE: Error: Blueprint Runtime Error: "Accessed None". Blueprint:  TwinStickGameMode Function:  Execute Ubergraph Twin Stick Game Mode Graph:  EventGraph Node:  Set NextSpawnLocation
[2018.11.15-02.41.00:723][685]LogScript: Warning: Script Msg: Attempted to access index 13 from array 'RoomArray' of length 13 in '/Game/Blueprints/TwinStickGameMode.TwinStickGameMode_C'!
[2018.11.15-02.41.00:723][685]PIE: Error: Blueprint Runtime Error: "Accessed None trying to read property CallFunc_Array_Get_Item2". Blueprint:  TwinStickGameMode Function:  Execute Ubergraph Twin Stick Game Mode Graph:  EventGraph Node:  Set NextSpawnLocation
[2018.11.15-02.41.00:723][685]PIE: Error: Blueprint Runtime Error: "Accessed None". Blueprint:  TwinStickGameMode Function:  Execute Ubergraph Twin Stick Game Mode Graph:  EventGraph Node:  Set NextSpawnLocation
[2018.11.15-02.41.00:728][685]LogScript: Warning: Script Msg: Attempted to access index 16 from array 'RoomArray' of length 16 in '/Game/Blueprints/TwinStickGameMode.TwinStickGameMode_C'!
[2018.11.15-02.41.00:728][685]PIE: Error: Blueprint Runtime Error: "Accessed None trying to read property CallFunc_Array_Get_Item2". Blueprint:  TwinStickGameMode Function:  Execute Ubergraph Twin Stick Game Mode Graph:  EventGraph Node:  Set NextSpawnLocation
[2018.11.15-02.41.00:728][685]PIE: Error: Blueprint Runtime Error: "Accessed None". Blueprint:  TwinStickGameMode Function:  Execute Ubergraph Twin Stick Game Mode Graph:  EventGraph Node:  Set NextSpawnLocation
[2018.11.15-02.41.00:730][685]LogScript: Warning: Script Msg: Attempted to access index 17 from array 'RoomArray' of length 17 in '/Game/Blueprints/TwinStickGameMode.TwinStickGameMode_C'!
[2018.11.15-02.41.00:730][685]PIE: Error: Blueprint Runtime Error: "Accessed None trying to read property CallFunc_Array_Get_Item2". Blueprint:  TwinStickGameMode Function:  Execute Ubergraph Twin Stick Game Mode Graph:  EventGraph Node:  Set NextSpawnLocation
[2018.11.15-02.41.00:730][685]PIE: Error: Blueprint Runtime Error: "Accessed None". Blueprint:  TwinStickGameMode Function:  Execute Ubergraph Twin Stick Game Mode Graph:  EventGraph Node:  Set NextSpawnLocation
[2018.11.15-02.41.00:738][685]LogScript: Warning: Script Msg: Attempted to access index 0 from array 'CallFunc_GetAllActorsOfClass_OutActors' of length 0 in '/Game/Blueprints/TwinStickGameMode.TwinStickGameMode_C:ExecuteUbergraph_TwinStickGameMode'!
[2018.11.15-02.41.00:738][685]LogBlueprintUserMessages: Warning: SetTimer passed a bad function (SpawnEnemy) or object (None)
[2018.11.15-02.41.00:739][685]PIE: Play in editor start time for /Game/UEDPIE_0_ArenaMap -0.405
[2018.11.15-02.41.03:848][ 19]LogSlate: Updating window title bar state: overlay mode, drag disabled, window buttons hidden, title bar hidden
[2018.11.15-02.41.03:899][ 19]LogPlayLevel: Display: Shutting down PIE online subsystems
[2018.11.15-02.41.03:926][ 19]LogSlate: Updating window title bar state: overlay mode, drag disabled, window buttons hidden, title bar hidden
[2018.11.15-02.41.03:948][ 20]LogPlayLevel: Display: Destroying online subsystem :Context_15
[2018.11.15-02.41.04:597][ 83]LogSlate: FSceneViewport::OnFocusLost() reason 0
[2018.11.15-02.41.48:361][248]Cmd: OBJ SAVEPACKAGE PACKAGE="/Game/ArenaMap" FILE="../../../../../../Users/Nate/Documents/GitHub/nsshipma_FinalProject/TwinStickShooter/Content/ArenaMap.umap" SILENT=true AUTOSAVING=false KEEPDIRTY=false
[2018.11.15-02.41.48:430][248]LogSavePackage: Moving '../../../../../../Users/Nate/Documents/GitHub/nsshipma_FinalProject/TwinStickShooter/Saved/ArenaMap689B20FE4B7541371AA0F18A59846DCF.tmp' to '../../../../../../Users/Nate/Documents/GitHub/nsshipma_FinalProject/TwinStickShooter/Content/ArenaMap.umap'
[2018.11.15-02.41.48:466][248]LogFileHelpers: Saving map 'ArenaMap' took 0.179
[2018.11.15-02.41.48:565][248]LogSavePackage: Moving '../../../../../../Users/Nate/Documents/GitHub/nsshipma_FinalProject/TwinStickShooter/Saved/TwinStickGameMode82D5FD7044D20A6366EFDF836BDF272C.tmp' to '../../../../../../Users/Nate/Documents/GitHub/nsshipma_FinalProject/TwinStickShooter/Content/Blueprints/TwinStickGameMode.uasset'
