Log file open, 01/09/19 17:01:39
LogWindows: Failed to load 'aqProf.dll' (GetLastError=126)
LogWindows: File 'aqProf.dll' does not exist
LogWindows: Failed to load 'VSPerf140.dll' (GetLastError=126)
LogWindows: File 'VSPerf140.dll' does not exist
LogWindows: Failed to load 'VtuneApi.dll' (GetLastError=126)
LogWindows: File 'VtuneApi.dll' does not exist
LogWindows: Failed to load 'VtuneApi32e.dll' (GetLastError=126)
LogWindows: File 'VtuneApi32e.dll' does not exist
LogInit: Display: Running engine for game: TwinStickShooter
LogPlatformFile: Not using cached read wrapper
LogTaskGraph: Started task graph with 5 named threads and 23 total threads with 3 sets of task threads.
LogStats: Stats thread started at 0.293664
LogD3D11RHI: Loaded GFSDK_Aftermath_Lib.x64.dll
LogICUInternationalization: Display: ICU TimeZone Detection - Raw Offset: -5:00, Platform Override: ''
LogPluginManager: Mounting plugin Paper2D
LogPluginManager: Mounting plugin AISupport
LogPluginManager: Mounting plugin LightPropagationVolume
LogPluginManager: Mounting plugin CLionSourceCodeAccess
LogPluginManager: Mounting plugin CodeLiteSourceCodeAccess
LogPluginManager: Mounting plugin GitSourceControl
LogPluginManager: Mounting plugin KDevelopSourceCodeAccess
LogPluginManager: Mounting plugin NullSourceCodeAccess
LogPluginManager: Mounting plugin PerforceSourceControl
LogPluginManager: Mounting plugin SubversionSourceControl
LogPluginManager: Mounting plugin UObjectPlugin
LogPluginManager: Mounting plugin VisualStudioCodeSourceCodeAccess
LogPluginManager: Mounting plugin VisualStudioSourceCodeAccess
LogPluginManager: Mounting plugin XCodeSourceCodeAccess
LogPluginManager: Mounting plugin AssetManagerEditor
LogPluginManager: Mounting plugin CryptoKeys
LogPluginManager: Mounting plugin DataValidation
LogPluginManager: Mounting plugin FacialAnimation
LogPluginManager: Mounting plugin GameplayTagsEditor
LogPluginManager: Mounting plugin MacGraphicsSwitching
LogPluginManager: Mounting plugin MeshEditor
LogPluginManager: Mounting plugin MobileLauncherProfileWizard
LogPluginManager: Mounting plugin PluginBrowser
LogPluginManager: Mounting plugin SpeedTreeImporter
LogPluginManager: Mounting plugin DatasmithContent
LogPluginManager: Mounting plugin AlembicImporter
LogPluginManager: Mounting plugin AppleImageUtils
LogPluginManager: Mounting plugin AppleVision
LogPluginManager: Mounting plugin BackChannel
LogPluginManager: Mounting plugin CharacterAI
LogPluginManager: Mounting plugin GeometryCache
LogPluginManager: Mounting plugin HTML5Networking
LogPluginManager: Mounting plugin ProxyLODPlugin
LogPluginManager: Mounting plugin MagicLeap
LogPluginManager: Mounting plugin MagicLeapEmulator
LogPluginManager: Mounting plugin MagicLeapMedia
LogPluginManager: Mounting plugin AndroidMedia
LogPluginManager: Mounting plugin AvfMedia
LogPluginManager: Mounting plugin ImgMedia
LogPluginManager: Mounting plugin LinearTimecode
LogPluginManager: Mounting plugin MediaCompositing
LogPluginManager: Mounting plugin MediaPlayerEditor
LogPluginManager: Mounting plugin WmfMedia
LogPluginManager: Mounting plugin TcpMessaging
LogPluginManager: Mounting plugin UdpMessaging
LogPluginManager: Mounting plugin ActorSequence
LogPluginManager: Mounting plugin LevelSequenceEditor
LogPluginManager: Mounting plugin MatineeToLevelSequence
LogPluginManager: Mounting plugin NetcodeUnitTest
LogPluginManager: Mounting plugin NUTUnrealEngine4
LogPluginManager: Mounting plugin OnlineSubsystemGooglePlay
LogPluginManager: Mounting plugin OnlineSubsystemIOS
LogPluginManager: Mounting plugin OnlineSubsystem
LogPluginManager: Mounting plugin OnlineSubsystemNull
LogPluginManager: Mounting plugin OnlineSubsystemUtils
LogPluginManager: Mounting plugin LauncherChunkInstaller
LogPluginManager: Mounting plugin AndroidDeviceProfileSelector
LogPluginManager: Mounting plugin AndroidMoviePlayer
LogPluginManager: Mounting plugin AndroidPermission
LogPluginManager: Mounting plugin AppleMoviePlayer
LogPluginManager: Mounting plugin ArchVisCharacter
LogPluginManager: Mounting plugin AudioCapture
LogPluginManager: Mounting plugin CableComponent
LogPluginManager: Mounting plugin CustomMeshComponent
LogPluginManager: Mounting plugin EditableMesh
LogPluginManager: Mounting plugin ExampleDeviceProfileSelector
LogPluginManager: Mounting plugin GoogleCloudMessaging
LogPluginManager: Mounting plugin ImmediatePhysics
LogPluginManager: Mounting plugin IOSDeviceProfileSelector
LogPluginManager: Mounting plugin LinuxDeviceProfileSelector
LogPluginManager: Mounting plugin LocationServicesBPLibrary
LogPluginManager: Mounting plugin MobilePatchingUtils
LogPluginManager: Mounting plugin OculusVR
LogPluginManager: Plugin shader directory ../../../Engine/Plugins/Runtime/Oculus/OculusVR/Shaders found
LogPluginManager: Mapping shader source directory ../../../Engine/Plugins/Runtime/Oculus/OculusVR/Shaders to virtual directory /Plugin/OculusVR
LogPluginManager: Mounting plugin PhysXVehicles
LogPluginManager: Mounting plugin ProceduralMeshComponent
LogPluginManager: Mounting plugin RuntimePhysXCooking
LogPluginManager: Mounting plugin SteamVR
LogPluginManager: Mounting plugin WindowsMoviePlayer
LogStreaming: Display: Took  0.155s to configure plugins.
LogInit: Using libcurl 7.55.1-DEV
LogInit:  - built for x86_64-pc-win32
LogInit:  - supports SSL with OpenSSL/1.0.2h
LogInit:  - supports HTTP deflate (compression) using libz 1.2.8
LogInit:  - other features:
LogInit:      CURL_VERSION_SSL
LogInit:      CURL_VERSION_LIBZ
LogInit:      CURL_VERSION_IPV6
LogInit:      CURL_VERSION_ASYNCHDNS
LogInit:      CURL_VERSION_LARGEFILE
LogInit:      CURL_VERSION_IDN
LogInit:  CurlRequestOptions (configurable via config and command line):
LogInit:  - bVerifyPeer = false  - Libcurl will NOT verify peer certificate
LogInit:  - bUseHttpProxy = false  - Libcurl will NOT use HTTP proxy
LogInit:  - bDontReuseConnections = false  - Libcurl will reuse connections
LogInit:  - CertBundlePath = nullptr  - Libcurl will use whatever was configured at build time.
LogInit:  - MaxHostConnections = 16  - Libcurl will limit the number of connections to a host
LogInit:  - LocalHostAddr = Default
LogInit:  - BufferSize = 65536
LogInit: WinSock: version 1.1 (2.2), MaxSocks=32767, MaxUdp=65467
LogInit: Build: ++UE4+Release-4.20-CL-4369336
LogInit: Engine Version: 4.20.3-4369336+++UE4+Release-4.20
LogInit: Compatible Engine Version: 4.20.0-4212847+++UE4+Release-4.20
LogInit: Net CL: 4212847
LogInit: OS: Windows 10 (), CPU: Intel(R) Core(TM) i7-7700HQ CPU @ 2.80GHz, GPU: NVIDIA GeForce GTX 1060
LogInit: Compiled (64-bit): Sep 17 2018 12:26:19
LogInit: Compiled with Visual C++: 19.13.26129.00
LogInit: Build Configuration: Development
LogInit: Branch Name: ++UE4+Release-4.20
LogInit: Command Line: -EpicPortal  -epicusername="isory72" -epicuserid=b1e173f751d441798c27c3c423850547 -epiclocale=en-US
LogInit: Base Directory: C:/Program Files/Epic Games/UE_4.20/Engine/Binaries/Win64/
LogInit: Installed Engine Build: 1
LogDevObjectVersion: Number of dev versions registered: 20
LogDevObjectVersion:   Dev-Blueprints (B0D832E4-1F89-4F0D-ACCF-7EB736FD4AA2): 10
LogDevObjectVersion:   Dev-Build (E1C64328-A22C-4D53-A36C-8E866417BD8C): 0
LogDevObjectVersion:   Dev-Core (375EC13C-06E4-48FB-B500-84F0262A717E): 2
LogDevObjectVersion:   Dev-Editor (E4B068ED-F494-42E9-A231-DA0B2E46BB41): 24
LogDevObjectVersion:   Dev-Framework (CFFC743F-43B0-4480-9391-14DF171D2073): 34
LogDevObjectVersion:   Dev-Mobile (B02B49B5-BB20-44E9-A304-32B752E40360): 2
LogDevObjectVersion:   Dev-Networking (A4E4105C-59A1-49B5-A7C5-40C4547EDFEE): 0
LogDevObjectVersion:   Dev-Online (39C831C9-5AE6-47DC-9A44-9C173E1C8E7C): 0
LogDevObjectVersion:   Dev-Physics (78F01B33-EBEA-4F98-B9B4-84EACCB95AA2): 0
LogDevObjectVersion:   Dev-Platform (6631380F-2D4D-43E0-8009-CF276956A95A): 0
LogDevObjectVersion:   Dev-Rendering (12F88B9F-8875-4AFC-A67C-D90C383ABD29): 26
LogDevObjectVersion:   Dev-Sequencer (7B5AE74C-D270-4C10-A958-57980B212A5A): 9
LogDevObjectVersion:   Dev-VR (D7296918-1DD6-4BDD-9DE2-64A83CC13884): 2
LogDevObjectVersion:   Dev-LoadTimes (C2A15278-BFE7-4AFE-6C17-90FF531DF755): 1
LogDevObjectVersion:   Private-Geometry (6EACA3D4-40EC-4CC1-B786-8BED09428FC5): 3
LogDevObjectVersion:   Dev-AnimPhys (29E575DD-E0A3-4627-9D10-D276232CDCEA): 17
LogDevObjectVersion:   Dev-ReflectionCapture (6B266CEC-1EC7-4B8F-A30B-E4D90942FC07): 1
LogDevObjectVersion:   Dev-Automation (0DF73D61-A23F-47EA-B727-89E90C41499A): 1
LogDevObjectVersion:   FortniteMain (601D1886-AC64-4F84-AA16-D3DE0DEAC7D6): 12
LogDevObjectVersion:   Dev-Enterprise (9DFFBCD6-494F-0158-E221-12823C92A888): 1
LogStreaming: Display: Took  0.001s to delete old logs.
LogInit: Presizing for max 8388607 objects, including 0 objects not considered by GC, pre-allocating 0 bytes for permanent pool.
LogInit: Object subsystem initialized
[2019.01.09-22.01.39:817][  0]LogInit: Selected Device Profile: [Windows]
[2019.01.09-22.01.39:817][  0]LogInit: Applying CVar settings loaded from the selected device profile: [Windows]
[2019.01.09-22.01.39:827][  0]LogHAL: Display: Platform has ~ 16 GB [17135206400 / 17179869184 / 16], which maps to Larger [LargestMinGB=32, LargerMinGB=12, DefaultMinGB=8, SmallerMinGB=6, SmallestMinGB=0)
[2019.01.09-22.01.39:827][  0]LogInit: Setting Device Profile CVar: [[r.Vulkan.UseRealUBs:1]]
[2019.01.09-22.01.39:827][  0]LogInit: Going up to parent DeviceProfile []
[2019.01.09-22.01.39:827][  0]LogInit: Computer: MSI
[2019.01.09-22.01.39:828][  0]LogInit: User: IanSory
[2019.01.09-22.01.39:828][  0]LogInit: CPU Page size=4096, Cores=4
[2019.01.09-22.01.39:828][  0]LogInit: High frequency timer resolution =2.742186 MHz
[2019.01.09-22.01.39:828][  0]LogMemory: Memory total: Physical=16.0GB (16GB approx)
[2019.01.09-22.01.39:828][  0]LogMemory: Platform Memory Stats for Windows
[2019.01.09-22.01.39:828][  0]LogMemory: Process Physical Memory: 103.77 MB used, 103.77 MB peak
[2019.01.09-22.01.39:828][  0]LogMemory: Process Virtual Memory: 93.49 MB used, 93.49 MB peak
[2019.01.09-22.01.39:828][  0]LogMemory: Physical Memory: 9712.44 MB used,  6628.97 MB free, 16341.41 MB total
[2019.01.09-22.01.39:828][  0]LogMemory: Virtual Memory: 4633.93 MB used,  6628.97 MB free, 134217728.00 MB total
[2019.01.09-22.01.39:849][  0]LogInit: Using OS detected language (en-US).
[2019.01.09-22.01.39:849][  0]LogInit: Using OS detected locale (en-US).
[2019.01.09-22.01.39:851][  0]LogTextLocalizationManager: No specific localization for 'en-US' exists, so the 'en' localization will be used.
[2019.01.09-22.01.40:220][  0]LogStreaming: Display: Took  0.371s to InitEngineTextLocalization.
[2019.01.09-22.01.40:262][  0]LogSlate: New Slate User Created.  User Index 0, Is Virtual User: 0
[2019.01.09-22.01.40:262][  0]LogSlate: Slate User Registered.  User Index 0, Is Virtual User: 0
[2019.01.09-22.01.40:550][  0]LogHMD: Failed to initialize OpenVR with code 110
[2019.01.09-22.01.40:550][  0]LogD3D11RHI: D3D11 adapters:
[2019.01.09-22.01.40:618][  0]LogD3D11RHI:    0. 'NVIDIA GeForce GTX 1060' (Feature Level 11_0)
[2019.01.09-22.01.40:618][  0]LogD3D11RHI:       6052/0/8170 MB DedicatedVideo/DedicatedSystem/SharedSystem, Outputs:1, VendorId:0x10de
[2019.01.09-22.01.40:620][  0]LogD3D11RHI:    1. 'Microsoft Basic Render Driver' (Feature Level 11_0)
[2019.01.09-22.01.40:621][  0]LogD3D11RHI:       0/0/8170 MB DedicatedVideo/DedicatedSystem/SharedSystem, Outputs:0, VendorId:0x1414
[2019.01.09-22.01.40:621][  0]LogD3D11RHI: Chosen D3D11 Adapter: 0
[2019.01.09-22.01.40:628][  0]LogD3D11RHI: Creating new Direct3DDevice
[2019.01.09-22.01.40:628][  0]LogD3D11RHI:     GPU DeviceId: 0x1c60 (for the marketing name, search the web for "GPU Device Id")
[2019.01.09-22.01.40:628][  0]LogWindows: EnumDisplayDevices:
[2019.01.09-22.01.40:628][  0]LogWindows:    0. 'NVIDIA GeForce GTX 1060' (P:1 D:1)
[2019.01.09-22.01.40:628][  0]LogWindows:    1. 'NVIDIA GeForce GTX 1060' (P:0 D:0)
[2019.01.09-22.01.40:629][  0]LogWindows:    2. 'NVIDIA GeForce GTX 1060' (P:0 D:0)
[2019.01.09-22.01.40:629][  0]LogWindows:    3. 'NVIDIA GeForce GTX 1060' (P:0 D:0)
[2019.01.09-22.01.40:629][  0]LogWindows: DebugString: FoundDriverCount:4 
[2019.01.09-22.01.40:629][  0]LogD3D11RHI:     Adapter Name: NVIDIA GeForce GTX 1060
[2019.01.09-22.01.40:629][  0]LogD3D11RHI:   Driver Version: 417.22 (internal:25.21.14.1722, unified:417.22)
[2019.01.09-22.01.40:629][  0]LogD3D11RHI:      Driver Date: 11-29-2018
[2019.01.09-22.01.40:629][  0]LogRHI: Texture pool is 4236 MB (70% of 6052 MB)
[2019.01.09-22.01.40:675][  0]LogD3D11RHI: Async texture creation enabled
[2019.01.09-22.01.40:693][  0]LogD3D11RHI: GPU Timing Frequency: 1000.000000 (Debug: 2 2)
[2019.01.09-22.01.40:737][  0]LogShaderCompilers: Guid format shader working directory is -59 characters bigger than the processId version (../../../../../../Users/Ian Sory/Desktop/smugglers design doc/nsshipma_FinalProject-master/TwinStickShooter/Intermediate/Shaders/WorkingDirectory/11152/).
[2019.01.09-22.01.40:737][  0]LogShaderCompilers: Cleaned the shader compiler working directory 'C:/Users/Ian Sory/AppData/Local/Temp/UnrealShaderWorkingDir/9E6635C24A1F698B1F2BFF8BF507A5E9/'.
[2019.01.09-22.01.41:055][  0]LogTemp: Display: Loaded TP AllDesktopTargetPlatform
[2019.01.09-22.01.41:070][  0]LogTemp: Display: Loaded TP MacClientTargetPlatform
[2019.01.09-22.01.41:085][  0]LogTemp: Display: Loaded TP MacNoEditorTargetPlatform
[2019.01.09-22.01.41:099][  0]LogTemp: Display: Loaded TP MacServerTargetPlatform
[2019.01.09-22.01.41:115][  0]LogTemp: Display: Loaded TP MacTargetPlatform
[2019.01.09-22.01.41:129][  0]LogTemp: Display: Loaded TP WindowsClientTargetPlatform
[2019.01.09-22.01.41:144][  0]LogTemp: Display: Loaded TP WindowsNoEditorTargetPlatform
[2019.01.09-22.01.41:159][  0]LogTemp: Display: Loaded TP WindowsServerTargetPlatform
[2019.01.09-22.01.41:166][  0]LogTemp: Display: Loaded TP WindowsTargetPlatform
[2019.01.09-22.01.41:249][  0]LogTemp: Display: Loaded TP AndroidTargetPlatform
[2019.01.09-22.01.41:249][  0]LogTemp: Display: Loaded TP AndroidTargetPlatform
[2019.01.09-22.01.41:249][  0]LogTemp: Display: Loaded TP AndroidTargetPlatform
[2019.01.09-22.01.41:249][  0]LogTemp: Display: Loaded TP AndroidTargetPlatform
[2019.01.09-22.01.41:249][  0]LogTemp: Display: Loaded TP AndroidTargetPlatform
[2019.01.09-22.01.41:249][  0]LogTemp: Display: Loaded TP AndroidTargetPlatform
[2019.01.09-22.01.41:249][  0]LogTemp: Display: Loaded TP AndroidTargetPlatform
[2019.01.09-22.01.41:249][  0]LogTemp: Display: Loaded TP AndroidTargetPlatform
[2019.01.09-22.01.41:249][  0]LogTemp: Display: Loaded TP AndroidTargetPlatform
[2019.01.09-22.01.41:249][  0]LogTemp: Display: Loaded TP AndroidTargetPlatform
[2019.01.09-22.01.41:249][  0]LogTemp: Display: Loaded TP AndroidTargetPlatform
[2019.01.09-22.01.41:249][  0]LogTemp: Display: Loaded TP AndroidTargetPlatform
[2019.01.09-22.01.41:249][  0]LogTemp: Display: Loaded TP AndroidTargetPlatform
[2019.01.09-22.01.41:249][  0]LogTemp: Display: Loaded TP AndroidTargetPlatform
[2019.01.09-22.01.41:249][  0]LogTemp: Display: Loaded TP AndroidTargetPlatform
[2019.01.09-22.01.41:249][  0]LogTemp: Display: Loaded TP AndroidTargetPlatform
[2019.01.09-22.01.41:249][  0]LogTemp: Display: Loaded TP AndroidTargetPlatform
[2019.01.09-22.01.41:249][  0]LogTemp: Display: Loaded TP AndroidTargetPlatform
[2019.01.09-22.01.41:251][  0]LogTemp: Display: Loaded TP HTML5TargetPlatform
[2019.01.09-22.01.41:314][  0]LogTemp: Display: Loaded TP IOSTargetPlatform
[2019.01.09-22.01.41:314][  0]LogTemp: Display: Loaded TP IOSTargetPlatform
[2019.01.09-22.01.41:339][  0]LogTemp: Display: Loaded TP TVOSTargetPlatform
[2019.01.09-22.01.41:339][  0]LogTemp: Display: Loaded TP TVOSTargetPlatform
[2019.01.09-22.01.41:352][  0]LogTemp: Display: Loaded TP LinuxClientTargetPlatform
[2019.01.09-22.01.41:365][  0]LogTemp: Display: Loaded TP LinuxNoEditorTargetPlatform
[2019.01.09-22.01.41:377][  0]LogTemp: Display: Loaded TP LinuxServerTargetPlatform
[2019.01.09-22.01.41:391][  0]LogTemp: Display: Loaded TP LinuxTargetPlatform
[2019.01.09-22.01.41:400][  0]LogTemp: Display: Loaded TP LuminTargetPlatform
[2019.01.09-22.01.41:400][  0]LogTargetPlatformManager: Display: Building Assets For Windows
[2019.01.09-22.01.41:469][  0]LogXGEController: Cannot use XGE Controller as Incredibuild is not installed on this machine.
[2019.01.09-22.01.41:469][  0]LogShaderCompilers: Cannot use XGE Shader Compiler as Incredibuild is not installed on this machine.
[2019.01.09-22.01.41:469][  0]LogShaderCompilers: Display: Using Local Shader Compiler.
[2019.01.09-22.01.42:256][  0]LogDerivedDataCache: Display: Max Cache Size: 512 MB
[2019.01.09-22.01.42:309][  0]LogDerivedDataCache: Loaded boot cache 0.05s 71MB C:/Users/Ian Sory/AppData/Local/UnrealEngine/4.20/DerivedDataCache/Boot.ddc.
[2019.01.09-22.01.42:310][  0]LogDerivedDataCache: Display: Loaded Boot cache: C:/Users/Ian Sory/AppData/Local/UnrealEngine/4.20/DerivedDataCache/Boot.ddc
[2019.01.09-22.01.42:310][  0]LogDerivedDataCache: FDerivedDataBackendGraph:  Pak pak cache file ../../../../../../Users/Ian Sory/Desktop/smugglers design doc/nsshipma_FinalProject-master/TwinStickShooter/DerivedDataCache/DDC.ddp not found, will not use a pak cache.
[2019.01.09-22.01.42:310][  0]LogDerivedDataCache: Unable to find inner node Pak for hierarchical cache Hierarchy.
[2019.01.09-22.01.42:310][  0]LogDerivedDataCache: FDerivedDataBackendGraph:  CompressedPak pak cache file ../../../../../../Users/Ian Sory/Desktop/smugglers design doc/nsshipma_FinalProject-master/TwinStickShooter/DerivedDataCache/Compressed.ddp not found, will not use a pak cache.
[2019.01.09-22.01.42:310][  0]LogDerivedDataCache: Unable to find inner node CompressedPak for hierarchical cache Hierarchy.
[2019.01.09-22.01.42:322][  0]LogDerivedDataCache: Display: Pak cache opened for reading ../../../Engine/DerivedDataCache/Compressed.ddp.
[2019.01.09-22.01.42:335][  0]LogDerivedDataCache: Using Local data cache path C:/Users/Ian Sory/AppData/Local/UnrealEngine/Common/DerivedDataCache: Writable
[2019.01.09-22.01.42:335][  0]LogDerivedDataCache: Shared data cache path not found in *engine.ini, will not use an Shared cache.
[2019.01.09-22.01.42:335][  0]LogDerivedDataCache: Unable to find inner node Shared for hierarchical cache Hierarchy.
[2019.01.09-22.01.42:353][  0]LogMaterial: Verifying Global Shaders for PCD3D_SM5
[2019.01.09-22.01.42:355][  0]LogSlate: Using FreeType 2.6.0
[2019.01.09-22.01.42:355][  0]LogSlate: SlateFontServices - WITH_FREETYPE: 1, WITH_HARFBUZZ: 1
[2019.01.09-22.01.42:444][  0]LogAssetRegistry: FAssetRegistry took 0.0266 seconds to start up
[2019.01.09-22.01.42:781][  0]LogInit: Selected Device Profile: [Windows]
[2019.01.09-22.01.42:914][  0]LogSimplygon: Simplygon DLL not present - disabling.
[2019.01.09-22.01.42:918][  0]LogMeshReduction: Using SimplygonSwarm for distributed automatic mesh merging
[2019.01.09-22.01.42:918][  0]LogMeshReduction: Using ProxyLODMeshReduction for automatic mesh merging
[2019.01.09-22.01.42:918][  0]LogMeshReduction: Using QuadricMeshReduction for automatic static mesh reduction
[2019.01.09-22.01.42:918][  0]LogMeshReduction: No automatic skeletal mesh reduction module available
[2019.01.09-22.01.42:938][  0]LogNetVersion: TwinStickShooter 1.0.0, NetCL: 4212847, EngineNetVer: 5, GameNetVer: 0 (Checksum: 1666688666)
[2019.01.09-22.01.43:586][  0]LogPackageLocalizationCache: Processed 11 localized package path(s) for 2 prioritized culture(s) in 0.131842 seconds
[2019.01.09-22.01.43:592][  0]LogUObjectArray: 38425 objects as part of root set at end of initial load.
[2019.01.09-22.01.43:592][  0]LogUObjectAllocator: 6690864 out of 0 bytes used by permanent object pool.
[2019.01.09-22.01.43:592][  0]LogUObjectArray: CloseDisregardForGC: 0/0 objects in disregard for GC pool
[2019.01.09-22.01.44:683][  0]LogTcpMessaging: Initializing TcpMessaging bridge
[2019.01.09-22.01.44:696][  0]LogUdpMessaging: Initializing bridge on interface 0.0.0.0:0 to multicast group 230.0.0.1:6666.
[2019.01.09-22.01.44:856][  0]SourceControl: Source control is disabled
[2019.01.09-22.01.44:856][  0]SourceControl: Source control is disabled
[2019.01.09-22.01.44:858][  0]SourceControl: Source control is disabled
[2019.01.09-22.01.44:859][  0]SourceControl: Source control is disabled
[2019.01.09-22.01.45:038][  0]LogAndroidPermission: UAndroidPermissionCallbackProxy::GetInstance
[2019.01.09-22.01.45:138][  0]LogOcInput: OculusInput pre-init called
[2019.01.09-22.01.45:198][  0]LogEngine: Initializing Engine...
[2019.01.09-22.01.45:199][  0]LogHMD: Failed to initialize OpenVR with code 110
[2019.01.09-22.01.45:200][  0]LogStats: UGameplayTagsManager::ConstructGameplayTagTree: ImportINI prefixes -  0.000 s
[2019.01.09-22.01.45:200][  0]LogStats: UGameplayTagsManager::ConstructGameplayTagTree: Construct from data asset -  0.000 s
[2019.01.09-22.01.45:200][  0]LogStats: UGameplayTagsManager::ConstructGameplayTagTree: ImportINI -  0.000 s
[2019.01.09-22.01.45:200][  0]LogStats: UGameplayTagsManager::ConstructGameplayTagTree: GameplayTagTreeChangedEvent.Broadcast -  0.000 s
[2019.01.09-22.01.45:508][  0]LogInit: Initializing FReadOnlyCVARCache
[2019.01.09-22.01.45:522][  0]LogAIModule: Creating AISystem for world Untitled
[2019.01.09-22.01.45:546][  0]LogInit: XAudio2 using 'Headphones (Xbox Controller)' : 2 channels at 48 kHz using 16 bits per sample (channel mask 0x3)
[2019.01.09-22.01.45:578][  0]LogInit: FAudioDevice initialized.
[2019.01.09-22.01.45:578][  0]LogNetVersion: Set ProjectVersion to 1.0.0.0. Version Checksum will be recalculated on next use.
[2019.01.09-22.01.45:658][  0]LogDerivedDataCache: Saved boot cache 0.08s 71MB C:/Users/Ian Sory/AppData/Local/UnrealEngine/4.20/DerivedDataCache/Boot.ddc.
[2019.01.09-22.01.45:665][  0]LogInit: Texture streaming: Enabled
[2019.01.09-22.01.45:690][  0]LogEngineSessionManager: EngineSessionManager initialized
[2019.01.09-22.01.45:707][  0]LogInit: Transaction tracking system initialized
[2019.01.09-22.01.45:737][  0]BlueprintLog: New page: Editor Load
[2019.01.09-22.01.45:828][  0]LocalizationService: Localization service is disabled
[2019.01.09-22.01.46:120][  0]LogCook: Display: Max memory allowance for cook 16384mb min free memory 0mb
[2019.01.09-22.01.46:120][  0]LogCook: Display: Mobile HDR setting 1
[2019.01.09-22.01.46:120][  0]LogGameplayTags: Display: UGameplayTagsManager::DoneAddingNativeTags. DelegateIsBound: 0
[2019.01.09-22.01.46:120][  0]LogStats: UGameplayTagsManager::ConstructGameplayTagTree: ImportINI prefixes -  0.000 s
[2019.01.09-22.01.46:120][  0]LogStats: UGameplayTagsManager::ConstructGameplayTagTree: Construct from data asset -  0.000 s
[2019.01.09-22.01.46:120][  0]LogStats: UGameplayTagsManager::ConstructGameplayTagTree: ImportINI -  0.000 s
[2019.01.09-22.01.46:120][  0]LogStats: UGameplayTagsManager::ConstructGameplayTagTree: GameplayTagTreeChangedEvent.Broadcast -  0.000 s
[2019.01.09-22.01.46:268][  0]LogFileCache: Scanning file cache for directory 'C:/Users/Ian Sory/Desktop/smugglers design doc/nsshipma_FinalProject-master/TwinStickShooter/Content/' took 0.02s
[2019.01.09-22.01.46:268][  0]SourceControl: Source control is disabled
[2019.01.09-22.01.46:268][  0]Cmd: MAP LOAD FILE="../../../../../../Users/Ian Sory/Desktop/smugglers design doc/nsshipma_FinalProject-master/TwinStickShooter/Content/ArenaMap.umap" TEMPLATE=0 SHOWPROGRESS=1 FEATURELEVEL=3
[2019.01.09-22.01.46:268][  0]LightingResults: New page: Lighting Build
[2019.01.09-22.01.46:271][  0]MapCheck: New page: Map Check
[2019.01.09-22.01.46:271][  0]LightingResults: New page: Lighting Build
[2019.01.09-22.01.48:305][  0]LogAIModule: Creating AISystem for world ArenaMap
[2019.01.09-22.01.48:317][  0]LogEditorServer: Finished looking for orphan Actors (0.000 secs)
[2019.01.09-22.01.48:354][  0]Cmd: MAP CHECKDEP NOCLEARLOG
[2019.01.09-22.01.48:508][  0]MapCheck: Map check complete: 0 Error(s), 0 Warning(s), took 154.036ms to complete.
[2019.01.09-22.01.48:508][  0]LogFileHelpers: Loading map 'ArenaMap' took 2.241
[2019.01.09-22.01.48:622][  0]LogSlate: Updating window title bar state: overlay mode, drag disabled, window buttons hidden, title bar hidden
[2019.01.09-22.01.48:630][  0]LogSlate: Updating window title bar state: overlay mode, drag disabled, window buttons hidden, title bar hidden
[2019.01.09-22.01.48:638][  0]LogSlate: Updating window title bar state: overlay mode, drag disabled, window buttons hidden, title bar hidden
[2019.01.09-22.01.48:646][  0]LogSlate: Updating window title bar state: overlay mode, drag disabled, window buttons hidden, title bar hidden
[2019.01.09-22.01.48:653][  0]LogCollectionManager: Loaded 0 collections in 0.002030 seconds
[2019.01.09-22.01.48:697][  0]LogFileCache: Scanning file cache for directory 'C:/Users/Ian Sory/Desktop/smugglers design doc/nsshipma_FinalProject-master/TwinStickShooter/Saved/Collections/' took 0.01s
[2019.01.09-22.01.48:697][  0]LogFileCache: Scanning file cache for directory 'C:/Users/Ian Sory/Desktop/smugglers design doc/nsshipma_FinalProject-master/TwinStickShooter/Content/Developers/IanSory/Collections/' took 0.01s
[2019.01.09-22.01.48:697][  0]LogFileCache: Scanning file cache for directory 'C:/Users/Ian Sory/Desktop/smugglers design doc/nsshipma_FinalProject-master/TwinStickShooter/Content/Collections/' took 0.01s
[2019.01.09-22.01.48:697][  0]LogCollectionManager: Rebuilt the GUID cache for 0 collections in 0.000000 seconds
[2019.01.09-22.01.48:706][  0]LogContentBrowser: Native class hierarchy populated in 0.0093 seconds. Added 2573 classes and 605 folders.
[2019.01.09-22.01.48:713][  0]LogContentBrowser: Native class hierarchy updated for 'WidgetCarousel' in 0.0004 seconds. Added 0 classes and 0 folders.
[2019.01.09-22.01.48:784][  0]LogContentBrowser: Native class hierarchy updated for 'AddContentDialog' in 0.0004 seconds. Added 0 classes and 0 folders.
[2019.01.09-22.01.48:789][  0]LogContentBrowser: Native class hierarchy updated for 'SceneOutliner' in 0.0005 seconds. Added 1 classes and 2 folders.
[2019.01.09-22.01.48:877][  0]LogSlate: Took 0.000231 seconds to synchronously load lazily loaded font '../../../Engine/Content/Slate/Fonts/Roboto-Regular.ttf' (155K)
[2019.01.09-22.01.48:879][  0]LogSlate: Took 0.000292 seconds to synchronously load lazily loaded font '../../../Engine/Content/Slate/Fonts/Roboto-Bold.ttf' (160K)
[2019.01.09-22.01.48:884][  0]LogSlate: Took 0.000225 seconds to synchronously load lazily loaded font '../../../Engine/Content/Editor/Slate/Fonts/FontAwesome.ttf' (139K)
[2019.01.09-22.01.48:961][  0]LogRenderer: Reallocating scene render targets to support 512x256 Format 10 NumSamples 1 (Frame:1).
[2019.01.09-22.01.48:978][  0]LogRenderer: Reallocating scene render targets to support 964x436 Format 10 NumSamples 1 (Frame:1).
[2019.01.09-22.01.49:020][  0]LogSlate: Took 0.000222 seconds to synchronously load lazily loaded font '../../../Engine/Content/Slate/Fonts/Roboto-Light.ttf' (167K)
[2019.01.09-22.01.49:117][  0]LogContentBrowser: Native class hierarchy updated for 'HierarchicalLODOutliner' in 0.0006 seconds. Added 0 classes and 0 folders.
[2019.01.09-22.01.49:117][  0]LogLoad: (Engine Initialization) Total time: 11.64 seconds
[2019.01.09-22.01.49:117][  0]LogLoad: (Engine Initialization) Total Blueprint compile time: 0.00 seconds
[2019.01.09-22.01.49:137][  0]LogWindowsTextInputMethodSystem: Display: IME system now deactivated.
[2019.01.09-22.01.49:160][  0]LogContentStreaming: Texture pool size now 1000 MB
[2019.01.09-22.01.49:203][  1]LogAssetRegistry: Asset discovery search completed in 6.7819 seconds
[2019.01.09-22.01.49:205][  1]LogCollectionManager: Rebuilt the object cache for 0 collections in 0.000000 seconds (found 0 objects)
[2019.01.09-22.01.49:205][  1]LogCollectionManager: Fixed up redirectors for 0 collections in 0.000062 seconds (updated 0 objects)
[2019.01.09-22.01.59:157][451]LogSlate: FSceneViewport::OnFocusLost() reason 0
[2019.01.09-22.02.03:025][599]LogSlate: Took 0.000260 seconds to synchronously load lazily loaded font '../../../Engine/Content/Slate/Fonts/Roboto-Light.ttf' (167K)
[2019.01.09-22.02.03:311][599]LogAIModule: Creating AISystem for world Level01
[2019.01.09-22.02.03:339][599]LogAssetEditorManager: Opening Asset editor for World /Game/Level01.Level01
[2019.01.09-22.02.03:363][599]Cmd: MAP LOAD FILE="../../../../../../Users/Ian Sory/Desktop/smugglers design doc/nsshipma_FinalProject-master/TwinStickShooter/Content/Level01.umap" TEMPLATE=0 SHOWPROGRESS=1 FEATURELEVEL=3
[2019.01.09-22.02.03:363][599]LightingResults: New page: Lighting Build
[2019.01.09-22.02.03:364][599]LoadErrors: New page: Loading map: Level01.umap
[2019.01.09-22.02.03:365][599]MapCheck: New page: Map Check
[2019.01.09-22.02.03:365][599]LightingResults: New page: Lighting Build
[2019.01.09-22.02.03:520][599]LogEditorServer: Finished looking for orphan Actors (0.000 secs)
[2019.01.09-22.02.03:589][599]Cmd: MAP CHECKDEP NOCLEARLOG
[2019.01.09-22.02.03:753][599]MapCheck: Map check complete: 0 Error(s), 0 Warning(s), took 164.565ms to complete.
[2019.01.09-22.02.03:755][599]LogFileHelpers: Loading map 'Level01' took 0.391
[2019.01.09-22.02.31:137][225]LogSlate: FSceneViewport::OnFocusLost() reason 0
[2019.01.09-22.03.31:176][283]LogAssetEditorManager: Opening Asset editor for Blueprint /Game/Blueprints/Rooms/RoomParts/Walls/WallLarge.WallLarge
[2019.01.09-22.03.31:898][283]LogContentBrowser: Native class hierarchy updated for 'BlueprintGraph' in 0.0009 seconds. Added 116 classes and 0 folders.
[2019.01.09-22.03.45:045][558]LogSlate: Window 'WallLarge' being destroyed
[2019.01.09-22.03.45:079][558]LogSlate: Window 'WallLarge' being destroyed
[2019.01.09-22.03.46:078][614]LogEditorViewport: Clicking on Actor (LMB): WallMedium_C (WallMedium10)
[2019.01.09-22.03.46:638][645]LogEditorViewport: Clicking on Actor (LMB): WallMedium_C (WallMedium)
[2019.01.09-22.03.49:710][804]LogSlate: FSceneViewport::OnFocusLost() reason 0
[2019.01.09-22.04.01:702][178]LogEditorViewport: Clicking on Actor (LMB): WallMedium_C (WallMedium2)
[2019.01.09-22.04.04:533][322]LogSlate: FSceneViewport::OnFocusLost() reason 0
[2019.01.09-22.04.28:630][595]LogEditorViewport: Clicking on Actor (LMB): WallMedium_C (WallMedium3)
[2019.01.09-22.04.29:390][632]LogSlate: FSceneViewport::OnFocusLost() reason 0
[2019.01.09-22.04.40:906][224]LogEditorViewport: Clicking on Actor (LMB): WallMedium_C (WallMedium4)
[2019.01.09-22.04.42:291][287]LogSlate: FSceneViewport::OnFocusLost() reason 0
[2019.01.09-22.04.47:671][549]LogEditorViewport: Clicking on Actor (LMB): WallMedium_C (WallMedium3)
[2019.01.09-22.04.48:521][598]LogEditorViewport: Clicking on Actor (LMB): WallMedium_C (WallMedium4)
[2019.01.09-22.04.49:587][660]LogEditorViewport: Clicking on Actor (LMB): WallMedium_C (WallMedium2)
[2019.01.09-22.04.50:321][702]LogEditorViewport: Clicking on Actor (LMB): WallMedium_C (WallMedium3)
[2019.01.09-22.04.51:138][749]LogEditorViewport: Clicking on Actor (LMB): WallMedium_C (WallMedium4)
[2019.01.09-22.04.53:838][899]LogSlate: FSceneViewport::OnFocusLost() reason 0
[2019.01.09-22.04.53:905][901]LogTemp: Repeating last play command: Selected Viewport
[2019.01.09-22.04.53:930][901]LogBlueprintUserMessages: Early PlayInEditor Detection: Level '/Game/Level01.Level01:PersistentLevel' has LevelScriptBlueprint '/Game/Level01.Level01:PersistentLevel.Level01' with GeneratedClass '/Game/Level01.Level01_C' with ClassGeneratedBy '/Game/Level01.Level01:PersistentLevel.Level01'
[2019.01.09-22.04.53:930][901]LogPlayLevel: PlayLevel: No blueprints needed recompiling
[2019.01.09-22.04.53:942][901]PIE: New page: PIE session: Level01 (Jan 9, 2019, 12:04:53 PM)
[2019.01.09-22.04.53:942][901]LogPlayLevel: Creating play world package: /Game/UEDPIE_0_Level01
[2019.01.09-22.04.53:953][901]LogPlayLevel: PIE: StaticDuplicateObject took: (0.011510s)
[2019.01.09-22.04.53:954][901]LogAIModule: Creating AISystem for world Level01
[2019.01.09-22.04.53:954][901]LogPlayLevel: PIE: World Init took: (0.000715s)
[2019.01.09-22.04.53:954][901]LogPlayLevel: PIE: Created PIE world by copying editor world from /Game/Level01.Level01 to /Game/UEDPIE_0_Level01.Level01 (0.012379s)
[2019.01.09-22.04.54:012][901]LogInit: XAudio2 using 'Headphones (Xbox Controller)' : 2 channels at 48 kHz using 16 bits per sample (channel mask 0x3)
[2019.01.09-22.04.54:025][901]LogInit: FAudioDevice initialized.
[2019.01.09-22.04.54:072][901]LogLoad: Game class is 'TwinStickGameMode_C'
[2019.01.09-22.04.54:088][901]LogWorld: Bringing World /Game/UEDPIE_0_Level01.Level01 up for play (max tick rate 60) at 2019.01.09-17.04.54
[2019.01.09-22.04.54:092][901]LogWorld: Bringing up level for play took: 0.018223
[2019.01.09-22.04.54:111][901]LogContentBrowser: Native class hierarchy updated for 'MovieSceneCapture' in 0.0005 seconds. Added 10 classes and 0 folders.
[2019.01.09-22.04.54:112][901]LogScript: Warning: Script Msg: Attempted to access index 0 from array 'CallFunc_GetAllActorsOfClass_OutActors' of length 0 in '/Game/Blueprints/TwinStickGameMode.TwinStickGameMode_C:ExecuteUbergraph_TwinStickGameMode'!
[2019.01.09-22.04.54:112][901]LogBlueprintUserMessages: Warning: SetTimer passed a bad function (SpawnEnemy) or object (None)
[2019.01.09-22.04.54:115][901]PIE: Play in editor start time for /Game/UEDPIE_0_Level01 0.486
[2019.01.09-22.04.54:115][901]LogBlueprintUserMessages: Late PlayInEditor Detection: Level '/Game/Level01.Level01:PersistentLevel' has LevelScriptBlueprint '/Game/Level01.Level01:PersistentLevel.Level01' with GeneratedClass '/Game/Level01.Level01_C' with ClassGeneratedBy '/Game/Level01.Level01:PersistentLevel.Level01'
[2019.01.09-22.05.02:585][400]LogBlueprintUserMessages: Warning: SetTimer passed a bad function (DamageThePlayer) or object (EnemyCharacter5_8)
[2019.01.09-22.05.02:720][408]LogBlueprintUserMessages: Warning: ClearTimer passed a bad function (DamageThePlayer) or object (EnemyCharacter5_8)
[2019.01.09-22.05.05:010][544]LogScript: Warning: Accessed None trying to read property Room
	EnemyCharacter_C /Game/UEDPIE_0_Level01.Level01:PersistentLevel.EnemyCharacter5_8
	Function /Game/Blueprints/Enemies/EnemyCharacter.EnemyCharacter_C:ExecuteUbergraph_EnemyCharacter:0036
[2019.01.09-22.05.05:010][544]PIE: Error: Blueprint Runtime Error: "Accessed None trying to read property Room". Blueprint:  EnemyCharacter Function:  Execute Ubergraph Enemy Character Graph:  ManipulateIntInternal Node:  Set Integer (by ref)
[2019.01.09-22.05.05:010][544]LogScript: Warning: Accessed None trying to read property Room
	EnemyCharacter_C /Game/UEDPIE_0_Level01.Level01:PersistentLevel.EnemyCharacter5_8
	Function /Game/Blueprints/Enemies/EnemyCharacter.EnemyCharacter_C:ExecuteUbergraph_EnemyCharacter:0082
[2019.01.09-22.05.05:010][544]PIE: Error: Blueprint Runtime Error: "Accessed None trying to read property Room". Blueprint:  EnemyCharacter Function:  Execute Ubergraph Enemy Character Graph:  ManipulateIntInternal Node:  Set Integer (by ref)
[2019.01.09-22.05.05:010][544]LogScript: Warning: Attempted to assign to None
	EnemyCharacter_C /Game/UEDPIE_0_Level01.Level01:PersistentLevel.EnemyCharacter5_8
	Function /Game/Blueprints/Enemies/EnemyCharacter.EnemyCharacter_C:ExecuteUbergraph_EnemyCharacter:0097
[2019.01.09-22.05.05:010][544]PIE: Error: Blueprint Runtime Error: "Attempted to assign to None". Blueprint:  EnemyCharacter Function:  Execute Ubergraph Enemy Character Graph:  ManipulateIntInternal Node:  Set Integer (by ref)
[2019.01.09-22.05.05:010][544]LogScript: Warning: Accessed None trying to read property Room
	EnemyCharacter_C /Game/UEDPIE_0_Level01.Level01:PersistentLevel.EnemyCharacter5_8
	Function /Game/Blueprints/Enemies/EnemyCharacter.EnemyCharacter_C:ExecuteUbergraph_EnemyCharacter:00B1
[2019.01.09-22.05.05:010][544]PIE: Error: Blueprint Runtime Error: "Accessed None trying to read property Room". Blueprint:  EnemyCharacter Function:  Execute Ubergraph Enemy Character Graph:  EventGraph Node:  Set RoomClear
[2019.01.09-22.05.05:010][544]LogScript: Warning: Accessed None trying to read property Room
	EnemyCharacter_C /Game/UEDPIE_0_Level01.Level01:PersistentLevel.EnemyCharacter5_8
	Function /Game/Blueprints/Enemies/EnemyCharacter.EnemyCharacter_C:ExecuteUbergraph_EnemyCharacter:00E5
[2019.01.09-22.05.05:010][544]PIE: Error: Blueprint Runtime Error: "Accessed None trying to read property Room". Blueprint:  EnemyCharacter Function:  Execute Ubergraph Enemy Character Graph:  EventGraph Node:  Branch
[2019.01.09-22.05.05:010][544]LogScript: Warning: Accessed None trying to read property Room
	EnemyCharacter_C /Game/UEDPIE_0_Level01.Level01:PersistentLevel.EnemyCharacter5_8
	Function /Game/Blueprints/Enemies/EnemyCharacter.EnemyCharacter_C:ExecuteUbergraph_EnemyCharacter:011C
[2019.01.09-22.05.05:011][544]PIE: Error: Blueprint Runtime Error: "Accessed None trying to read property Room". Blueprint:  EnemyCharacter Function:  Execute Ubergraph Enemy Character Graph:  EventGraph Node:  Open Doors
[2019.01.09-22.05.06:898][656]LogBlueprintUserMessages: Early EndPlayMap Detection: Level '/Game/Level01.Level01:PersistentLevel' has LevelScriptBlueprint '/Game/Level01.Level01:PersistentLevel.Level01' with GeneratedClass '/Game/Level01.Level01_C' with ClassGeneratedBy '/Game/Level01.Level01:PersistentLevel.Level01'
[2019.01.09-22.05.06:898][656]LogSlate: Updating window title bar state: overlay mode, drag disabled, window buttons hidden, title bar hidden
[2019.01.09-22.05.06:945][656]LogPlayLevel: Display: Shutting down PIE online subsystems
[2019.01.09-22.05.06:945][656]LogBlueprintUserMessages: Late EndPlayMap Detection: Level '/Game/Level01.Level01:PersistentLevel' has LevelScriptBlueprint '/Game/Level01.Level01:PersistentLevel.Level01' with GeneratedClass '/Game/Level01.Level01_C' with ClassGeneratedBy '/Game/Level01.Level01:PersistentLevel.Level01'
[2019.01.09-22.05.06:975][656]LogSlate: Updating window title bar state: overlay mode, drag disabled, window buttons hidden, title bar hidden
[2019.01.09-22.05.07:003][657]LogPlayLevel: Display: Destroying online subsystem :Context_18
[2019.01.09-22.05.13:262][843]Cmd: TRANSACTION UNDO
[2019.01.09-22.05.13:262][843]LogEditorTransaction: Undo Clicking on Actors
[2019.01.09-22.05.16:867][918]LogEditorViewport: Clicking Background
[2019.01.09-22.05.19:259][ 58]LogEditorViewport: Clicking on Actor (LMB): WallMedium_C (WallMedium4)
[2019.01.09-22.05.29:743][639]LogSlate: FSceneViewport::OnFocusLost() reason 0
[2019.01.09-22.05.33:746][775]LogAssetEditorManager: Opening Asset editor for Blueprint /Game/Blueprints/Rooms/RoomParts/Walls/WallLarge.WallLarge
[2019.01.09-22.05.39:566][888]BlueprintLog: New page: Compile WallLarge
[2019.01.09-22.05.41:386][915]LogSavePackage: Moving '../../../../../../Users/Ian Sory/Desktop/smugglers design doc/nsshipma_FinalProject-master/TwinStickShooter/Saved/WallLarge0F5096F446FD23AF949CC683ECF62AAD.tmp' to '../../../../../../Users/Ian Sory/Desktop/smugglers design doc/nsshipma_FinalProject-master/TwinStickShooter/Content/Blueprints/Rooms/RoomParts/Walls/WallLarge.uasset'
[2019.01.09-22.05.41:387][915]LogFileManager: Warning: DeleteFile was unable to delete '../../../../../../Users/Ian Sory/Desktop/smugglers design doc/nsshipma_FinalProject-master/TwinStickShooter/Content/Blueprints/Rooms/RoomParts/Walls/WallLarge.uasset', retrying in .5s...
[2019.01.09-22.05.41:888][915]LogFileManager: Error: Error deleting file '../../../../../../Users/Ian Sory/Desktop/smugglers design doc/nsshipma_FinalProject-master/TwinStickShooter/Content/Blueprints/Rooms/RoomParts/Walls/WallLarge.uasset'.
[2019.01.09-22.05.41:888][915]LogSavePackage: Error: Error saving '../../../../../../Users/Ian Sory/Desktop/smugglers design doc/nsshipma_FinalProject-master/TwinStickShooter/Content/Blueprints/Rooms/RoomParts/Walls/WallLarge.uasset'
[2019.01.09-22.05.48:408][915]LogSlate: Window 'Message' being destroyed
[2019.01.09-22.05.48:416][915]EditorErrors: New page: Save Output
[2019.01.09-22.05.48:416][915]EditorErrors: Warning: Error saving '../../../../../../Users/Ian Sory/Desktop/smugglers design doc/nsshipma_FinalProject-master/TwinStickShooter/Content/Blueprints/Rooms/RoomParts/Walls/WallLarge.uasset'
[2019.01.09-22.05.50:627][959]LogSlate: Window 'Message Log' being destroyed
[2019.01.09-22.05.50:683][959]LogSlate: Window 'Message Log' being destroyed
[2019.01.09-22.05.51:687][990]LogSlate: Window 'WallLarge*' being destroyed
[2019.01.09-22.05.51:725][990]LogSlate: Window 'WallLarge*' being destroyed
[2019.01.09-22.05.52:683][ 39]LogEditorViewport: Clicking Background
[2019.01.09-22.05.53:634][ 96]LogEditorViewport: Clicking on Actor (LMB): WallMedium_C (WallMedium4)
[2019.01.09-22.05.54:268][132]LogEditorViewport: Clicking Background
[2019.01.09-22.05.58:283][358]LogSlate: FSceneViewport::OnFocusLost() reason 0
[2019.01.09-22.05.58:456][362]LogAssetEditorManager: Opening Asset editor for Blueprint /Game/Blueprints/Rooms/RoomParts/Walls/WallLarge.WallLarge
[2019.01.09-22.06.01:462][425]LogSavePackage: Moving '../../../../../../Users/Ian Sory/Desktop/smugglers design doc/nsshipma_FinalProject-master/TwinStickShooter/Saved/WallLarge62C41CD746C29A261CF298AE56EA94FC.tmp' to '../../../../../../Users/Ian Sory/Desktop/smugglers design doc/nsshipma_FinalProject-master/TwinStickShooter/Content/Blueprints/Rooms/RoomParts/Walls/WallLarge.uasset'
[2019.01.09-22.06.01:463][425]LogFileManager: Warning: DeleteFile was unable to delete '../../../../../../Users/Ian Sory/Desktop/smugglers design doc/nsshipma_FinalProject-master/TwinStickShooter/Content/Blueprints/Rooms/RoomParts/Walls/WallLarge.uasset', retrying in .5s...
[2019.01.09-22.06.01:964][425]LogFileManager: Error: Error deleting file '../../../../../../Users/Ian Sory/Desktop/smugglers design doc/nsshipma_FinalProject-master/TwinStickShooter/Content/Blueprints/Rooms/RoomParts/Walls/WallLarge.uasset'.
[2019.01.09-22.06.01:964][425]LogSavePackage: Error: Error saving '../../../../../../Users/Ian Sory/Desktop/smugglers design doc/nsshipma_FinalProject-master/TwinStickShooter/Content/Blueprints/Rooms/RoomParts/Walls/WallLarge.uasset'
[2019.01.09-22.06.08:179][425]LogSlate: Window 'Message' being destroyed
[2019.01.09-22.06.08:187][425]EditorErrors: New page: Save Output
[2019.01.09-22.06.08:187][425]EditorErrors: Warning: Error saving '../../../../../../Users/Ian Sory/Desktop/smugglers design doc/nsshipma_FinalProject-master/TwinStickShooter/Content/Blueprints/Rooms/RoomParts/Walls/WallLarge.uasset'
[2019.01.09-22.06.13:818][538]LogSlate: Window 'Message Log' being destroyed
[2019.01.09-22.06.13:873][538]LogSlate: Window 'Message Log' being destroyed
[2019.01.09-22.06.17:860][649]LogSlate: Window 'WallLarge*' being destroyed
[2019.01.09-22.06.17:898][649]LogSlate: Window 'WallLarge*' being destroyed
[2019.01.09-22.06.25:423][939]LogEditorViewport: Clicking on Actor (LMB): WallMedium_C (WallMedium15)
[2019.01.09-22.06.27:919][ 86]LogEditorViewport: Clicking on Actor (LMB): WallLarge_C (WallLarge)
[2019.01.09-22.06.30:775][255]LogEditorViewport: Clicking on Actor (LMB): WallMedium_C (WallMedium17)
[2019.01.09-22.06.33:371][408]LogEditorViewport: Clicking on Actor (LMB): WallLarge_C (WallLarge)
[2019.01.09-22.06.42:826][936]LogSlate: FSceneViewport::OnFocusLost() reason 0
[2019.01.09-22.06.42:999][940]LogAssetEditorManager: Opening Asset editor for Blueprint /Game/Blueprints/Rooms/RoomParts/Walls/WallLarge.WallLarge
[2019.01.09-22.06.44:487][964]BlueprintLog: New page: Compile WallLarge
[2019.01.09-22.06.48:862][ 41]LogSavePackage: Moving '../../../../../../Users/Ian Sory/Desktop/smugglers design doc/nsshipma_FinalProject-master/TwinStickShooter/Saved/WallLarge5EE055C8449F074524E4F0BCDBE07F92.tmp' to '../../../../../../Users/Ian Sory/Desktop/smugglers design doc/nsshipma_FinalProject-master/TwinStickShooter/Content/Blueprints/Rooms/RoomParts/Walls/WallLarge.uasset'
[2019.01.09-22.06.48:863][ 41]LogFileManager: Warning: DeleteFile was unable to delete '../../../../../../Users/Ian Sory/Desktop/smugglers design doc/nsshipma_FinalProject-master/TwinStickShooter/Content/Blueprints/Rooms/RoomParts/Walls/WallLarge.uasset', retrying in .5s...
[2019.01.09-22.06.49:363][ 41]LogFileManager: Error: Error deleting file '../../../../../../Users/Ian Sory/Desktop/smugglers design doc/nsshipma_FinalProject-master/TwinStickShooter/Content/Blueprints/Rooms/RoomParts/Walls/WallLarge.uasset'.
[2019.01.09-22.06.49:363][ 41]LogSavePackage: Error: Error saving '../../../../../../Users/Ian Sory/Desktop/smugglers design doc/nsshipma_FinalProject-master/TwinStickShooter/Content/Blueprints/Rooms/RoomParts/Walls/WallLarge.uasset'
[2019.01.09-22.06.50:772][ 41]LogSlate: Window 'Message' being destroyed
[2019.01.09-22.06.50:909][ 41]LogSavePackage: Moving '../../../../../../Users/Ian Sory/Desktop/smugglers design doc/nsshipma_FinalProject-master/TwinStickShooter/Saved/WallLargeE5068E734E77B19B320E73A3ADD3F93E.tmp' to '../../../../../../Users/Ian Sory/Desktop/smugglers design doc/nsshipma_FinalProject-master/TwinStickShooter/Content/Blueprints/Rooms/RoomParts/Walls/WallLarge.uasset'
[2019.01.09-22.06.50:910][ 41]LogFileManager: Warning: DeleteFile was unable to delete '../../../../../../Users/Ian Sory/Desktop/smugglers design doc/nsshipma_FinalProject-master/TwinStickShooter/Content/Blueprints/Rooms/RoomParts/Walls/WallLarge.uasset', retrying in .5s...
[2019.01.09-22.06.51:411][ 41]LogFileManager: Error: Error deleting file '../../../../../../Users/Ian Sory/Desktop/smugglers design doc/nsshipma_FinalProject-master/TwinStickShooter/Content/Blueprints/Rooms/RoomParts/Walls/WallLarge.uasset'.
[2019.01.09-22.06.51:411][ 41]LogSavePackage: Error: Error saving '../../../../../../Users/Ian Sory/Desktop/smugglers design doc/nsshipma_FinalProject-master/TwinStickShooter/Content/Blueprints/Rooms/RoomParts/Walls/WallLarge.uasset'
[2019.01.09-22.06.52:347][ 41]LogSlate: Window 'Message' being destroyed
[2019.01.09-22.06.52:356][ 41]EditorErrors: New page: Save Output
[2019.01.09-22.06.52:356][ 41]EditorErrors: Warning: Error saving '../../../../../../Users/Ian Sory/Desktop/smugglers design doc/nsshipma_FinalProject-master/TwinStickShooter/Content/Blueprints/Rooms/RoomParts/Walls/WallLarge.uasset'
[2019.01.09-22.06.52:356][ 41]EditorErrors: Warning: Error saving '../../../../../../Users/Ian Sory/Desktop/smugglers design doc/nsshipma_FinalProject-master/TwinStickShooter/Content/Blueprints/Rooms/RoomParts/Walls/WallLarge.uasset'
[2019.01.09-22.06.54:468][ 41]LogSlate: Window 'Packages Failed To Save' being destroyed
[2019.01.09-22.07.01:110][173]LogSlate: Window 'Message Log' being destroyed
[2019.01.09-22.07.01:165][173]LogSlate: Window 'Message Log' being destroyed
[2019.01.09-22.07.03:810][251]LogSlate: Window 'WallLarge*' being destroyed
[2019.01.09-22.07.03:849][251]LogSlate: Window 'WallLarge*' being destroyed
[2019.01.09-22.09.14:546][183]LogSlate: Window 'Save Content' being destroyed
[2019.01.09-22.09.14:666][183]LogSlate: Window 'TwinStickShooter - Unreal Editor' being destroyed
[2019.01.09-22.09.14:855][184]Cmd: QUIT_EDITOR
[2019.01.09-22.09.15:058][184]LogWindowsTextInputMethodSystem: Display: IME system now deactivated.
[2019.01.09-22.09.15:071][184]LogExit: Preparing to exit.
[2019.01.09-22.09.15:982][184]LogExit: Editor shut down
[2019.01.09-22.09.15:982][184]LogExit: Transaction tracking system shut down
[2019.01.09-22.09.16:530][184]LogExit: Object subsystem successfully closed.
[2019.01.09-22.09.16:545][184]LogShaderCompilers: Display: Shaders left to compile 0
[2019.01.09-22.09.16:549][184]LogD3D11RHI: Shutdown
[2019.01.09-22.09.16:549][184]LogD3D11RHI: CleanupD3DDevice
[2019.01.09-22.09.16:551][184]LogD3D11RHI: ~FD3D11DynamicRHI
[2019.01.09-22.09.16:582][184]LogModuleManager: Shutting down and abandoning module MovieSceneCapture (618)
[2019.01.09-22.09.16:582][184]LogModuleManager: Shutting down and abandoning module Voice (616)
[2019.01.09-22.09.16:582][184]LogModuleManager: Shutting down and abandoning module BlueprintGraph (614)
[2019.01.09-22.09.16:582][184]LogModuleManager: Shutting down and abandoning module HierarchicalLODOutliner (612)
[2019.01.09-22.09.16:582][184]LogModuleManager: Shutting down and abandoning module SceneOutliner (610)
[2019.01.09-22.09.16:582][184]LogModuleManager: Shutting down and abandoning module AddContentDialog (608)
[2019.01.09-22.09.16:582][184]LogModuleManager: Shutting down and abandoning module WidgetCarousel (607)
[2019.01.09-22.09.16:582][184]LogModuleManager: Shutting down and abandoning module EditorWidgets (604)
[2019.01.09-22.09.16:582][184]LogModuleManager: Shutting down and abandoning module CollectionManager (602)
[2019.01.09-22.09.16:582][184]LogModuleManager: Shutting down and abandoning module StatsViewer (600)
[2019.01.09-22.09.16:582][184]LogModuleManager: Shutting down and abandoning module FoliageEdit (598)
[2019.01.09-22.09.16:582][184]LogModuleManager: Shutting down and abandoning module LandscapeEditor (596)
[2019.01.09-22.09.16:583][184]LogModuleManager: Shutting down and abandoning module MeshPaintMode (594)
[2019.01.09-22.09.16:583][184]LogModuleManager: Shutting down and abandoning module SceneDepthPickerMode (592)
[2019.01.09-22.09.16:583][184]LogModuleManager: Shutting down and abandoning module ActorPickerMode (590)
[2019.01.09-22.09.16:583][184]LogModuleManager: Shutting down and abandoning module GeometryMode (588)
[2019.01.09-22.09.16:583][184]LogModuleManager: Shutting down and abandoning module TextureAlignMode (586)
[2019.01.09-22.09.16:583][184]LogModuleManager: Shutting down and abandoning module BspMode (584)
[2019.01.09-22.09.16:583][184]LogModuleManager: Shutting down and abandoning module PIEPreviewDeviceProfileSelector (582)
[2019.01.09-22.09.16:583][184]LogModuleManager: Shutting down and abandoning module SequenceRecorderSections (580)
[2019.01.09-22.09.16:583][184]LogModuleManager: Shutting down and abandoning module AutomationWorker (578)
[2019.01.09-22.09.16:583][184]LogModuleManager: Shutting down and abandoning module AudioCaptureEditor (576)
[2019.01.09-22.09.16:583][184]LogModuleManager: Shutting down and abandoning module SequenceRecorder (575)
[2019.01.09-22.09.16:583][184]LogModuleManager: Shutting down and abandoning module MatineeToLevelSequence (572)
[2019.01.09-22.09.16:583][184]LogModuleManager: Shutting down and abandoning module LevelSequenceEditor (570)
[2019.01.09-22.09.16:583][184]LogModuleManager: Shutting down and abandoning module PlacementMode (569)
[2019.01.09-22.09.16:583][184]LogModuleManager: Shutting down and abandoning module MaterialEditor (568)
[2019.01.09-22.09.16:583][184]LogModuleManager: Shutting down and abandoning module WmfMediaFactory (564)
[2019.01.09-22.09.16:583][184]LogModuleManager: Shutting down and abandoning module WmfMediaEditor (562)
[2019.01.09-22.09.16:583][184]LogModuleManager: Shutting down and abandoning module MediaPlayerEditor (560)
[2019.01.09-22.09.16:583][184]LogModuleManager: Shutting down and abandoning module OpenExrWrapper (558)
[2019.01.09-22.09.16:583][184]LogModuleManager: Shutting down and abandoning module ImgMediaFactory (556)
[2019.01.09-22.09.16:583][184]LogModuleManager: Shutting down and abandoning module ImgMediaEditor (554)
[2019.01.09-22.09.16:583][184]LogModuleManager: Shutting down and abandoning module AvfMediaFactory (552)
[2019.01.09-22.09.16:583][184]LogModuleManager: Shutting down and abandoning module AvfMediaEditor (550)
[2019.01.09-22.09.16:583][184]LogModuleManager: Shutting down and abandoning module AndroidMediaFactory (548)
[2019.01.09-22.09.16:583][184]LogModuleManager: Shutting down and abandoning module AndroidMediaEditor (546)
[2019.01.09-22.09.16:583][184]LogModuleManager: Shutting down and abandoning module MagicLeapCameraPreviewFactory (544)
[2019.01.09-22.09.16:583][184]LogModuleManager: Shutting down and abandoning module MagicLeapMediaFactory (542)
[2019.01.09-22.09.16:583][184]LogModuleManager: Shutting down and abandoning module MagicLeapMediaEditor (540)
[2019.01.09-22.09.16:583][184]LogModuleManager: Shutting down and abandoning module CharacterAI (538)
[2019.01.09-22.09.16:583][184]LogModuleManager: Shutting down and abandoning module SmartSnapping (536)
[2019.01.09-22.09.16:583][184]LogModuleManager: Shutting down and abandoning module SessionServices (534)
[2019.01.09-22.09.16:583][184]LogModuleManager: Shutting down and abandoning module ViewportSnapping (532)
[2019.01.09-22.09.16:583][184]LogModuleManager: Shutting down and abandoning module ViewportInteraction (530)
[2019.01.09-22.09.16:583][184]LogModuleManager: Shutting down and abandoning module ClothPainter (528)
[2019.01.09-22.09.16:583][184]LogModuleManager: Shutting down and abandoning module SkeletalMeshEditor (527)
[2019.01.09-22.09.16:583][184]LogModuleManager: Shutting down and abandoning module LogVisualizer (524)
[2019.01.09-22.09.16:583][184]LogModuleManager: Shutting down and abandoning module IntroTutorials (522)
[2019.01.09-22.09.16:583][184]LogModuleManager: Shutting down and abandoning module GameProjectGeneration (521)
[2019.01.09-22.09.16:584][184]LogModuleManager: Shutting down and abandoning module LuminPlatformEditor (518)
[2019.01.09-22.09.16:584][184]LogModuleManager: Shutting down and abandoning module IOSPlatformEditor (516)
[2019.01.09-22.09.16:584][184]LogModuleManager: Shutting down and abandoning module HTML5PlatformEditor (514)
[2019.01.09-22.09.16:584][184]LogModuleManager: Shutting down and abandoning module AndroidPlatformEditor (512)
[2019.01.09-22.09.16:584][184]LogModuleManager: Shutting down and abandoning module AndroidDeviceDetection (511)
[2019.01.09-22.09.17:106][184]LogModuleManager: Shutting down and abandoning module WindowsPlatformEditor (508)
[2019.01.09-22.09.17:106][184]LogModuleManager: Shutting down and abandoning module LuminRuntimeSettings (506)
[2019.01.09-22.09.17:106][184]LogModuleManager: Shutting down and abandoning module IOSRuntimeSettings (504)
[2019.01.09-22.09.17:106][184]LogModuleManager: Shutting down and abandoning module AndroidRuntimeSettings (502)
[2019.01.09-22.09.17:106][184]LogModuleManager: Shutting down and abandoning module InputBindingEditor (500)
[2019.01.09-22.09.17:106][184]LogModuleManager: Shutting down and abandoning module MergeActors (498)
[2019.01.09-22.09.17:106][184]LogModuleManager: Shutting down and abandoning module LocalizationDashboard (496)
[2019.01.09-22.09.17:107][184]LogModuleManager: Shutting down and abandoning module LocalizationService (495)
[2019.01.09-22.09.17:107][184]LogModuleManager: Shutting down and abandoning module HardwareTargeting (492)
[2019.01.09-22.09.17:107][184]LogModuleManager: Shutting down and abandoning module DeviceProfileEditor (490)
[2019.01.09-22.09.17:107][184]LogModuleManager: Shutting down and abandoning module UndoHistory (488)
[2019.01.09-22.09.17:107][184]LogModuleManager: Shutting down and abandoning module XmlParser (486)
[2019.01.09-22.09.17:107][184]LogModuleManager: Shutting down and abandoning module Blutility (484)
[2019.01.09-22.09.17:107][184]LogModuleManager: Shutting down and abandoning module ProjectSettingsViewer (482)
[2019.01.09-22.09.17:107][184]LogModuleManager: Shutting down and abandoning module ProjectTargetPlatformEditor (481)
[2019.01.09-22.09.17:107][184]LogModuleManager: Shutting down and abandoning module EditorSettingsViewer (478)
[2019.01.09-22.09.17:107][184]LogModuleManager: Shutting down and abandoning module SettingsEditor (476)
[2019.01.09-22.09.17:107][184]LogModuleManager: Shutting down and abandoning module ProjectLauncher (474)
[2019.01.09-22.09.17:107][184]LogModuleManager: Shutting down and abandoning module SessionFrontend (472)
[2019.01.09-22.09.17:107][184]LogModuleManager: Shutting down and abandoning module ProfilerClient (470)
[2019.01.09-22.09.17:107][184]LogModuleManager: Shutting down and abandoning module DeviceManager (468)
[2019.01.09-22.09.17:107][184]LogModuleManager: Shutting down and abandoning module TargetDeviceServices (467)
[2019.01.09-22.09.17:171][184]LogModuleManager: Shutting down and abandoning module AutomationController (464)
[2019.01.09-22.09.17:171][184]LogModuleManager: Shutting down and abandoning module AutomationWindow (462)
[2019.01.09-22.09.17:171][184]LogModuleManager: Shutting down and abandoning module Layers (460)
[2019.01.09-22.09.17:171][184]LogModuleManager: Shutting down and abandoning module ComponentVisualizers (458)
[2019.01.09-22.09.17:171][184]LogModuleManager: Shutting down and abandoning module DetailCustomizations (456)
[2019.01.09-22.09.17:171][184]LogModuleManager: Shutting down and abandoning module PackagesDialog (454)
[2019.01.09-22.09.17:171][184]LogModuleManager: Shutting down and abandoning module Persona (452)
[2019.01.09-22.09.17:171][184]LogModuleManager: Shutting down and abandoning module AdvancedPreviewScene (451)
[2019.01.09-22.09.17:171][184]LogModuleManager: Shutting down and abandoning module AnimGraph (449)
[2019.01.09-22.09.17:171][184]LogModuleManager: Shutting down and abandoning module Kismet (446)
[2019.01.09-22.09.17:176][184]LogModuleManager: Shutting down and abandoning module GraphEditor (444)
[2019.01.09-22.09.17:176][184]LogModuleManager: Shutting down and abandoning module ClassViewer (442)
[2019.01.09-22.09.17:176][184]LogModuleManager: Shutting down and abandoning module Toolbox (440)
[2019.01.09-22.09.17:176][184]LogModuleManager: Shutting down and abandoning module DesktopPlatform (439)
[2019.01.09-22.09.17:176][184]LogModuleManager: Shutting down and abandoning module ModuleUI (436)
[2019.01.09-22.09.17:176][184]LogModuleManager: Shutting down and abandoning module MovieSceneTools (434)
[2019.01.09-22.09.17:176][184]LogModuleManager: Shutting down and abandoning module OutputLog (432)
[2019.01.09-22.09.17:176][184]LogModuleManager: Shutting down and abandoning module GammaUI (430)
[2019.01.09-22.09.17:176][184]LogModuleManager: Shutting down and abandoning module Documentation (428)
[2019.01.09-22.09.17:176][184]LogModuleManager: Shutting down and abandoning module MovieSceneTracks (426)
[2019.01.09-22.09.17:176][184]LogModuleManager: Shutting down and abandoning module MovieScene (424)
[2019.01.09-22.09.17:176][184]LogModuleManager: Shutting down and abandoning module StreamingPauseRendering (422)
[2019.01.09-22.09.17:176][184]LogModuleManager: Shutting down and abandoning module LauncherPlatform (420)
[2019.01.09-22.09.17:176][184]LogModuleManager: Shutting down and abandoning module AnalyticsET (418)
[2019.01.09-22.09.17:176][184]LogModuleManager: Shutting down and abandoning module PortalServices (416)
[2019.01.09-22.09.17:176][184]LogModuleManager: Shutting down and abandoning module PortalRpc (414)
[2019.01.09-22.09.17:176][184]LogModuleManager: Shutting down and abandoning module MessagingRpc (412)
[2019.01.09-22.09.17:176][184]LogModuleManager: Shutting down and abandoning module AIModule (410)
[2019.01.09-22.09.17:176][184]LogModuleManager: Shutting down and abandoning module GameplayDebugger (409)
[2019.01.09-22.09.17:176][184]LogModuleManager: Shutting down and abandoning module AITestSuite (407)
[2019.01.09-22.09.17:176][184]LogModuleManager: Shutting down and abandoning module NavigationSystem (405)
[2019.01.09-22.09.17:176][184]LogModuleManager: Shutting down and abandoning module ProfilerService (402)
[2019.01.09-22.09.17:342][184]LogModuleManager: Shutting down and abandoning module TaskGraph (400)
[2019.01.09-22.09.17:342][184]LogModuleManager: Shutting down and abandoning module SteamVRController (398)
[2019.01.09-22.09.17:342][184]LogModuleManager: Shutting down and abandoning module ProceduralMeshComponentEditor (396)
[2019.01.09-22.09.17:342][184]LogModuleManager: Shutting down and abandoning module ProceduralMeshComponent (394)
[2019.01.09-22.09.17:342][184]LogModuleManager: Shutting down and abandoning module OculusInput (392)
[2019.01.09-22.09.17:342][184]LogModuleManager: Shutting down and abandoning module MobilePatchingUtils (390)
[2019.01.09-22.09.17:342][184]LogModuleManager: Shutting down and abandoning module EditableMesh (388)
[2019.01.09-22.09.17:342][184]LogModuleManager: Shutting down and abandoning module CustomMeshComponent (386)
[2019.01.09-22.09.17:342][184]LogModuleManager: Shutting down and abandoning module CableComponent (384)
[2019.01.09-22.09.17:342][184]LogModuleManager: Shutting down and abandoning module AudioCapture (382)
[2019.01.09-22.09.17:342][184]LogModuleManager: Shutting down and abandoning module ArchVisCharacter (380)
[2019.01.09-22.09.17:342][184]LogModuleManager: Shutting down and abandoning module AndroidPermission (378)
[2019.01.09-22.09.17:342][184]LogModuleManager: Shutting down and abandoning module NUTUnrealEngine4 (376)
[2019.01.09-22.09.17:342][184]LogModuleManager: Shutting down and abandoning module NetcodeUnitTest (374)
[2019.01.09-22.09.17:342][184]LogModuleManager: Shutting down and abandoning module MediaCompositingEditor (372)
[2019.01.09-22.09.17:343][184]LogModuleManager: Shutting down and abandoning module MediaCompositing (370)
[2019.01.09-22.09.17:343][184]LogModuleManager: Shutting down and abandoning module LinearTimecode (368)
[2019.01.09-22.09.17:343][184]LogModuleManager: Shutting down and abandoning module ImgMedia (366)
[2019.01.09-22.09.17:346][184]LogModuleManager: Shutting down and abandoning module HTML5Networking (364)
[2019.01.09-22.09.17:346][184]LogModuleManager: Shutting down and abandoning module GeometryCacheTracks (362)
[2019.01.09-22.09.17:346][184]LogModuleManager: Shutting down and abandoning module GeometryCacheSequencer (360)
[2019.01.09-22.09.17:346][184]LogModuleManager: Shutting down and abandoning module BackChannel (358)
[2019.01.09-22.09.17:346][184]LogModuleManager: Shutting down and abandoning module AppleVision (356)
[2019.01.09-22.09.17:346][184]LogModuleManager: Shutting down and abandoning module AppleImageUtils (354)
[2019.01.09-22.09.17:346][184]LogModuleManager: Shutting down and abandoning module AlembicImporter (352)
[2019.01.09-22.09.17:346][184]LogModuleManager: Shutting down and abandoning module AlembicLibrary (351)
[2019.01.09-22.09.17:346][184]LogModuleManager: Shutting down and abandoning module GeometryCache (350)
[2019.01.09-22.09.17:346][184]LogModuleManager: Shutting down and abandoning module GeometryCacheEd (349)
[2019.01.09-22.09.17:346][184]LogModuleManager: Shutting down and abandoning module DatasmithContentEditor (344)
[2019.01.09-22.09.17:346][184]LogModuleManager: Shutting down and abandoning module DatasmithContent (342)
[2019.01.09-22.09.17:347][184]LogModuleManager: Shutting down and abandoning module SpeedTreeImporter (340)
[2019.01.09-22.09.17:347][184]LogModuleManager: Shutting down and abandoning module PluginBrowser (338)
[2019.01.09-22.09.17:347][184]LogModuleManager: Shutting down and abandoning module MobileLauncherProfileWizard (336)
[2019.01.09-22.09.17:347][184]LogModuleManager: Shutting down and abandoning module PolygonModeling (334)
[2019.01.09-22.09.17:347][184]LogModuleManager: Shutting down and abandoning module MeshEditor (332)
[2019.01.09-22.09.17:347][184]LogModuleManager: Shutting down and abandoning module CryptoKeysOpenSSL (330)
[2019.01.09-22.09.17:347][184]LogModuleManager: Shutting down and abandoning module CryptoKeys (328)
[2019.01.09-22.09.17:347][184]LogModuleManager: Shutting down and abandoning module VisualStudioSourceCodeAccess (326)
[2019.01.09-22.09.17:347][184]LogModuleManager: Shutting down and abandoning module VisualStudioCodeSourceCodeAccess (324)
[2019.01.09-22.09.17:347][184]LogModuleManager: Shutting down and abandoning module UObjectPlugin (322)
[2019.01.09-22.09.17:347][184]LogModuleManager: Shutting down and abandoning module SubversionSourceControl (320)
[2019.01.09-22.09.17:347][184]LogModuleManager: Shutting down and abandoning module PerforceSourceControl (318)
[2019.01.09-22.09.17:347][184]LogModuleManager: Shutting down and abandoning module GitSourceControl (316)
[2019.01.09-22.09.17:347][184]LogModuleManager: Shutting down and abandoning module SourceControl (315)
[2019.01.09-22.09.17:347][184]LogModuleManager: Shutting down and abandoning module CLionSourceCodeAccess (312)
[2019.01.09-22.09.17:347][184]LogModuleManager: Shutting down and abandoning module LightPropagationVolumeEditor (310)
[2019.01.09-22.09.17:347][184]LogModuleManager: Shutting down and abandoning module PaperTiledImporter (308)
[2019.01.09-22.09.17:347][184]LogModuleManager: Shutting down and abandoning module PaperSpriteSheetImporter (306)
[2019.01.09-22.09.17:347][184]LogModuleManager: Shutting down and abandoning module Paper2DEditor (304)
[2019.01.09-22.09.17:347][184]LogModuleManager: Shutting down and abandoning module MeshPaint (303)
[2019.01.09-22.09.17:347][184]LogModuleManager: Shutting down and abandoning module TwinStickShooter (300)
[2019.01.09-22.09.17:347][184]LogModuleManager: Shutting down and abandoning module RuntimePhysXCooking (298)
[2019.01.09-22.09.17:347][184]LogModuleManager: Shutting down and abandoning module PhysXVehiclesEditor (296)
[2019.01.09-22.09.17:347][184]LogModuleManager: Shutting down and abandoning module PhysXVehicles (294)
[2019.01.09-22.09.17:347][184]LogModuleManager: Shutting down and abandoning module OculusEditor (292)
[2019.01.09-22.09.17:347][184]LogModuleManager: Shutting down and abandoning module LocationServicesBPLibrary (290)
[2019.01.09-22.09.17:347][184]LogModuleManager: Shutting down and abandoning module ImmediatePhysicsEditor (288)
[2019.01.09-22.09.17:347][184]LogModuleManager: Shutting down and abandoning module ImmediatePhysics (286)
[2019.01.09-22.09.17:347][184]LogModuleManager: Shutting down and abandoning module ActorSequence (284)
[2019.01.09-22.09.17:347][184]LogModuleManager: Shutting down and abandoning module UdpMessaging (282)
[2019.01.09-22.09.17:449][184]LogModuleManager: Shutting down and abandoning module TcpMessaging (280)
[2019.01.09-22.09.17:549][184]LogModuleManager: Shutting down and abandoning module MagicLeapAudio (278)
[2019.01.09-22.09.17:549][184]LogModuleManager: Shutting down and abandoning module GameplayTagsEditor (276)
[2019.01.09-22.09.17:549][184]LogModuleManager: Shutting down and abandoning module FacialAnimationEditor (274)
[2019.01.09-22.09.17:549][184]LogModuleManager: Shutting down and abandoning module FacialAnimation (272)
[2019.01.09-22.09.17:549][184]LogModuleManager: Shutting down and abandoning module DataValidation (270)
[2019.01.09-22.09.17:549][184]LogModuleManager: Shutting down and abandoning module AssetManagerEditor (268)
[2019.01.09-22.09.17:549][184]LogModuleManager: Shutting down and abandoning module LevelEditor (267)
[2019.01.09-22.09.17:549][184]LogModuleManager: Shutting down and abandoning module PixelInspectorModule (266)
[2019.01.09-22.09.17:549][184]LogModuleManager: Shutting down and abandoning module CommonMenuExtensions (264)
[2019.01.09-22.09.17:550][184]LogModuleManager: Shutting down and abandoning module MainFrame (262)
[2019.01.09-22.09.17:550][184]LogModuleManager: Shutting down and abandoning module HotReload (261)
[2019.01.09-22.09.17:551][184]LogModuleManager: Shutting down and abandoning module ContentBrowser (257)
[2019.01.09-22.09.17:551][184]LogModuleManager: Shutting down and abandoning module TreeMap (255)
[2019.01.09-22.09.17:551][184]LogModuleManager: Shutting down and abandoning module LightPropagationVolumeRuntime (252)
[2019.01.09-22.09.17:551][184]LogModuleManager: Shutting down and abandoning module AISupportModule (250)
[2019.01.09-22.09.17:551][184]LogModuleManager: Shutting down and abandoning module Paper2D (248)
[2019.01.09-22.09.17:551][184]LogModuleManager: Shutting down and abandoning module WindowsMoviePlayer (246)
[2019.01.09-22.09.17:551][184]LogModuleManager: Shutting down and abandoning module WmfMedia (244)
[2019.01.09-22.09.17:553][184]LogModuleManager: Shutting down and abandoning module Media (243)
[2019.01.09-22.09.17:560][184]LogModuleManager: Shutting down and abandoning module PacketHandler (240)
[2019.01.09-22.09.17:560][184]LogModuleManager: Shutting down and abandoning module ClothingSystemEditor (238)
[2019.01.09-22.09.17:560][184]LogModuleManager: Shutting down and abandoning module ClothingSystemRuntime (236)
[2019.01.09-22.09.17:560][184]LogModuleManager: Shutting down and abandoning module MediaAssets (234)
[2019.01.09-22.09.17:560][184]LogModuleManager: Shutting down and abandoning module Overlay (232)
[2019.01.09-22.09.17:560][184]LogModuleManager: Shutting down and abandoning module OverlayEditor (231)
[2019.01.09-22.09.17:560][184]LogModuleManager: Shutting down and abandoning module VREditor (228)
[2019.01.09-22.09.17:560][184]LogModuleManager: Shutting down and abandoning module StringTableEditor (226)
[2019.01.09-22.09.17:560][184]LogModuleManager: Shutting down and abandoning module GameplayTasksEditor (224)
[2019.01.09-22.09.17:560][184]LogModuleManager: Shutting down and abandoning module BehaviorTreeEditor (222)
[2019.01.09-22.09.17:560][184]LogModuleManager: Shutting down and abandoning module FunctionalTesting (220)
[2019.01.09-22.09.17:560][184]LogModuleManager: Shutting down and abandoning module CollisionAnalyzer (218)
[2019.01.09-22.09.17:560][184]LogModuleManager: Shutting down and abandoning module WorkspaceMenuStructure (217)
[2019.01.09-22.09.17:560][184]LogModuleManager: Shutting down and abandoning module UMG (214)
[2019.01.09-22.09.17:560][184]LogModuleManager: Shutting down and abandoning module UMGEditor (213)
[2019.01.09-22.09.17:560][184]LogModuleManager: Shutting down and abandoning module Sequencer (212)
[2019.01.09-22.09.17:560][184]LogModuleManager: Shutting down and abandoning module MessageLog (209)
[2019.01.09-22.09.17:560][184]LogModuleManager: Shutting down and abandoning module SlateReflector (204)
[2019.01.09-22.09.17:560][184]LogModuleManager: Shutting down and abandoning module Slate (202)
[2019.01.09-22.09.17:560][184]LogModuleManager: Shutting down and abandoning module EditorStyle (200)
[2019.01.09-22.09.17:561][184]LogModuleManager: Shutting down and abandoning module MRMesh (198)
[2019.01.09-22.09.17:561][184]LogModuleManager: Shutting down and abandoning module SourceCodeAccess (196)
[2019.01.09-22.09.17:561][184]LogModuleManager: Shutting down and abandoning module HeadMountedDisplay (194)
[2019.01.09-22.09.17:561][184]LogModuleManager: Shutting down and abandoning module XAudio2 (192)
[2019.01.09-22.09.17:561][184]LogModuleManager: Shutting down and abandoning module Networking (190)
[2019.01.09-22.09.17:562][184]LogModuleManager: Shutting down and abandoning module Core (188)
[2019.01.09-22.09.17:562][184]LogModuleManager: Shutting down and abandoning module LevelSequence (186)
[2019.01.09-22.09.17:562][184]LogModuleManager: Shutting down and abandoning module KismetCompiler (184)
[2019.01.09-22.09.17:562][184]LogModuleManager: Shutting down and abandoning module MeshUtilities (182)
[2019.01.09-22.09.17:562][184]LogModuleManager: Shutting down and abandoning module MeshMergeUtilities (181)
[2019.01.09-22.09.17:562][184]LogModuleManager: Shutting down and abandoning module MeshReductionInterface (180)
[2019.01.09-22.09.17:562][184]LogModuleManager: Shutting down and abandoning module SimplygonSwarm (179)
[2019.01.09-22.09.17:562][184]LogModuleManager: Shutting down and abandoning module ProxyLODMeshReduction (177)
[2019.01.09-22.09.17:562][184]LogModuleManager: Shutting down and abandoning module SimplygonMeshReduction (175)
[2019.01.09-22.09.17:562][184]LogModuleManager: Shutting down and abandoning module QuadricMeshReduction (173)
[2019.01.09-22.09.17:562][184]LogModuleManager: Shutting down and abandoning module MaterialBaking (169)
[2019.01.09-22.09.17:562][184]LogModuleManager: Shutting down and abandoning module DirectoryWatcher (165)
[2019.01.09-22.09.17:562][184]LogModuleManager: Shutting down and abandoning module DerivedDataCache (162)
[2019.01.09-22.09.17:618][184]LogDerivedDataCache: Shutdown
[2019.01.09-22.09.17:618][184]LogModuleManager: Shutting down and abandoning module XGEController (160)
[2019.01.09-22.09.17:618][184]LogModuleManager: Shutting down and abandoning module TargetPlatform (158)
[2019.01.09-22.09.17:619][184]LogModuleManager: Shutting down and abandoning module VulkanShaderFormat (157)
[2019.01.09-22.09.17:619][184]LogModuleManager: Shutting down and abandoning module ShaderFormatVectorVM (155)
[2019.01.09-22.09.17:619][184]LogModuleManager: Shutting down and abandoning module ShaderFormatOpenGL (153)
[2019.01.09-22.09.17:619][184]LogModuleManager: Shutting down and abandoning module ShaderFormatD3D (151)
[2019.01.09-22.09.17:619][184]LogModuleManager: Shutting down and abandoning module MetalShaderFormat (149)
[2019.01.09-22.09.17:619][184]LogModuleManager: Shutting down and abandoning module TextureFormatUncompressed (147)
[2019.01.09-22.09.17:619][184]LogModuleManager: Shutting down and abandoning module TextureFormatPVR (145)
[2019.01.09-22.09.17:619][184]LogModuleManager: Shutting down and abandoning module TextureFormatDXT (143)
[2019.01.09-22.09.17:619][184]LogModuleManager: Shutting down and abandoning module TextureFormatIntelISPCTexComp (141)
[2019.01.09-22.09.17:619][184]LogModuleManager: Shutting down and abandoning module TextureFormatASTC (139)
[2019.01.09-22.09.17:619][184]LogModuleManager: Shutting down and abandoning module ImageWrapper (138)
[2019.01.09-22.09.17:619][184]LogModuleManager: Shutting down and abandoning module TextureFormatAndroid (135)
[2019.01.09-22.09.17:619][184]LogModuleManager: Shutting down and abandoning module AudioFormatOpus (133)
[2019.01.09-22.09.17:619][184]LogModuleManager: Shutting down and abandoning module AudioFormatOgg (131)
[2019.01.09-22.09.17:619][184]LogModuleManager: Shutting down and abandoning module AudioFormatADPCM (129)
[2019.01.09-22.09.17:619][184]LogModuleManager: Shutting down and abandoning module LuminTargetPlatform (127)
[2019.01.09-22.09.17:619][184]LogModuleManager: Shutting down and abandoning module LinuxTargetPlatform (125)
[2019.01.09-22.09.17:619][184]LogModuleManager: Shutting down and abandoning module LinuxServerTargetPlatform (123)
[2019.01.09-22.09.17:619][184]LogModuleManager: Shutting down and abandoning module LinuxNoEditorTargetPlatform (121)
[2019.01.09-22.09.17:619][184]LogModuleManager: Shutting down and abandoning module LinuxClientTargetPlatform (119)
[2019.01.09-22.09.17:619][184]LogModuleManager: Shutting down and abandoning module TVOSTargetPlatform (117)
[2019.01.09-22.09.17:620][184]LogModuleManager: Shutting down and abandoning module Messaging (115)
[2019.01.09-22.09.17:620][184]LogModuleManager: Shutting down and abandoning module IOSTargetPlatform (113)
[2019.01.09-22.09.17:620][184]LogModuleManager: Shutting down and abandoning module HTML5TargetPlatform (111)
[2019.01.09-22.09.17:620][184]LogModuleManager: Shutting down and abandoning module AndroidTargetPlatform (109)
[2019.01.09-22.09.17:626][184]LogModuleManager: Shutting down and abandoning module WindowsTargetPlatform (107)
[2019.01.09-22.09.17:626][184]LogModuleManager: Shutting down and abandoning module WindowsServerTargetPlatform (105)
[2019.01.09-22.09.17:626][184]LogModuleManager: Shutting down and abandoning module WindowsNoEditorTargetPlatform (103)
[2019.01.09-22.09.17:626][184]LogModuleManager: Shutting down and abandoning module WindowsClientTargetPlatform (101)
[2019.01.09-22.09.17:626][184]LogModuleManager: Shutting down and abandoning module MacTargetPlatform (99)
[2019.01.09-22.09.17:626][184]LogModuleManager: Shutting down and abandoning module MacServerTargetPlatform (97)
[2019.01.09-22.09.17:626][184]LogModuleManager: Shutting down and abandoning module MacNoEditorTargetPlatform (95)
[2019.01.09-22.09.17:626][184]LogModuleManager: Shutting down and abandoning module MacClientTargetPlatform (93)
[2019.01.09-22.09.17:626][184]LogModuleManager: Shutting down and abandoning module AllDesktopTargetPlatform (91)
[2019.01.09-22.09.17:626][184]LogModuleManager: Shutting down and abandoning module InputCore (88)
[2019.01.09-22.09.17:626][184]LogModuleManager: Shutting down and abandoning module Settings (86)
[2019.01.09-22.09.17:626][184]LogModuleManager: Shutting down and abandoning module PhysXCooking (84)
[2019.01.09-22.09.17:626][184]LogModuleManager: Shutting down and abandoning module SteamVR (82)
[2019.01.09-22.09.17:626][184]LogModuleManager: Shutting down and abandoning module OculusHMD (80)
[2019.01.09-22.09.17:626][184]LogModuleManager: Shutting down and abandoning module ExampleDeviceProfileSelector (78)
[2019.01.09-22.09.17:626][184]LogModuleManager: Shutting down and abandoning module LauncherChunkInstaller (76)
[2019.01.09-22.09.17:626][184]LogModuleManager: Shutting down and abandoning module OnlineBlueprintSupport (74)
[2019.01.09-22.09.17:626][184]LogModuleManager: Shutting down and abandoning module OnlineSubsystem (70)
[2019.01.09-22.09.17:627][184]LogModuleManager: Shutting down and abandoning module XMPP (65)
[2019.01.09-22.09.17:627][184]LogModuleManager: Shutting down and abandoning module WebSockets (64)
[2019.01.09-22.09.17:635][184]LogModuleManager: Shutting down and abandoning module HTTP (61)
[2019.01.09-22.09.17:635][184]LogHttp: Display: Http module shutting down, but needs to wait on 1 outstanding Http requests:
[2019.01.09-22.09.17:635][184]LogHttp: Display: 	verb=[POST] url=[https://datarouter.ol.epicgames.com/datarouter/api/v1/public/data?SessionID=%7B9663432D-4DCE-B765-EE6C-5295BF2A411E%7D&AppID=UEEditor.Rocket.Release&AppVersion=4.20.3-4369336%2B%2B%2BUE4%2BRelease-4.20&UserID=01a0682a49c4eaf1b6df98857b8ea1e1%7Cb1e173f751d441798c27c3c423850547%7C41cdd963-9c72-4d9f-aa1d-7f6f451fb282&AppEnvironment=datacollector-binary&UploadType=eteventstream] status=Processing
[2019.01.09-22.09.17:667][184]LogModuleManager: Shutting down and abandoning module SSL (60)
[2019.01.09-22.09.17:668][184]LogModuleManager: Shutting down and abandoning module MagicLeapEmulator (56)
[2019.01.09-22.09.17:668][184]LogModuleManager: Shutting down and abandoning module MagicLeapPrivileges (54)
[2019.01.09-22.09.17:668][184]LogModuleManager: Shutting down and abandoning module MagicLeapIdentity (52)
[2019.01.09-22.09.17:668][184]LogModuleManager: Shutting down and abandoning module MagicLeapHelperVulkan (50)
[2019.01.09-22.09.17:668][184]LogModuleManager: Shutting down and abandoning module MagicLeapHelperOpenGL (48)
[2019.01.09-22.09.17:668][184]LogModuleManager: Shutting down and abandoning module MagicLeapSecureStorage (46)
[2019.01.09-22.09.17:668][184]LogModuleManager: Shutting down and abandoning module MagicLeapGestures (44)
[2019.01.09-22.09.17:668][184]LogModuleManager: Shutting down and abandoning module MagicLeapEyeTracker (42)
[2019.01.09-22.09.17:668][184]LogModuleManager: Shutting down and abandoning module MagicLeapController (40)
[2019.01.09-22.09.17:668][184]LogSlate: Slate User Destroyed.  User Index 0, Is Virtual User: 0
[2019.01.09-22.09.17:668][184]LogModuleManager: Shutting down and abandoning module MagicLeap (38)
[2019.01.09-22.09.17:668][184]LogModuleManager: Shutting down and abandoning module AnimationModifiers (36)
[2019.01.09-22.09.17:668][184]LogModuleManager: Shutting down and abandoning module PropertyEditor (35)
[2019.01.09-22.09.17:668][184]LogModuleManager: Shutting down and abandoning module AudioEditor (32)
[2019.01.09-22.09.17:668][184]LogModuleManager: Shutting down and abandoning module TextureCompressor (30)
[2019.01.09-22.09.17:669][184]LogModuleManager: Shutting down and abandoning module ShaderCore (28)
[2019.01.09-22.09.17:669][184]LogModuleManager: Shutting down and abandoning module Landscape (26)
[2019.01.09-22.09.17:669][184]LogModuleManager: Shutting down and abandoning module SlateRHIRenderer (24)
[2019.01.09-22.09.17:669][184]LogModuleManager: Shutting down and abandoning module OpenGLDrv (22)
[2019.01.09-22.09.17:669][184]LogModuleManager: Shutting down and abandoning module D3D11RHI (20)
[2019.01.09-22.09.17:669][184]LogModuleManager: Shutting down and abandoning module AnimGraphRuntime (18)
[2019.01.09-22.09.17:669][184]LogModuleManager: Shutting down and abandoning module Renderer (16)
[2019.01.09-22.09.17:669][184]LogModuleManager: Shutting down and abandoning module Engine (14)
[2019.01.09-22.09.17:669][184]LogModuleManager: Shutting down and abandoning module CoreUObject (12)
[2019.01.09-22.09.17:669][184]LogModuleManager: Shutting down and abandoning module NetworkFile (10)
[2019.01.09-22.09.17:669][184]LogModuleManager: Shutting down and abandoning module CookedIterativeFile (8)
[2019.01.09-22.09.17:669][184]LogModuleManager: Shutting down and abandoning module StreamingFile (6)
[2019.01.09-22.09.17:669][184]LogModuleManager: Shutting down and abandoning module SandboxFile (4)
[2019.01.09-22.09.17:669][184]LogModuleManager: Shutting down and abandoning module PakFile (2)
[2019.01.09-22.09.17:676][184]LogExit: Exiting.
[2019.01.09-22.09.17:708][184]Log file closed, 01/09/19 17:09:17
