Log file open, 01/09/19 13:06:05
LogWindows: Failed to load 'aqProf.dll' (GetLastError=126)
LogWindows: File 'aqProf.dll' does not exist
LogWindows: Failed to load 'VSPerf140.dll' (GetLastError=126)
LogWindows: File 'VSPerf140.dll' does not exist
LogWindows: Failed to load 'VtuneApi.dll' (GetLastError=126)
LogWindows: File 'VtuneApi.dll' does not exist
LogWindows: Failed to load 'VtuneApi32e.dll' (GetLastError=126)
LogWindows: File 'VtuneApi32e.dll' does not exist
LogInit: Display: Running engine for game: TwinStickShooter
LogPlatformFile: Not using cached read wrapper
LogTaskGraph: Started task graph with 5 named threads and 23 total threads with 3 sets of task threads.
LogStats: Stats thread started at 0.291415
LogD3D11RHI: Loaded GFSDK_Aftermath_Lib.x64.dll
LogICUInternationalization: Display: ICU TimeZone Detection - Raw Offset: -5:00, Platform Override: ''
LogPluginManager: Mounting plugin Paper2D
LogPluginManager: Mounting plugin AISupport
LogPluginManager: Mounting plugin LightPropagationVolume
LogPluginManager: Mounting plugin CLionSourceCodeAccess
LogPluginManager: Mounting plugin CodeLiteSourceCodeAccess
LogPluginManager: Mounting plugin GitSourceControl
LogPluginManager: Mounting plugin KDevelopSourceCodeAccess
LogPluginManager: Mounting plugin NullSourceCodeAccess
LogPluginManager: Mounting plugin PerforceSourceControl
LogPluginManager: Mounting plugin SubversionSourceControl
LogPluginManager: Mounting plugin UObjectPlugin
LogPluginManager: Mounting plugin VisualStudioCodeSourceCodeAccess
LogPluginManager: Mounting plugin VisualStudioSourceCodeAccess
LogPluginManager: Mounting plugin XCodeSourceCodeAccess
LogPluginManager: Mounting plugin AssetManagerEditor
LogPluginManager: Mounting plugin CryptoKeys
LogPluginManager: Mounting plugin DataValidation
LogPluginManager: Mounting plugin FacialAnimation
LogPluginManager: Mounting plugin GameplayTagsEditor
LogPluginManager: Mounting plugin MacGraphicsSwitching
LogPluginManager: Mounting plugin MeshEditor
LogPluginManager: Mounting plugin MobileLauncherProfileWizard
LogPluginManager: Mounting plugin PluginBrowser
LogPluginManager: Mounting plugin SpeedTreeImporter
LogPluginManager: Mounting plugin DatasmithContent
LogPluginManager: Mounting plugin AlembicImporter
LogPluginManager: Mounting plugin AppleImageUtils
LogPluginManager: Mounting plugin AppleVision
LogPluginManager: Mounting plugin BackChannel
LogPluginManager: Mounting plugin CharacterAI
LogPluginManager: Mounting plugin GeometryCache
LogPluginManager: Mounting plugin HTML5Networking
LogPluginManager: Mounting plugin ProxyLODPlugin
LogPluginManager: Mounting plugin MagicLeap
LogPluginManager: Mounting plugin MagicLeapEmulator
LogPluginManager: Mounting plugin MagicLeapMedia
LogPluginManager: Mounting plugin AndroidMedia
LogPluginManager: Mounting plugin AvfMedia
LogPluginManager: Mounting plugin ImgMedia
LogPluginManager: Mounting plugin LinearTimecode
LogPluginManager: Mounting plugin MediaCompositing
LogPluginManager: Mounting plugin MediaPlayerEditor
LogPluginManager: Mounting plugin WmfMedia
LogPluginManager: Mounting plugin TcpMessaging
LogPluginManager: Mounting plugin UdpMessaging
LogPluginManager: Mounting plugin ActorSequence
LogPluginManager: Mounting plugin LevelSequenceEditor
LogPluginManager: Mounting plugin MatineeToLevelSequence
LogPluginManager: Mounting plugin NetcodeUnitTest
LogPluginManager: Mounting plugin NUTUnrealEngine4
LogPluginManager: Mounting plugin OnlineSubsystemGooglePlay
LogPluginManager: Mounting plugin OnlineSubsystemIOS
LogPluginManager: Mounting plugin OnlineSubsystem
LogPluginManager: Mounting plugin OnlineSubsystemNull
LogPluginManager: Mounting plugin OnlineSubsystemUtils
LogPluginManager: Mounting plugin LauncherChunkInstaller
LogPluginManager: Mounting plugin AndroidDeviceProfileSelector
LogPluginManager: Mounting plugin AndroidMoviePlayer
LogPluginManager: Mounting plugin AndroidPermission
LogPluginManager: Mounting plugin AppleMoviePlayer
LogPluginManager: Mounting plugin ArchVisCharacter
LogPluginManager: Mounting plugin AudioCapture
LogPluginManager: Mounting plugin CableComponent
LogPluginManager: Mounting plugin CustomMeshComponent
LogPluginManager: Mounting plugin EditableMesh
LogPluginManager: Mounting plugin ExampleDeviceProfileSelector
LogPluginManager: Mounting plugin GoogleCloudMessaging
LogPluginManager: Mounting plugin ImmediatePhysics
LogPluginManager: Mounting plugin IOSDeviceProfileSelector
LogPluginManager: Mounting plugin LinuxDeviceProfileSelector
LogPluginManager: Mounting plugin LocationServicesBPLibrary
LogPluginManager: Mounting plugin MobilePatchingUtils
LogPluginManager: Mounting plugin OculusVR
LogPluginManager: Plugin shader directory ../../../Engine/Plugins/Runtime/Oculus/OculusVR/Shaders found
LogPluginManager: Mapping shader source directory ../../../Engine/Plugins/Runtime/Oculus/OculusVR/Shaders to virtual directory /Plugin/OculusVR
LogPluginManager: Mounting plugin PhysXVehicles
LogPluginManager: Mounting plugin ProceduralMeshComponent
LogPluginManager: Mounting plugin RuntimePhysXCooking
LogPluginManager: Mounting plugin SteamVR
LogPluginManager: Mounting plugin WindowsMoviePlayer
LogStreaming: Display: Took  0.195s to configure plugins.
LogInit: Using libcurl 7.55.1-DEV
LogInit:  - built for x86_64-pc-win32
LogInit:  - supports SSL with OpenSSL/1.0.2h
LogInit:  - supports HTTP deflate (compression) using libz 1.2.8
LogInit:  - other features:
LogInit:      CURL_VERSION_SSL
LogInit:      CURL_VERSION_LIBZ
LogInit:      CURL_VERSION_IPV6
LogInit:      CURL_VERSION_ASYNCHDNS
LogInit:      CURL_VERSION_LARGEFILE
LogInit:      CURL_VERSION_IDN
LogInit:  CurlRequestOptions (configurable via config and command line):
LogInit:  - bVerifyPeer = false  - Libcurl will NOT verify peer certificate
LogInit:  - bUseHttpProxy = false  - Libcurl will NOT use HTTP proxy
LogInit:  - bDontReuseConnections = false  - Libcurl will reuse connections
LogInit:  - CertBundlePath = nullptr  - Libcurl will use whatever was configured at build time.
LogInit:  - MaxHostConnections = 16  - Libcurl will limit the number of connections to a host
LogInit:  - LocalHostAddr = Default
LogInit:  - BufferSize = 65536
LogInit: WinSock: version 1.1 (2.2), MaxSocks=32767, MaxUdp=65467
LogInit: Build: ++UE4+Release-4.20-CL-4369336
LogInit: Engine Version: 4.20.3-4369336+++UE4+Release-4.20
LogInit: Compatible Engine Version: 4.20.0-4212847+++UE4+Release-4.20
LogInit: Net CL: 4212847
LogInit: OS: Windows 10 (), CPU: Intel(R) Core(TM) i7-7700HQ CPU @ 2.80GHz, GPU: NVIDIA GeForce GTX 1060
LogInit: Compiled (64-bit): Sep 17 2018 12:26:19
LogInit: Compiled with Visual C++: 19.13.26129.00
LogInit: Build Configuration: Development
LogInit: Branch Name: ++UE4+Release-4.20
LogInit: Command Line: -EpicPortal  -epicusername="isory72" -epicuserid=b1e173f751d441798c27c3c423850547 -epiclocale=en-US
LogInit: Base Directory: C:/Program Files/Epic Games/UE_4.20/Engine/Binaries/Win64/
LogInit: Installed Engine Build: 1
LogDevObjectVersion: Number of dev versions registered: 20
LogDevObjectVersion:   Dev-Blueprints (B0D832E4-1F89-4F0D-ACCF-7EB736FD4AA2): 10
LogDevObjectVersion:   Dev-Build (E1C64328-A22C-4D53-A36C-8E866417BD8C): 0
LogDevObjectVersion:   Dev-Core (375EC13C-06E4-48FB-B500-84F0262A717E): 2
LogDevObjectVersion:   Dev-Editor (E4B068ED-F494-42E9-A231-DA0B2E46BB41): 24
LogDevObjectVersion:   Dev-Framework (CFFC743F-43B0-4480-9391-14DF171D2073): 34
LogDevObjectVersion:   Dev-Mobile (B02B49B5-BB20-44E9-A304-32B752E40360): 2
LogDevObjectVersion:   Dev-Networking (A4E4105C-59A1-49B5-A7C5-40C4547EDFEE): 0
LogDevObjectVersion:   Dev-Online (39C831C9-5AE6-47DC-9A44-9C173E1C8E7C): 0
LogDevObjectVersion:   Dev-Physics (78F01B33-EBEA-4F98-B9B4-84EACCB95AA2): 0
LogDevObjectVersion:   Dev-Platform (6631380F-2D4D-43E0-8009-CF276956A95A): 0
LogDevObjectVersion:   Dev-Rendering (12F88B9F-8875-4AFC-A67C-D90C383ABD29): 26
LogDevObjectVersion:   Dev-Sequencer (7B5AE74C-D270-4C10-A958-57980B212A5A): 9
LogDevObjectVersion:   Dev-VR (D7296918-1DD6-4BDD-9DE2-64A83CC13884): 2
LogDevObjectVersion:   Dev-LoadTimes (C2A15278-BFE7-4AFE-6C17-90FF531DF755): 1
LogDevObjectVersion:   Private-Geometry (6EACA3D4-40EC-4CC1-B786-8BED09428FC5): 3
LogDevObjectVersion:   Dev-AnimPhys (29E575DD-E0A3-4627-9D10-D276232CDCEA): 17
LogDevObjectVersion:   Dev-ReflectionCapture (6B266CEC-1EC7-4B8F-A30B-E4D90942FC07): 1
LogDevObjectVersion:   Dev-Automation (0DF73D61-A23F-47EA-B727-89E90C41499A): 1
LogDevObjectVersion:   FortniteMain (601D1886-AC64-4F84-AA16-D3DE0DEAC7D6): 12
LogDevObjectVersion:   Dev-Enterprise (9DFFBCD6-494F-0158-E221-12823C92A888): 1
LogStreaming: Display: Took  0.001s to delete old logs.
LogInit: Presizing for max 8388607 objects, including 0 objects not considered by GC, pre-allocating 0 bytes for permanent pool.
LogInit: Object subsystem initialized
[2019.01.09-18.06.05:632][  0]LogInit: Selected Device Profile: [Windows]
[2019.01.09-18.06.05:632][  0]LogInit: Applying CVar settings loaded from the selected device profile: [Windows]
[2019.01.09-18.06.05:644][  0]LogHAL: Display: Platform has ~ 16 GB [17135206400 / 17179869184 / 16], which maps to Larger [LargestMinGB=32, LargerMinGB=12, DefaultMinGB=8, SmallerMinGB=6, SmallestMinGB=0)
[2019.01.09-18.06.05:644][  0]LogInit: Setting Device Profile CVar: [[r.Vulkan.UseRealUBs:1]]
[2019.01.09-18.06.05:644][  0]LogInit: Going up to parent DeviceProfile []
[2019.01.09-18.06.05:645][  0]LogInit: Computer: MSI
[2019.01.09-18.06.05:645][  0]LogInit: User: IanSory
[2019.01.09-18.06.05:645][  0]LogInit: CPU Page size=4096, Cores=4
[2019.01.09-18.06.05:645][  0]LogInit: High frequency timer resolution =2.742186 MHz
[2019.01.09-18.06.05:645][  0]LogMemory: Memory total: Physical=16.0GB (16GB approx)
[2019.01.09-18.06.05:645][  0]LogMemory: Platform Memory Stats for Windows
[2019.01.09-18.06.05:645][  0]LogMemory: Process Physical Memory: 103.58 MB used, 103.58 MB peak
[2019.01.09-18.06.05:645][  0]LogMemory: Process Virtual Memory: 85.99 MB used, 85.99 MB peak
[2019.01.09-18.06.05:645][  0]LogMemory: Physical Memory: 8607.05 MB used,  7734.35 MB free, 16341.41 MB total
[2019.01.09-18.06.05:645][  0]LogMemory: Virtual Memory: 4626.55 MB used,  7734.35 MB free, 134217728.00 MB total
[2019.01.09-18.06.05:666][  0]LogInit: Using OS detected language (en-US).
[2019.01.09-18.06.05:666][  0]LogInit: Using OS detected locale (en-US).
[2019.01.09-18.06.05:667][  0]LogTextLocalizationManager: No specific localization for 'en-US' exists, so the 'en' localization will be used.
[2019.01.09-18.06.06:019][  0]LogStreaming: Display: Took  0.353s to InitEngineTextLocalization.
[2019.01.09-18.06.06:052][  0]LogSlate: New Slate User Created.  User Index 0, Is Virtual User: 0
[2019.01.09-18.06.06:052][  0]LogSlate: Slate User Registered.  User Index 0, Is Virtual User: 0
[2019.01.09-18.06.06:335][  0]LogHMD: Failed to initialize OpenVR with code 110
[2019.01.09-18.06.06:335][  0]LogD3D11RHI: D3D11 adapters:
[2019.01.09-18.06.06:402][  0]LogD3D11RHI:    0. 'NVIDIA GeForce GTX 1060' (Feature Level 11_0)
[2019.01.09-18.06.06:402][  0]LogD3D11RHI:       6052/0/8170 MB DedicatedVideo/DedicatedSystem/SharedSystem, Outputs:1, VendorId:0x10de
[2019.01.09-18.06.06:404][  0]LogD3D11RHI:    1. 'Microsoft Basic Render Driver' (Feature Level 11_0)
[2019.01.09-18.06.06:404][  0]LogD3D11RHI:       0/0/8170 MB DedicatedVideo/DedicatedSystem/SharedSystem, Outputs:0, VendorId:0x1414
[2019.01.09-18.06.06:404][  0]LogD3D11RHI: Chosen D3D11 Adapter: 0
[2019.01.09-18.06.06:411][  0]LogD3D11RHI: Creating new Direct3DDevice
[2019.01.09-18.06.06:411][  0]LogD3D11RHI:     GPU DeviceId: 0x1c60 (for the marketing name, search the web for "GPU Device Id")
[2019.01.09-18.06.06:412][  0]LogWindows: EnumDisplayDevices:
[2019.01.09-18.06.06:412][  0]LogWindows:    0. 'NVIDIA GeForce GTX 1060' (P:1 D:1)
[2019.01.09-18.06.06:412][  0]LogWindows:    1. 'NVIDIA GeForce GTX 1060' (P:0 D:0)
[2019.01.09-18.06.06:413][  0]LogWindows:    2. 'NVIDIA GeForce GTX 1060' (P:0 D:0)
[2019.01.09-18.06.06:413][  0]LogWindows:    3. 'NVIDIA GeForce GTX 1060' (P:0 D:0)
[2019.01.09-18.06.06:414][  0]LogWindows: DebugString: FoundDriverCount:4 
[2019.01.09-18.06.06:414][  0]LogD3D11RHI:     Adapter Name: NVIDIA GeForce GTX 1060
[2019.01.09-18.06.06:414][  0]LogD3D11RHI:   Driver Version: 417.22 (internal:25.21.14.1722, unified:417.22)
[2019.01.09-18.06.06:414][  0]LogD3D11RHI:      Driver Date: 11-29-2018
[2019.01.09-18.06.06:414][  0]LogRHI: Texture pool is 4236 MB (70% of 6052 MB)
[2019.01.09-18.06.06:465][  0]LogD3D11RHI: Async texture creation enabled
[2019.01.09-18.06.06:484][  0]LogD3D11RHI: GPU Timing Frequency: 1000.000000 (Debug: 2 2)
[2019.01.09-18.06.06:528][  0]LogShaderCompilers: Guid format shader working directory is -59 characters bigger than the processId version (../../../../../../Users/Ian Sory/Desktop/smugglers design doc/nsshipma_FinalProject-master/TwinStickShooter/Intermediate/Shaders/WorkingDirectory/11540/).
[2019.01.09-18.06.06:528][  0]LogShaderCompilers: Cleaned the shader compiler working directory 'C:/Users/Ian Sory/AppData/Local/Temp/UnrealShaderWorkingDir/7E0FADA94FFCC0EAEDADB7BCEB532770/'.
[2019.01.09-18.06.06:845][  0]LogTemp: Display: Loaded TP AllDesktopTargetPlatform
[2019.01.09-18.06.06:859][  0]LogTemp: Display: Loaded TP MacClientTargetPlatform
[2019.01.09-18.06.06:872][  0]LogTemp: Display: Loaded TP MacNoEditorTargetPlatform
[2019.01.09-18.06.06:886][  0]LogTemp: Display: Loaded TP MacServerTargetPlatform
[2019.01.09-18.06.06:900][  0]LogTemp: Display: Loaded TP MacTargetPlatform
[2019.01.09-18.06.06:915][  0]LogTemp: Display: Loaded TP WindowsClientTargetPlatform
[2019.01.09-18.06.06:931][  0]LogTemp: Display: Loaded TP WindowsNoEditorTargetPlatform
[2019.01.09-18.06.06:945][  0]LogTemp: Display: Loaded TP WindowsServerTargetPlatform
[2019.01.09-18.06.06:953][  0]LogTemp: Display: Loaded TP WindowsTargetPlatform
[2019.01.09-18.06.07:034][  0]LogTemp: Display: Loaded TP AndroidTargetPlatform
[2019.01.09-18.06.07:034][  0]LogTemp: Display: Loaded TP AndroidTargetPlatform
[2019.01.09-18.06.07:034][  0]LogTemp: Display: Loaded TP AndroidTargetPlatform
[2019.01.09-18.06.07:034][  0]LogTemp: Display: Loaded TP AndroidTargetPlatform
[2019.01.09-18.06.07:034][  0]LogTemp: Display: Loaded TP AndroidTargetPlatform
[2019.01.09-18.06.07:034][  0]LogTemp: Display: Loaded TP AndroidTargetPlatform
[2019.01.09-18.06.07:034][  0]LogTemp: Display: Loaded TP AndroidTargetPlatform
[2019.01.09-18.06.07:034][  0]LogTemp: Display: Loaded TP AndroidTargetPlatform
[2019.01.09-18.06.07:034][  0]LogTemp: Display: Loaded TP AndroidTargetPlatform
[2019.01.09-18.06.07:034][  0]LogTemp: Display: Loaded TP AndroidTargetPlatform
[2019.01.09-18.06.07:034][  0]LogTemp: Display: Loaded TP AndroidTargetPlatform
[2019.01.09-18.06.07:034][  0]LogTemp: Display: Loaded TP AndroidTargetPlatform
[2019.01.09-18.06.07:034][  0]LogTemp: Display: Loaded TP AndroidTargetPlatform
[2019.01.09-18.06.07:034][  0]LogTemp: Display: Loaded TP AndroidTargetPlatform
[2019.01.09-18.06.07:034][  0]LogTemp: Display: Loaded TP AndroidTargetPlatform
[2019.01.09-18.06.07:035][  0]LogTemp: Display: Loaded TP AndroidTargetPlatform
[2019.01.09-18.06.07:035][  0]LogTemp: Display: Loaded TP AndroidTargetPlatform
[2019.01.09-18.06.07:035][  0]LogTemp: Display: Loaded TP AndroidTargetPlatform
[2019.01.09-18.06.07:036][  0]LogTemp: Display: Loaded TP HTML5TargetPlatform
[2019.01.09-18.06.07:098][  0]LogTemp: Display: Loaded TP IOSTargetPlatform
[2019.01.09-18.06.07:098][  0]LogTemp: Display: Loaded TP IOSTargetPlatform
[2019.01.09-18.06.07:122][  0]LogTemp: Display: Loaded TP TVOSTargetPlatform
[2019.01.09-18.06.07:122][  0]LogTemp: Display: Loaded TP TVOSTargetPlatform
[2019.01.09-18.06.07:135][  0]LogTemp: Display: Loaded TP LinuxClientTargetPlatform
[2019.01.09-18.06.07:149][  0]LogTemp: Display: Loaded TP LinuxNoEditorTargetPlatform
[2019.01.09-18.06.07:163][  0]LogTemp: Display: Loaded TP LinuxServerTargetPlatform
[2019.01.09-18.06.07:177][  0]LogTemp: Display: Loaded TP LinuxTargetPlatform
[2019.01.09-18.06.07:187][  0]LogTemp: Display: Loaded TP LuminTargetPlatform
[2019.01.09-18.06.07:187][  0]LogTargetPlatformManager: Display: Building Assets For Windows
[2019.01.09-18.06.07:262][  0]LogXGEController: Cannot use XGE Controller as Incredibuild is not installed on this machine.
[2019.01.09-18.06.07:262][  0]LogShaderCompilers: Cannot use XGE Shader Compiler as Incredibuild is not installed on this machine.
[2019.01.09-18.06.07:262][  0]LogShaderCompilers: Display: Using Local Shader Compiler.
[2019.01.09-18.06.08:049][  0]LogDerivedDataCache: Display: Max Cache Size: 512 MB
[2019.01.09-18.06.08:104][  0]LogDerivedDataCache: Loaded boot cache 0.05s 71MB C:/Users/Ian Sory/AppData/Local/UnrealEngine/4.20/DerivedDataCache/Boot.ddc.
[2019.01.09-18.06.08:105][  0]LogDerivedDataCache: Display: Loaded Boot cache: C:/Users/Ian Sory/AppData/Local/UnrealEngine/4.20/DerivedDataCache/Boot.ddc
[2019.01.09-18.06.08:105][  0]LogDerivedDataCache: FDerivedDataBackendGraph:  Pak pak cache file ../../../../../../Users/Ian Sory/Desktop/smugglers design doc/nsshipma_FinalProject-master/TwinStickShooter/DerivedDataCache/DDC.ddp not found, will not use a pak cache.
[2019.01.09-18.06.08:105][  0]LogDerivedDataCache: Unable to find inner node Pak for hierarchical cache Hierarchy.
[2019.01.09-18.06.08:105][  0]LogDerivedDataCache: FDerivedDataBackendGraph:  CompressedPak pak cache file ../../../../../../Users/Ian Sory/Desktop/smugglers design doc/nsshipma_FinalProject-master/TwinStickShooter/DerivedDataCache/Compressed.ddp not found, will not use a pak cache.
[2019.01.09-18.06.08:105][  0]LogDerivedDataCache: Unable to find inner node CompressedPak for hierarchical cache Hierarchy.
[2019.01.09-18.06.08:118][  0]LogDerivedDataCache: Display: Pak cache opened for reading ../../../Engine/DerivedDataCache/Compressed.ddp.
[2019.01.09-18.06.08:131][  0]LogDerivedDataCache: Using Local data cache path C:/Users/Ian Sory/AppData/Local/UnrealEngine/Common/DerivedDataCache: Writable
[2019.01.09-18.06.08:131][  0]LogDerivedDataCache: Shared data cache path not found in *engine.ini, will not use an Shared cache.
[2019.01.09-18.06.08:131][  0]LogDerivedDataCache: Unable to find inner node Shared for hierarchical cache Hierarchy.
[2019.01.09-18.06.08:149][  0]LogMaterial: Verifying Global Shaders for PCD3D_SM5
[2019.01.09-18.06.08:151][  0]LogSlate: Using FreeType 2.6.0
[2019.01.09-18.06.08:152][  0]LogSlate: SlateFontServices - WITH_FREETYPE: 1, WITH_HARFBUZZ: 1
[2019.01.09-18.06.08:238][  0]LogAssetRegistry: FAssetRegistry took 0.0262 seconds to start up
[2019.01.09-18.06.08:614][  0]LogInit: Selected Device Profile: [Windows]
[2019.01.09-18.06.08:761][  0]LogSimplygon: Simplygon DLL not present - disabling.
[2019.01.09-18.06.08:771][  0]LogMeshReduction: Using SimplygonSwarm for distributed automatic mesh merging
[2019.01.09-18.06.08:771][  0]LogMeshReduction: Using ProxyLODMeshReduction for automatic mesh merging
[2019.01.09-18.06.08:771][  0]LogMeshReduction: Using QuadricMeshReduction for automatic static mesh reduction
[2019.01.09-18.06.08:771][  0]LogMeshReduction: No automatic skeletal mesh reduction module available
[2019.01.09-18.06.08:792][  0]LogNetVersion: TwinStickShooter 1.0.0, NetCL: 4212847, EngineNetVer: 5, GameNetVer: 0 (Checksum: 1666688666)
[2019.01.09-18.06.09:387][  0]LogPackageLocalizationCache: Processed 11 localized package path(s) for 2 prioritized culture(s) in 0.119198 seconds
[2019.01.09-18.06.09:394][  0]LogUObjectArray: 38425 objects as part of root set at end of initial load.
[2019.01.09-18.06.09:394][  0]LogUObjectAllocator: 6690864 out of 0 bytes used by permanent object pool.
[2019.01.09-18.06.09:394][  0]LogUObjectArray: CloseDisregardForGC: 0/0 objects in disregard for GC pool
[2019.01.09-18.06.10:441][  0]LogTcpMessaging: Initializing TcpMessaging bridge
[2019.01.09-18.06.10:455][  0]LogUdpMessaging: Initializing bridge on interface 0.0.0.0:0 to multicast group 230.0.0.1:6666.
[2019.01.09-18.06.10:455][  0]FUdpSocketBuilder: Failed to subscribe UdpMessageMulticastSocket to multicast group 230.0.0.1
[2019.01.09-18.06.10:455][  0]FUdpSocketBuilder: Failed to create and initialize socket UdpMessageMulticastSocket (last error: 0)
[2019.01.09-18.06.10:455][  0]LogUdpMessaging: Warning: StartTransport failed to create multicast socket on 0.0.0.0:0, joined to 230.0.0.1:6666 with TTL 1
[2019.01.09-18.06.10:604][  0]SourceControl: Source control is disabled
[2019.01.09-18.06.10:604][  0]SourceControl: Source control is disabled
[2019.01.09-18.06.10:605][  0]SourceControl: Source control is disabled
[2019.01.09-18.06.10:606][  0]SourceControl: Source control is disabled
[2019.01.09-18.06.10:777][  0]LogAndroidPermission: UAndroidPermissionCallbackProxy::GetInstance
[2019.01.09-18.06.10:839][  0]LogOcInput: OculusInput pre-init called
[2019.01.09-18.06.10:898][  0]LogEngine: Initializing Engine...
[2019.01.09-18.06.10:899][  0]LogHMD: Failed to initialize OpenVR with code 110
[2019.01.09-18.06.10:900][  0]LogStats: UGameplayTagsManager::ConstructGameplayTagTree: ImportINI prefixes -  0.000 s
[2019.01.09-18.06.10:900][  0]LogStats: UGameplayTagsManager::ConstructGameplayTagTree: Construct from data asset -  0.000 s
[2019.01.09-18.06.10:900][  0]LogStats: UGameplayTagsManager::ConstructGameplayTagTree: ImportINI -  0.000 s
[2019.01.09-18.06.10:900][  0]LogStats: UGameplayTagsManager::ConstructGameplayTagTree: GameplayTagTreeChangedEvent.Broadcast -  0.000 s
[2019.01.09-18.06.11:140][  0]LogInit: Initializing FReadOnlyCVARCache
[2019.01.09-18.06.11:159][  0]LogAIModule: Creating AISystem for world Untitled
[2019.01.09-18.06.11:174][  0]LogInit: XAudio2 using 'Speakers (High Definition Audio Device)' : 2 channels at 48 kHz using 16 bits per sample (channel mask 0x3)
[2019.01.09-18.06.11:209][  0]LogInit: FAudioDevice initialized.
[2019.01.09-18.06.11:209][  0]LogNetVersion: Set ProjectVersion to 1.0.0.0. Version Checksum will be recalculated on next use.
[2019.01.09-18.06.11:283][  0]LogDerivedDataCache: Saved boot cache 0.07s 71MB C:/Users/Ian Sory/AppData/Local/UnrealEngine/4.20/DerivedDataCache/Boot.ddc.
[2019.01.09-18.06.11:283][  0]LogInit: Texture streaming: Enabled
[2019.01.09-18.06.11:307][  0]LogEngineSessionManager: EngineSessionManager initialized
[2019.01.09-18.06.11:321][  0]LogInit: Transaction tracking system initialized
[2019.01.09-18.06.11:350][  0]BlueprintLog: New page: Editor Load
[2019.01.09-18.06.11:440][  0]LocalizationService: Localization service is disabled
[2019.01.09-18.06.11:717][  0]LogCook: Display: Max memory allowance for cook 16384mb min free memory 0mb
[2019.01.09-18.06.11:717][  0]LogCook: Display: Mobile HDR setting 1
[2019.01.09-18.06.11:717][  0]LogGameplayTags: Display: UGameplayTagsManager::DoneAddingNativeTags. DelegateIsBound: 0
[2019.01.09-18.06.11:717][  0]LogStats: UGameplayTagsManager::ConstructGameplayTagTree: ImportINI prefixes -  0.000 s
[2019.01.09-18.06.11:717][  0]LogStats: UGameplayTagsManager::ConstructGameplayTagTree: Construct from data asset -  0.000 s
[2019.01.09-18.06.11:717][  0]LogStats: UGameplayTagsManager::ConstructGameplayTagTree: ImportINI -  0.000 s
[2019.01.09-18.06.11:717][  0]LogStats: UGameplayTagsManager::ConstructGameplayTagTree: GameplayTagTreeChangedEvent.Broadcast -  0.000 s
[2019.01.09-18.06.11:867][  0]LogFileCache: Scanning file cache for directory 'C:/Users/Ian Sory/Desktop/smugglers design doc/nsshipma_FinalProject-master/TwinStickShooter/Content/' took 0.03s
[2019.01.09-18.06.11:867][  0]SourceControl: Source control is disabled
[2019.01.09-18.06.11:867][  0]Cmd: MAP LOAD FILE="../../../../../../Users/Ian Sory/Desktop/smugglers design doc/nsshipma_FinalProject-master/TwinStickShooter/Content/ArenaMap.umap" TEMPLATE=0 SHOWPROGRESS=1 FEATURELEVEL=3
[2019.01.09-18.06.11:868][  0]LightingResults: New page: Lighting Build
[2019.01.09-18.06.11:871][  0]MapCheck: New page: Map Check
[2019.01.09-18.06.11:871][  0]LightingResults: New page: Lighting Build
[2019.01.09-18.06.14:317][  0]LogAIModule: Creating AISystem for world ArenaMap
[2019.01.09-18.06.14:341][  0]LogEditorServer: Finished looking for orphan Actors (0.000 secs)
[2019.01.09-18.06.14:374][  0]Cmd: MAP CHECKDEP NOCLEARLOG
[2019.01.09-18.06.14:528][  0]MapCheck: Map check complete: 0 Error(s), 0 Warning(s), took 153.39ms to complete.
[2019.01.09-18.06.14:528][  0]LogFileHelpers: Loading map 'ArenaMap' took 2.661
[2019.01.09-18.06.14:647][  0]LogSlate: Updating window title bar state: overlay mode, drag disabled, window buttons hidden, title bar hidden
[2019.01.09-18.06.14:655][  0]LogSlate: Updating window title bar state: overlay mode, drag disabled, window buttons hidden, title bar hidden
[2019.01.09-18.06.14:663][  0]LogSlate: Updating window title bar state: overlay mode, drag disabled, window buttons hidden, title bar hidden
[2019.01.09-18.06.14:669][  0]LogSlate: Updating window title bar state: overlay mode, drag disabled, window buttons hidden, title bar hidden
[2019.01.09-18.06.14:685][  0]LogCollectionManager: Loaded 0 collections in 0.002865 seconds
[2019.01.09-18.06.14:742][  0]LogFileCache: Scanning file cache for directory 'C:/Users/Ian Sory/Desktop/smugglers design doc/nsshipma_FinalProject-master/TwinStickShooter/Saved/Collections/' took 0.01s
[2019.01.09-18.06.14:742][  0]LogFileCache: Scanning file cache for directory 'C:/Users/Ian Sory/Desktop/smugglers design doc/nsshipma_FinalProject-master/TwinStickShooter/Content/Developers/IanSory/Collections/' took 0.01s
[2019.01.09-18.06.14:742][  0]LogFileCache: Scanning file cache for directory 'C:/Users/Ian Sory/Desktop/smugglers design doc/nsshipma_FinalProject-master/TwinStickShooter/Content/Collections/' took 0.01s
[2019.01.09-18.06.14:742][  0]LogCollectionManager: Rebuilt the GUID cache for 0 collections in 0.000000 seconds
[2019.01.09-18.06.14:756][  0]LogContentBrowser: Native class hierarchy populated in 0.0117 seconds. Added 2573 classes and 605 folders.
[2019.01.09-18.06.14:770][  0]LogContentBrowser: Native class hierarchy updated for 'WidgetCarousel' in 0.0005 seconds. Added 0 classes and 0 folders.
[2019.01.09-18.06.14:906][  0]LogContentBrowser: Native class hierarchy updated for 'AddContentDialog' in 0.0005 seconds. Added 0 classes and 0 folders.
[2019.01.09-18.06.14:947][  0]LogContentBrowser: Native class hierarchy updated for 'SceneOutliner' in 0.0006 seconds. Added 1 classes and 2 folders.
[2019.01.09-18.06.15:114][  0]LogSlate: Took 0.000249 seconds to synchronously load lazily loaded font '../../../Engine/Content/Slate/Fonts/Roboto-Regular.ttf' (155K)
[2019.01.09-18.06.15:116][  0]LogSlate: Took 0.000238 seconds to synchronously load lazily loaded font '../../../Engine/Content/Slate/Fonts/Roboto-Bold.ttf' (160K)
[2019.01.09-18.06.15:123][  0]LogSlate: Took 0.001494 seconds to synchronously load lazily loaded font '../../../Engine/Content/Editor/Slate/Fonts/FontAwesome.ttf' (139K)
[2019.01.09-18.06.15:210][  0]LogRenderer: Reallocating scene render targets to support 512x256 Format 10 NumSamples 1 (Frame:1).
[2019.01.09-18.06.15:227][  0]LogRenderer: Reallocating scene render targets to support 964x436 Format 10 NumSamples 1 (Frame:1).
[2019.01.09-18.06.15:268][  0]LogSlate: Took 0.001776 seconds to synchronously load lazily loaded font '../../../Engine/Content/Slate/Fonts/Roboto-Light.ttf' (167K)
[2019.01.09-18.06.15:334][  0]LogContentBrowser: Native class hierarchy updated for 'HierarchicalLODOutliner' in 0.0005 seconds. Added 0 classes and 0 folders.
[2019.01.09-18.06.15:334][  0]LogLoad: (Engine Initialization) Total time: 12.05 seconds
[2019.01.09-18.06.15:334][  0]LogLoad: (Engine Initialization) Total Blueprint compile time: 0.00 seconds
[2019.01.09-18.06.15:384][  0]LogContentStreaming: Texture pool size now 1000 MB
[2019.01.09-18.06.15:475][  1]LogAssetRegistry: Asset discovery search completed in 7.2581 seconds
[2019.01.09-18.06.15:476][  1]LogCollectionManager: Rebuilt the object cache for 0 collections in 0.000000 seconds (found 0 objects)
[2019.01.09-18.06.15:476][  1]LogCollectionManager: Fixed up redirectors for 0 collections in 0.000043 seconds (updated 0 objects)
[2019.01.09-18.06.21:821][229]LogSlate: FSceneViewport::OnFocusLost() reason 0
[2019.01.09-18.06.23:442][279]LogSlate: Took 0.000300 seconds to synchronously load lazily loaded font '../../../Engine/Content/Slate/Fonts/Roboto-Light.ttf' (167K)
[2019.01.09-18.06.23:767][279]LogAIModule: Creating AISystem for world Level01
[2019.01.09-18.06.23:794][279]LogAssetEditorManager: Opening Asset editor for World /Game/Level01.Level01
[2019.01.09-18.06.23:818][279]Cmd: MAP LOAD FILE="../../../../../../Users/Ian Sory/Desktop/smugglers design doc/nsshipma_FinalProject-master/TwinStickShooter/Content/Level01.umap" TEMPLATE=0 SHOWPROGRESS=1 FEATURELEVEL=3
[2019.01.09-18.06.23:819][279]LightingResults: New page: Lighting Build
[2019.01.09-18.06.23:819][279]LoadErrors: New page: Loading map: Level01.umap
[2019.01.09-18.06.23:820][279]MapCheck: New page: Map Check
[2019.01.09-18.06.23:820][279]LightingResults: New page: Lighting Build
[2019.01.09-18.06.23:975][279]LogEditorServer: Finished looking for orphan Actors (0.000 secs)
[2019.01.09-18.06.24:046][279]Cmd: MAP CHECKDEP NOCLEARLOG
[2019.01.09-18.06.24:208][279]MapCheck: Map check complete: 0 Error(s), 0 Warning(s), took 162.912ms to complete.
[2019.01.09-18.06.24:209][279]LogFileHelpers: Loading map 'Level01' took 0.391
[2019.01.09-18.06.40:657][235]LogSlate: FSceneViewport::OnFocusLost() reason 0
[2019.01.09-18.06.40:800][240]LogTemp: Repeating last play command: Selected Viewport
[2019.01.09-18.06.40:826][240]LogBlueprintUserMessages: Early PlayInEditor Detection: Level '/Game/Level01.Level01:PersistentLevel' has LevelScriptBlueprint '/Game/Level01.Level01:PersistentLevel.Level01' with GeneratedClass '/Game/Level01.Level01_C' with ClassGeneratedBy '/Game/Level01.Level01:PersistentLevel.Level01'
[2019.01.09-18.06.40:826][240]LogPlayLevel: PlayLevel: No blueprints needed recompiling
[2019.01.09-18.06.40:842][240]PIE: New page: PIE session: Level01 (Jan 9, 2019, 8:06:40 AM)
[2019.01.09-18.06.40:842][240]LogPlayLevel: Creating play world package: /Game/UEDPIE_0_Level01
[2019.01.09-18.06.40:855][240]LogPlayLevel: PIE: StaticDuplicateObject took: (0.013276s)
[2019.01.09-18.06.40:856][240]LogAIModule: Creating AISystem for world Level01
[2019.01.09-18.06.40:856][240]LogPlayLevel: PIE: World Init took: (0.000727s)
[2019.01.09-18.06.40:856][240]LogPlayLevel: PIE: Created PIE world by copying editor world from /Game/Level01.Level01 to /Game/UEDPIE_0_Level01.Level01 (0.014197s)
[2019.01.09-18.06.40:889][240]LogInit: XAudio2 using 'Speakers (High Definition Audio Device)' : 2 channels at 48 kHz using 16 bits per sample (channel mask 0x3)
[2019.01.09-18.06.40:901][240]LogInit: FAudioDevice initialized.
[2019.01.09-18.06.40:946][240]LogLoad: Game class is 'TwinStickGameMode_C'
[2019.01.09-18.06.40:958][240]LogWorld: Bringing World /Game/UEDPIE_0_Level01.Level01 up for play (max tick rate 60) at 2019.01.09-13.06.40
[2019.01.09-18.06.40:965][240]LogWorld: Bringing up level for play took: 0.017915
[2019.01.09-18.06.40:985][240]LogContentBrowser: Native class hierarchy updated for 'MovieSceneCapture' in 0.0005 seconds. Added 10 classes and 0 folders.
[2019.01.09-18.06.40:986][240]LogScript: Warning: Script Msg: Attempted to access index 0 from array 'CallFunc_GetAllActorsOfClass_OutActors' of length 0 in '/Game/Blueprints/TwinStickGameMode.TwinStickGameMode_C:ExecuteUbergraph_TwinStickGameMode'!
[2019.01.09-18.06.40:986][240]LogBlueprintUserMessages: Warning: SetTimer passed a bad function (SpawnEnemy) or object (None)
[2019.01.09-18.06.40:994][240]PIE: Play in editor start time for /Game/UEDPIE_0_Level01 -0.635
[2019.01.09-18.06.40:994][240]LogBlueprintUserMessages: Late PlayInEditor Detection: Level '/Game/Level01.Level01:PersistentLevel' has LevelScriptBlueprint '/Game/Level01.Level01:PersistentLevel.Level01' with GeneratedClass '/Game/Level01.Level01_C' with ClassGeneratedBy '/Game/Level01.Level01:PersistentLevel.Level01'
[2019.01.09-18.06.45:944][533]LogScript: Warning: Accessed None trying to read property Room
	EnemyCharacter_C /Game/UEDPIE_0_Level01.Level01:PersistentLevel.EnemyCharacter4
	Function /Game/Blueprints/Enemies/EnemyCharacter.EnemyCharacter_C:ExecuteUbergraph_EnemyCharacter:0036
[2019.01.09-18.06.45:944][533]PIE: Error: Blueprint Runtime Error: "Accessed None trying to read property Room". Blueprint:  EnemyCharacter Function:  Execute Ubergraph Enemy Character Graph:  ManipulateIntInternal Node:  Set Integer (by ref)
[2019.01.09-18.06.45:944][533]LogScript: Warning: Accessed None trying to read property Room
	EnemyCharacter_C /Game/UEDPIE_0_Level01.Level01:PersistentLevel.EnemyCharacter4
	Function /Game/Blueprints/Enemies/EnemyCharacter.EnemyCharacter_C:ExecuteUbergraph_EnemyCharacter:0082
[2019.01.09-18.06.45:944][533]PIE: Error: Blueprint Runtime Error: "Accessed None trying to read property Room". Blueprint:  EnemyCharacter Function:  Execute Ubergraph Enemy Character Graph:  ManipulateIntInternal Node:  Set Integer (by ref)
[2019.01.09-18.06.45:944][533]LogScript: Warning: Attempted to assign to None
	EnemyCharacter_C /Game/UEDPIE_0_Level01.Level01:PersistentLevel.EnemyCharacter4
	Function /Game/Blueprints/Enemies/EnemyCharacter.EnemyCharacter_C:ExecuteUbergraph_EnemyCharacter:0097
[2019.01.09-18.06.45:944][533]PIE: Error: Blueprint Runtime Error: "Attempted to assign to None". Blueprint:  EnemyCharacter Function:  Execute Ubergraph Enemy Character Graph:  ManipulateIntInternal Node:  Set Integer (by ref)
[2019.01.09-18.06.45:944][533]LogScript: Warning: Accessed None trying to read property Room
	EnemyCharacter_C /Game/UEDPIE_0_Level01.Level01:PersistentLevel.EnemyCharacter4
	Function /Game/Blueprints/Enemies/EnemyCharacter.EnemyCharacter_C:ExecuteUbergraph_EnemyCharacter:00B1
[2019.01.09-18.06.45:944][533]PIE: Error: Blueprint Runtime Error: "Accessed None trying to read property Room". Blueprint:  EnemyCharacter Function:  Execute Ubergraph Enemy Character Graph:  EventGraph Node:  Set RoomClear
[2019.01.09-18.06.45:944][533]LogScript: Warning: Accessed None trying to read property Room
	EnemyCharacter_C /Game/UEDPIE_0_Level01.Level01:PersistentLevel.EnemyCharacter4
	Function /Game/Blueprints/Enemies/EnemyCharacter.EnemyCharacter_C:ExecuteUbergraph_EnemyCharacter:00E5
[2019.01.09-18.06.45:944][533]PIE: Error: Blueprint Runtime Error: "Accessed None trying to read property Room". Blueprint:  EnemyCharacter Function:  Execute Ubergraph Enemy Character Graph:  EventGraph Node:  Branch
[2019.01.09-18.06.45:944][533]LogScript: Warning: Accessed None trying to read property Room
	EnemyCharacter_C /Game/UEDPIE_0_Level01.Level01:PersistentLevel.EnemyCharacter4
	Function /Game/Blueprints/Enemies/EnemyCharacter.EnemyCharacter_C:ExecuteUbergraph_EnemyCharacter:011C
[2019.01.09-18.06.45:945][533]PIE: Error: Blueprint Runtime Error: "Accessed None trying to read property Room". Blueprint:  EnemyCharacter Function:  Execute Ubergraph Enemy Character Graph:  EventGraph Node:  Open Doors
[2019.01.09-18.06.49:204][727]LogScript: Warning: Accessed None trying to read property Room
	EnemyCharacter_C /Game/UEDPIE_0_Level01.Level01:PersistentLevel.EnemyCharacter3
	Function /Game/Blueprints/Enemies/EnemyCharacter.EnemyCharacter_C:ExecuteUbergraph_EnemyCharacter:0036
[2019.01.09-18.06.49:204][727]PIE: Error: Blueprint Runtime Error: "Accessed None trying to read property Room". Blueprint:  EnemyCharacter Function:  Execute Ubergraph Enemy Character Graph:  ManipulateIntInternal Node:  Set Integer (by ref)
[2019.01.09-18.06.49:204][727]LogScript: Warning: Accessed None trying to read property Room
	EnemyCharacter_C /Game/UEDPIE_0_Level01.Level01:PersistentLevel.EnemyCharacter3
	Function /Game/Blueprints/Enemies/EnemyCharacter.EnemyCharacter_C:ExecuteUbergraph_EnemyCharacter:0082
[2019.01.09-18.06.49:204][727]PIE: Error: Blueprint Runtime Error: "Accessed None trying to read property Room". Blueprint:  EnemyCharacter Function:  Execute Ubergraph Enemy Character Graph:  ManipulateIntInternal Node:  Set Integer (by ref)
[2019.01.09-18.06.49:204][727]LogScript: Warning: Attempted to assign to None
	EnemyCharacter_C /Game/UEDPIE_0_Level01.Level01:PersistentLevel.EnemyCharacter3
	Function /Game/Blueprints/Enemies/EnemyCharacter.EnemyCharacter_C:ExecuteUbergraph_EnemyCharacter:0097
[2019.01.09-18.06.49:204][727]PIE: Error: Blueprint Runtime Error: "Attempted to assign to None". Blueprint:  EnemyCharacter Function:  Execute Ubergraph Enemy Character Graph:  ManipulateIntInternal Node:  Set Integer (by ref)
[2019.01.09-18.06.49:204][727]LogScript: Warning: Accessed None trying to read property Room
	EnemyCharacter_C /Game/UEDPIE_0_Level01.Level01:PersistentLevel.EnemyCharacter3
	Function /Game/Blueprints/Enemies/EnemyCharacter.EnemyCharacter_C:ExecuteUbergraph_EnemyCharacter:00B1
[2019.01.09-18.06.49:204][727]PIE: Error: Blueprint Runtime Error: "Accessed None trying to read property Room". Blueprint:  EnemyCharacter Function:  Execute Ubergraph Enemy Character Graph:  EventGraph Node:  Set RoomClear
[2019.01.09-18.06.49:204][727]LogScript: Warning: Accessed None trying to read property Room
	EnemyCharacter_C /Game/UEDPIE_0_Level01.Level01:PersistentLevel.EnemyCharacter3
	Function /Game/Blueprints/Enemies/EnemyCharacter.EnemyCharacter_C:ExecuteUbergraph_EnemyCharacter:00E5
[2019.01.09-18.06.49:204][727]PIE: Error: Blueprint Runtime Error: "Accessed None trying to read property Room". Blueprint:  EnemyCharacter Function:  Execute Ubergraph Enemy Character Graph:  EventGraph Node:  Branch
[2019.01.09-18.06.49:204][727]LogScript: Warning: Accessed None trying to read property Room
	EnemyCharacter_C /Game/UEDPIE_0_Level01.Level01:PersistentLevel.EnemyCharacter3
	Function /Game/Blueprints/Enemies/EnemyCharacter.EnemyCharacter_C:ExecuteUbergraph_EnemyCharacter:011C
[2019.01.09-18.06.49:204][727]PIE: Error: Blueprint Runtime Error: "Accessed None trying to read property Room". Blueprint:  EnemyCharacter Function:  Execute Ubergraph Enemy Character Graph:  EventGraph Node:  Open Doors
[2019.01.09-18.06.58:198][262]LogBlueprintUserMessages: Early EndPlayMap Detection: Level '/Game/Level01.Level01:PersistentLevel' has LevelScriptBlueprint '/Game/Level01.Level01:PersistentLevel.Level01' with GeneratedClass '/Game/Level01.Level01_C' with ClassGeneratedBy '/Game/Level01.Level01:PersistentLevel.Level01'
[2019.01.09-18.06.58:200][262]LogSlate: Updating window title bar state: overlay mode, drag disabled, window buttons hidden, title bar hidden
[2019.01.09-18.06.58:245][262]LogPlayLevel: Display: Shutting down PIE online subsystems
[2019.01.09-18.06.58:245][262]LogBlueprintUserMessages: Late EndPlayMap Detection: Level '/Game/Level01.Level01:PersistentLevel' has LevelScriptBlueprint '/Game/Level01.Level01:PersistentLevel.Level01' with GeneratedClass '/Game/Level01.Level01_C' with ClassGeneratedBy '/Game/Level01.Level01:PersistentLevel.Level01'
[2019.01.09-18.06.58:269][262]LogSlate: Updating window title bar state: overlay mode, drag disabled, window buttons hidden, title bar hidden
[2019.01.09-18.06.58:300][263]LogPlayLevel: Display: Destroying online subsystem :Context_9
[2019.01.09-18.07.00:530][325]LogSlate: FSceneViewport::OnFocusLost() reason 0
[2019.01.09-18.07.05:496][425]LogSlate: Window 'Message Log' being destroyed
[2019.01.09-18.07.05:551][425]LogSlate: Window 'Message Log' being destroyed
[2019.01.09-18.07.08:510][505]LogSlate: FSceneViewport::OnFocusLost() reason 0
[2019.01.09-18.09.42:274][193]LogEditorViewport: Clicking Background
[2019.01.09-18.11.33:526][681]LogEditorViewport: Clicking on Actor (LMB): TurretEnemy_C (TurretEnemy3)
[2019.01.09-18.12.06:188][363]LogEditorViewport: Clicking Background
[2019.01.09-18.12.45:430][668]LogSlate: FSceneViewport::OnFocusLost() reason 0
[2019.01.09-18.13.10:894][823]LogSlate: FSceneViewport::OnFocusLost() reason 0
[2019.01.09-18.16.41:357][663]LogSavePackage: Moving '../../../../../../Users/Ian Sory/Desktop/smugglers design doc/nsshipma_FinalProject-master/TwinStickShooter/Saved/Level01_Auto1359A8BF84D562ABCCCE9C4807C5645C4.tmp' to '../../../../../../Users/Ian Sory/Desktop/smugglers design doc/nsshipma_FinalProject-master/TwinStickShooter/Saved/Autosaves/Game/Level01_Auto1.umap'
[2019.01.09-18.16.41:364][663]LogFileHelpers: Editor autosave (incl. sublevels) for '/Game/Level01' took 0.447
[2019.01.09-18.16.41:364][663]LogFileHelpers: Editor autosave (incl. sublevels) for all levels took 0.447
[2019.01.09-18.37.18:966][126]LogSavePackage: Moving '../../../../../../Users/Ian Sory/Desktop/smugglers design doc/nsshipma_FinalProject-master/TwinStickShooter/Saved/Level01_Auto207669483436CB1B56005BBB0F4EA087F.tmp' to '../../../../../../Users/Ian Sory/Desktop/smugglers design doc/nsshipma_FinalProject-master/TwinStickShooter/Saved/Autosaves/Game/Level01_Auto2.umap'
[2019.01.09-18.37.18:976][126]LogFileHelpers: Editor autosave (incl. sublevels) for '/Game/Level01' took 0.451
[2019.01.09-18.37.18:976][126]LogFileHelpers: Editor autosave (incl. sublevels) for all levels took 0.451
[2019.01.09-18.39.03:878][599]LogTemp: Repeating last play command: Selected Viewport
[2019.01.09-18.39.03:902][599]LogBlueprintUserMessages: Early PlayInEditor Detection: Level '/Game/Level01.Level01:PersistentLevel' has LevelScriptBlueprint '/Game/Level01.Level01:PersistentLevel.Level01' with GeneratedClass '/Game/Level01.Level01_C' with ClassGeneratedBy '/Game/Level01.Level01:PersistentLevel.Level01'
[2019.01.09-18.39.03:903][599]LogPlayLevel: PlayLevel: No blueprints needed recompiling
[2019.01.09-18.39.03:903][599]PIE: New page: PIE session: Level01 (Jan 9, 2019, 8:39:03 AM)
[2019.01.09-18.39.03:903][599]LogPlayLevel: Creating play world package: /Game/UEDPIE_0_Level01
[2019.01.09-18.39.03:914][599]LogPlayLevel: PIE: StaticDuplicateObject took: (0.011392s)
[2019.01.09-18.39.03:915][599]LogAIModule: Creating AISystem for world Level01
[2019.01.09-18.39.03:915][599]LogPlayLevel: PIE: World Init took: (0.000692s)
[2019.01.09-18.39.03:915][599]LogPlayLevel: PIE: Created PIE world by copying editor world from /Game/Level01.Level01 to /Game/UEDPIE_0_Level01.Level01 (0.012222s)
[2019.01.09-18.39.03:947][599]LogInit: XAudio2 using 'Speakers (High Definition Audio Device)' : 2 channels at 48 kHz using 16 bits per sample (channel mask 0x3)
[2019.01.09-18.39.03:960][599]LogInit: FAudioDevice initialized.
[2019.01.09-18.39.03:993][599]LogLoad: Game class is 'TwinStickGameMode_C'
[2019.01.09-18.39.04:007][599]LogWorld: Bringing World /Game/UEDPIE_0_Level01.Level01 up for play (max tick rate 60) at 2019.01.09-13.39.04
[2019.01.09-18.39.04:011][599]LogWorld: Bringing up level for play took: 0.016319
[2019.01.09-18.39.04:024][599]LogScript: Warning: Script Msg: Attempted to access index 0 from array 'CallFunc_GetAllActorsOfClass_OutActors' of length 0 in '/Game/Blueprints/TwinStickGameMode.TwinStickGameMode_C:ExecuteUbergraph_TwinStickGameMode'!
[2019.01.09-18.39.04:024][599]LogBlueprintUserMessages: Warning: SetTimer passed a bad function (SpawnEnemy) or object (None)
[2019.01.09-18.39.04:025][599]PIE: Play in editor start time for /Game/UEDPIE_0_Level01 0.397
[2019.01.09-18.39.04:025][599]LogBlueprintUserMessages: Late PlayInEditor Detection: Level '/Game/Level01.Level01:PersistentLevel' has LevelScriptBlueprint '/Game/Level01.Level01:PersistentLevel.Level01' with GeneratedClass '/Game/Level01.Level01_C' with ClassGeneratedBy '/Game/Level01.Level01:PersistentLevel.Level01'
[2019.01.09-18.39.06:260][701]LogBlueprintUserMessages: Early EndPlayMap Detection: Level '/Game/Level01.Level01:PersistentLevel' has LevelScriptBlueprint '/Game/Level01.Level01:PersistentLevel.Level01' with GeneratedClass '/Game/Level01.Level01_C' with ClassGeneratedBy '/Game/Level01.Level01:PersistentLevel.Level01'
[2019.01.09-18.39.06:260][701]LogSlate: Updating window title bar state: overlay mode, drag disabled, window buttons hidden, title bar hidden
[2019.01.09-18.39.06:322][701]LogPlayLevel: Display: Shutting down PIE online subsystems
[2019.01.09-18.39.06:323][701]LogBlueprintUserMessages: Late EndPlayMap Detection: Level '/Game/Level01.Level01:PersistentLevel' has LevelScriptBlueprint '/Game/Level01.Level01:PersistentLevel.Level01' with GeneratedClass '/Game/Level01.Level01_C' with ClassGeneratedBy '/Game/Level01.Level01:PersistentLevel.Level01'
[2019.01.09-18.39.06:348][701]LogSlate: Updating window title bar state: overlay mode, drag disabled, window buttons hidden, title bar hidden
[2019.01.09-18.39.06:365][702]LogPlayLevel: Display: Destroying online subsystem :Context_21
[2019.01.09-18.39.09:984][898]LogEditorViewport: Clicking on Actor (LMB): MiniMap_C (MiniMap)
[2019.01.09-18.39.12:855][ 66]LogEditorViewport: Clicking on Actor (LMB): PlayerCharacter_C (PlayerCharacter)
[2019.01.09-18.39.14:014][129]LogEditorViewport: Clicking Background
[2019.01.09-18.50.56:797][620]LogSlate: FSceneViewport::OnFocusLost() reason 2
[2019.01.09-18.51.00:635][702]LogSavePackage: Moving '../../../../../../Users/Ian Sory/Desktop/smugglers design doc/nsshipma_FinalProject-master/TwinStickShooter/Saved/Level0194E4DC574559FC83D5446BAC1987AB55.tmp' to '../../../../../../Users/Ian Sory/Desktop/smugglers design doc/nsshipma_FinalProject-master/TwinStickShooter/Content/Level01.umap'
[2019.01.09-18.51.00:687][702]LogFileHelpers: Saving map 'Level01' took 0.687
[2019.01.09-18.51.04:228][794]LogSlate: Window 'TwinStickShooter - Unreal Editor' being destroyed
[2019.01.09-18.51.04:229][794]LogWindowsTextInputMethodSystem: Display: IME system now deactivated.
[2019.01.09-18.51.04:426][795]Cmd: QUIT_EDITOR
[2019.01.09-18.51.04:940][795]LogExit: Preparing to exit.
