Log file open, 12/02/18 11:13:46
LogWindows: Failed to load 'aqProf.dll' (GetLastError=126)
LogWindows: File 'aqProf.dll' does not exist
LogWindows: Failed to load 'VSPerf140.dll' (GetLastError=126)
LogWindows: File 'VSPerf140.dll' does not exist
LogWindows: Failed to load 'VtuneApi.dll' (GetLastError=126)
LogWindows: File 'VtuneApi.dll' does not exist
LogWindows: Failed to load 'VtuneApi32e.dll' (GetLastError=126)
LogWindows: File 'VtuneApi32e.dll' does not exist
LogInit: Display: Running engine for game: TwinStickShooter
LogPlatformFile: Not using cached read wrapper
LogTaskGraph: Started task graph with 5 named threads and 23 total threads with 3 sets of task threads.
LogStats: Stats thread started at 0.275827
LogD3D11RHI: Loaded GFSDK_Aftermath_Lib.x64.dll
LogICUInternationalization: Display: ICU TimeZone Detection - Raw Offset: -5:00, Platform Override: ''
LogPluginManager: Mounting plugin Paper2D
LogPluginManager: Mounting plugin AISupport
LogPluginManager: Mounting plugin LightPropagationVolume
LogPluginManager: Mounting plugin CLionSourceCodeAccess
LogPluginManager: Mounting plugin CodeLiteSourceCodeAccess
LogPluginManager: Mounting plugin GitSourceControl
LogPluginManager: Mounting plugin KDevelopSourceCodeAccess
LogPluginManager: Mounting plugin NullSourceCodeAccess
LogPluginManager: Mounting plugin PerforceSourceControl
LogPluginManager: Mounting plugin SubversionSourceControl
LogPluginManager: Mounting plugin UObjectPlugin
LogPluginManager: Mounting plugin VisualStudioCodeSourceCodeAccess
LogPluginManager: Mounting plugin VisualStudioSourceCodeAccess
LogPluginManager: Mounting plugin XCodeSourceCodeAccess
LogPluginManager: Mounting plugin AssetManagerEditor
LogPluginManager: Mounting plugin CryptoKeys
LogPluginManager: Mounting plugin DataValidation
LogPluginManager: Mounting plugin FacialAnimation
LogPluginManager: Mounting plugin GameplayTagsEditor
LogPluginManager: Mounting plugin MacGraphicsSwitching
LogPluginManager: Mounting plugin MeshEditor
LogPluginManager: Mounting plugin MobileLauncherProfileWizard
LogPluginManager: Mounting plugin PluginBrowser
LogPluginManager: Mounting plugin SpeedTreeImporter
LogPluginManager: Mounting plugin DatasmithContent
LogPluginManager: Mounting plugin AlembicImporter
LogPluginManager: Mounting plugin AppleImageUtils
LogPluginManager: Mounting plugin AppleVision
LogPluginManager: Mounting plugin BackChannel
LogPluginManager: Mounting plugin CharacterAI
LogPluginManager: Mounting plugin GeometryCache
LogPluginManager: Mounting plugin HTML5Networking
LogPluginManager: Mounting plugin ProxyLODPlugin
LogPluginManager: Mounting plugin MagicLeap
LogPluginManager: Mounting plugin MagicLeapEmulator
LogPluginManager: Mounting plugin MagicLeapMedia
LogPluginManager: Mounting plugin AndroidMedia
LogPluginManager: Mounting plugin AvfMedia
LogPluginManager: Mounting plugin ImgMedia
LogPluginManager: Mounting plugin LinearTimecode
LogPluginManager: Mounting plugin MediaCompositing
LogPluginManager: Mounting plugin MediaPlayerEditor
LogPluginManager: Mounting plugin WmfMedia
LogPluginManager: Mounting plugin TcpMessaging
LogPluginManager: Mounting plugin UdpMessaging
LogPluginManager: Mounting plugin ActorSequence
LogPluginManager: Mounting plugin LevelSequenceEditor
LogPluginManager: Mounting plugin MatineeToLevelSequence
LogPluginManager: Mounting plugin NetcodeUnitTest
LogPluginManager: Mounting plugin NUTUnrealEngine4
LogPluginManager: Mounting plugin OnlineSubsystemGooglePlay
LogPluginManager: Mounting plugin OnlineSubsystemIOS
LogPluginManager: Mounting plugin OnlineSubsystem
LogPluginManager: Mounting plugin OnlineSubsystemNull
LogPluginManager: Mounting plugin OnlineSubsystemUtils
LogPluginManager: Mounting plugin LauncherChunkInstaller
LogPluginManager: Mounting plugin AndroidDeviceProfileSelector
LogPluginManager: Mounting plugin AndroidMoviePlayer
LogPluginManager: Mounting plugin AndroidPermission
LogPluginManager: Mounting plugin AppleMoviePlayer
LogPluginManager: Mounting plugin ArchVisCharacter
LogPluginManager: Mounting plugin AudioCapture
LogPluginManager: Mounting plugin CableComponent
LogPluginManager: Mounting plugin CustomMeshComponent
LogPluginManager: Mounting plugin EditableMesh
LogPluginManager: Mounting plugin ExampleDeviceProfileSelector
LogPluginManager: Mounting plugin GoogleCloudMessaging
LogPluginManager: Mounting plugin ImmediatePhysics
LogPluginManager: Mounting plugin IOSDeviceProfileSelector
LogPluginManager: Mounting plugin LinuxDeviceProfileSelector
LogPluginManager: Mounting plugin LocationServicesBPLibrary
LogPluginManager: Mounting plugin MobilePatchingUtils
LogPluginManager: Mounting plugin OculusVR
LogPluginManager: Plugin shader directory ../../../Engine/Plugins/Runtime/Oculus/OculusVR/Shaders found
LogPluginManager: Mapping shader source directory ../../../Engine/Plugins/Runtime/Oculus/OculusVR/Shaders to virtual directory /Plugin/OculusVR
LogPluginManager: Mounting plugin PhysXVehicles
LogPluginManager: Mounting plugin ProceduralMeshComponent
LogPluginManager: Mounting plugin RuntimePhysXCooking
LogPluginManager: Mounting plugin SteamVR
LogPluginManager: Mounting plugin WindowsMoviePlayer
LogStreaming: Display: Took  0.266s to configure plugins.
LogInit: Using libcurl 7.55.1-DEV
LogInit:  - built for x86_64-pc-win32
LogInit:  - supports SSL with OpenSSL/1.0.2h
LogInit:  - supports HTTP deflate (compression) using libz 1.2.8
LogInit:  - other features:
LogInit:      CURL_VERSION_SSL
LogInit:      CURL_VERSION_LIBZ
LogInit:      CURL_VERSION_IPV6
LogInit:      CURL_VERSION_ASYNCHDNS
LogInit:      CURL_VERSION_LARGEFILE
LogInit:      CURL_VERSION_IDN
LogInit:  CurlRequestOptions (configurable via config and command line):
LogInit:  - bVerifyPeer = false  - Libcurl will NOT verify peer certificate
LogInit:  - bUseHttpProxy = false  - Libcurl will NOT use HTTP proxy
LogInit:  - bDontReuseConnections = false  - Libcurl will reuse connections
LogInit:  - CertBundlePath = nullptr  - Libcurl will use whatever was configured at build time.
LogInit:  - MaxHostConnections = 16  - Libcurl will limit the number of connections to a host
LogInit:  - LocalHostAddr = Default
LogInit:  - BufferSize = 65536
LogInit: WinSock: version 1.1 (2.2), MaxSocks=32767, MaxUdp=65467
LogInit: Build: ++UE4+Release-4.20-CL-4233996
LogInit: Engine Version: 4.20.1-4233996+++UE4+Release-4.20
LogInit: Compatible Engine Version: 4.20.0-4212847+++UE4+Release-4.20
LogInit: Net CL: 4212847
LogInit: OS: Windows 10 (), CPU: Intel(R) Core(TM) i7-4790K CPU @ 4.00GHz, GPU: NVIDIA GeForce GTX 960
LogInit: Compiled (64-bit): Jul 26 2018 10:07:30
LogInit: Compiled with Visual C++: 19.13.26129.00
LogInit: Build Configuration: Development
LogInit: Branch Name: ++UE4+Release-4.20
LogInit: Command Line: -EpicPortal  -epicusername="Ankr0w" -epicuserid=8d03bbcd158d461aba4cdd046a4c8aef -epiclocale=en-US
LogInit: Base Directory: C:/Program Files/Epic Games/UE_4.20/Engine/Binaries/Win64/
LogInit: Installed Engine Build: 1
LogDevObjectVersion: Number of dev versions registered: 20
LogDevObjectVersion:   Dev-Blueprints (B0D832E4-1F89-4F0D-ACCF-7EB736FD4AA2): 10
LogDevObjectVersion:   Dev-Build (E1C64328-A22C-4D53-A36C-8E866417BD8C): 0
LogDevObjectVersion:   Dev-Core (375EC13C-06E4-48FB-B500-84F0262A717E): 2
LogDevObjectVersion:   Dev-Editor (E4B068ED-F494-42E9-A231-DA0B2E46BB41): 24
LogDevObjectVersion:   Dev-Framework (CFFC743F-43B0-4480-9391-14DF171D2073): 34
LogDevObjectVersion:   Dev-Mobile (B02B49B5-BB20-44E9-A304-32B752E40360): 2
LogDevObjectVersion:   Dev-Networking (A4E4105C-59A1-49B5-A7C5-40C4547EDFEE): 0
LogDevObjectVersion:   Dev-Online (39C831C9-5AE6-47DC-9A44-9C173E1C8E7C): 0
LogDevObjectVersion:   Dev-Physics (78F01B33-EBEA-4F98-B9B4-84EACCB95AA2): 0
LogDevObjectVersion:   Dev-Platform (6631380F-2D4D-43E0-8009-CF276956A95A): 0
LogDevObjectVersion:   Dev-Rendering (12F88B9F-8875-4AFC-A67C-D90C383ABD29): 26
LogDevObjectVersion:   Dev-Sequencer (7B5AE74C-D270-4C10-A958-57980B212A5A): 9
LogDevObjectVersion:   Dev-VR (D7296918-1DD6-4BDD-9DE2-64A83CC13884): 2
LogDevObjectVersion:   Dev-LoadTimes (C2A15278-BFE7-4AFE-6C17-90FF531DF755): 1
LogDevObjectVersion:   Private-Geometry (6EACA3D4-40EC-4CC1-B786-8BED09428FC5): 3
LogDevObjectVersion:   Dev-AnimPhys (29E575DD-E0A3-4627-9D10-D276232CDCEA): 17
LogDevObjectVersion:   Dev-ReflectionCapture (6B266CEC-1EC7-4B8F-A30B-E4D90942FC07): 1
LogDevObjectVersion:   Dev-Automation (0DF73D61-A23F-47EA-B727-89E90C41499A): 1
LogDevObjectVersion:   FortniteMain (601D1886-AC64-4F84-AA16-D3DE0DEAC7D6): 12
LogDevObjectVersion:   Dev-Enterprise (9DFFBCD6-494F-0158-E221-12823C92A888): 1
LogStreaming: Display: Took  0.002s to delete old logs.
LogInit: Presizing for max 8388607 objects, including 0 objects not considered by GC, pre-allocating 0 bytes for permanent pool.
LogInit: Object subsystem initialized
[2018.12.02-16.13.46:555][  0]LogInit: Selected Device Profile: [Windows]
[2018.12.02-16.13.46:555][  0]LogInit: Applying CVar settings loaded from the selected device profile: [Windows]
[2018.12.02-16.13.46:604][  0]LogHAL: Display: Platform has ~ 24 GB [25715929088 / 34359738368 / 24], which maps to Larger [LargestMinGB=32, LargerMinGB=12, DefaultMinGB=8, SmallerMinGB=6, SmallestMinGB=0)
[2018.12.02-16.13.46:604][  0]LogInit: Setting Device Profile CVar: [[r.Vulkan.UseRealUBs:1]]
[2018.12.02-16.13.46:604][  0]LogInit: Going up to parent DeviceProfile []
[2018.12.02-16.13.46:604][  0]LogInit: Computer: DESKTOP-VBFITEQ
[2018.12.02-16.13.46:604][  0]LogInit: User: Nate
[2018.12.02-16.13.46:604][  0]LogInit: CPU Page size=4096, Cores=4
[2018.12.02-16.13.46:604][  0]LogInit: High frequency timer resolution =3.906257 MHz
[2018.12.02-16.13.46:604][  0]LogMemory: Memory total: Physical=23.9GB (24GB approx)
[2018.12.02-16.13.46:604][  0]LogMemory: Platform Memory Stats for Windows
[2018.12.02-16.13.46:604][  0]LogMemory: Process Physical Memory: 101.37 MB used, 101.37 MB peak
[2018.12.02-16.13.46:604][  0]LogMemory: Process Virtual Memory: 96.16 MB used, 96.16 MB peak
[2018.12.02-16.13.46:604][  0]LogMemory: Physical Memory: 9410.13 MB used,  15114.49 MB free, 24524.62 MB total
[2018.12.02-16.13.46:604][  0]LogMemory: Virtual Memory: 4645.53 MB used,  15114.49 MB free, 134217728.00 MB total
[2018.12.02-16.13.46:619][  0]LogInit: Using OS detected language (en-US).
[2018.12.02-16.13.46:619][  0]LogInit: Using OS detected locale (en-US).
[2018.12.02-16.13.46:619][  0]LogTextLocalizationManager: No specific localization for 'en-US' exists, so the 'en' localization will be used.
[2018.12.02-16.13.47:080][  0]LogStreaming: Display: Took  0.461s to InitEngineTextLocalization.
[2018.12.02-16.13.47:080][  0]LogInit: Setting process to per monitor DPI aware
[2018.12.02-16.13.47:135][  0]LogSlate: New Slate User Created.  User Index 0, Is Virtual User: 0
[2018.12.02-16.13.47:135][  0]LogSlate: Slate User Registered.  User Index 0, Is Virtual User: 0
[2018.12.02-16.13.47:294][  0]LogHMD: Failed to initialize OpenVR with code 110
[2018.12.02-16.13.47:295][  0]LogD3D11RHI: D3D11 adapters:
[2018.12.02-16.13.47:344][  0]LogD3D11RHI:    0. 'NVIDIA GeForce GTX 960' (Feature Level 11_0)
[2018.12.02-16.13.47:344][  0]LogD3D11RHI:       4053/0/12262 MB DedicatedVideo/DedicatedSystem/SharedSystem, Outputs:2, VendorId:0x10de
[2018.12.02-16.13.47:346][  0]LogD3D11RHI:    1. 'Microsoft Basic Render Driver' (Feature Level 11_0)
[2018.12.02-16.13.47:346][  0]LogD3D11RHI:       0/0/12262 MB DedicatedVideo/DedicatedSystem/SharedSystem, Outputs:0, VendorId:0x1414
[2018.12.02-16.13.47:346][  0]LogD3D11RHI: Chosen D3D11 Adapter: 0
[2018.12.02-16.13.47:353][  0]LogD3D11RHI: Creating new Direct3DDevice
[2018.12.02-16.13.47:353][  0]LogD3D11RHI:     GPU DeviceId: 0x1401 (for the marketing name, search the web for "GPU Device Id")
[2018.12.02-16.13.47:353][  0]LogWindows: EnumDisplayDevices:
[2018.12.02-16.13.47:353][  0]LogWindows:    0. 'NVIDIA GeForce GTX 960' (P:0 D:1)
[2018.12.02-16.13.47:353][  0]LogWindows:    1. 'NVIDIA GeForce GTX 960' (P:1 D:1)
[2018.12.02-16.13.47:353][  0]LogWindows:    2. 'NVIDIA GeForce GTX 960' (P:0 D:0)
[2018.12.02-16.13.47:354][  0]LogWindows:    3. 'NVIDIA GeForce GTX 960' (P:0 D:0)
[2018.12.02-16.13.47:354][  0]LogWindows: DebugString: FoundDriverCount:4 
[2018.12.02-16.13.47:354][  0]LogD3D11RHI:     Adapter Name: NVIDIA GeForce GTX 960
[2018.12.02-16.13.47:354][  0]LogD3D11RHI:   Driver Version: 416.94 (internal:25.21.14.1694, unified:416.94)
[2018.12.02-16.13.47:354][  0]LogD3D11RHI:      Driver Date: 11-12-2018
[2018.12.02-16.13.47:354][  0]LogRHI: Texture pool is 2837 MB (70% of 4053 MB)
[2018.12.02-16.13.47:384][  0]LogD3D11RHI: Async texture creation enabled
[2018.12.02-16.13.47:418][  0]LogD3D11RHI: GPU Timing Frequency: 1000.000000 (Debug: 2 2)
[2018.12.02-16.13.47:516][  0]LogShaderCompilers: Guid format shader working directory is -40 characters bigger than the processId version (../../../../../../Users/Nate/Documents/GitHub/nsshipma_FinalProject/TwinStickShooter/Intermediate/Shaders/WorkingDirectory/11848/).
[2018.12.02-16.13.47:516][  0]LogShaderCompilers: Cleaned the shader compiler working directory 'C:/Users/Nate/AppData/Local/Temp/UnrealShaderWorkingDir/3A68EC2B4F119EEB382CB599F050C136/'.
[2018.12.02-16.13.47:738][  0]LogTemp: Display: Loaded TP AllDesktopTargetPlatform
[2018.12.02-16.13.47:749][  0]LogTemp: Display: Loaded TP MacClientTargetPlatform
[2018.12.02-16.13.47:761][  0]LogTemp: Display: Loaded TP MacNoEditorTargetPlatform
[2018.12.02-16.13.47:772][  0]LogTemp: Display: Loaded TP MacServerTargetPlatform
[2018.12.02-16.13.47:783][  0]LogTemp: Display: Loaded TP MacTargetPlatform
[2018.12.02-16.13.47:795][  0]LogTemp: Display: Loaded TP WindowsClientTargetPlatform
[2018.12.02-16.13.47:806][  0]LogTemp: Display: Loaded TP WindowsNoEditorTargetPlatform
[2018.12.02-16.13.47:818][  0]LogTemp: Display: Loaded TP WindowsServerTargetPlatform
[2018.12.02-16.13.47:823][  0]LogTemp: Display: Loaded TP WindowsTargetPlatform
[2018.12.02-16.13.47:889][  0]LogTemp: Display: Loaded TP AndroidTargetPlatform
[2018.12.02-16.13.47:889][  0]LogTemp: Display: Loaded TP AndroidTargetPlatform
[2018.12.02-16.13.47:889][  0]LogTemp: Display: Loaded TP AndroidTargetPlatform
[2018.12.02-16.13.47:889][  0]LogTemp: Display: Loaded TP AndroidTargetPlatform
[2018.12.02-16.13.47:889][  0]LogTemp: Display: Loaded TP AndroidTargetPlatform
[2018.12.02-16.13.47:889][  0]LogTemp: Display: Loaded TP AndroidTargetPlatform
[2018.12.02-16.13.47:889][  0]LogTemp: Display: Loaded TP AndroidTargetPlatform
[2018.12.02-16.13.47:889][  0]LogTemp: Display: Loaded TP AndroidTargetPlatform
[2018.12.02-16.13.47:889][  0]LogTemp: Display: Loaded TP AndroidTargetPlatform
[2018.12.02-16.13.47:889][  0]LogTemp: Display: Loaded TP AndroidTargetPlatform
[2018.12.02-16.13.47:889][  0]LogTemp: Display: Loaded TP AndroidTargetPlatform
[2018.12.02-16.13.47:889][  0]LogTemp: Display: Loaded TP AndroidTargetPlatform
[2018.12.02-16.13.47:889][  0]LogTemp: Display: Loaded TP AndroidTargetPlatform
[2018.12.02-16.13.47:889][  0]LogTemp: Display: Loaded TP AndroidTargetPlatform
[2018.12.02-16.13.47:889][  0]LogTemp: Display: Loaded TP AndroidTargetPlatform
[2018.12.02-16.13.47:889][  0]LogTemp: Display: Loaded TP AndroidTargetPlatform
[2018.12.02-16.13.47:889][  0]LogTemp: Display: Loaded TP AndroidTargetPlatform
[2018.12.02-16.13.47:889][  0]LogTemp: Display: Loaded TP AndroidTargetPlatform
[2018.12.02-16.13.47:890][  0]LogTemp: Display: Loaded TP HTML5TargetPlatform
[2018.12.02-16.13.47:952][  0]LogTemp: Display: Loaded TP IOSTargetPlatform
[2018.12.02-16.13.47:952][  0]LogTemp: Display: Loaded TP IOSTargetPlatform
[2018.12.02-16.13.47:981][  0]LogTemp: Display: Loaded TP TVOSTargetPlatform
[2018.12.02-16.13.47:981][  0]LogTemp: Display: Loaded TP TVOSTargetPlatform
[2018.12.02-16.13.47:994][  0]LogTemp: Display: Loaded TP LinuxClientTargetPlatform
[2018.12.02-16.13.48:004][  0]LogTemp: Display: Loaded TP LinuxNoEditorTargetPlatform
[2018.12.02-16.13.48:015][  0]LogTemp: Display: Loaded TP LinuxServerTargetPlatform
[2018.12.02-16.13.48:026][  0]LogTemp: Display: Loaded TP LinuxTargetPlatform
[2018.12.02-16.13.48:034][  0]LogTemp: Display: Loaded TP LuminTargetPlatform
[2018.12.02-16.13.48:034][  0]LogTargetPlatformManager: Display: Building Assets For Windows
[2018.12.02-16.13.48:081][  0]LogXGEController: Cannot use XGE Controller as Incredibuild is not installed on this machine.
[2018.12.02-16.13.48:081][  0]LogShaderCompilers: Cannot use XGE Shader Compiler as Incredibuild is not installed on this machine.
[2018.12.02-16.13.48:081][  0]LogShaderCompilers: Display: Using Local Shader Compiler.
[2018.12.02-16.13.48:710][  0]LogDerivedDataCache: Display: Max Cache Size: 512 MB
[2018.12.02-16.13.48:818][  0]LogDerivedDataCache: Loaded boot cache 0.08s 71MB C:/Users/Nate/AppData/Local/UnrealEngine/4.20/DerivedDataCache/Boot.ddc.
[2018.12.02-16.13.48:819][  0]LogDerivedDataCache: Display: Loaded Boot cache: C:/Users/Nate/AppData/Local/UnrealEngine/4.20/DerivedDataCache/Boot.ddc
[2018.12.02-16.13.48:819][  0]LogDerivedDataCache: FDerivedDataBackendGraph:  Pak pak cache file ../../../../../../Users/Nate/Documents/GitHub/nsshipma_FinalProject/TwinStickShooter/DerivedDataCache/DDC.ddp not found, will not use a pak cache.
[2018.12.02-16.13.48:819][  0]LogDerivedDataCache: Unable to find inner node Pak for hierarchical cache Hierarchy.
[2018.12.02-16.13.48:819][  0]LogDerivedDataCache: FDerivedDataBackendGraph:  CompressedPak pak cache file ../../../../../../Users/Nate/Documents/GitHub/nsshipma_FinalProject/TwinStickShooter/DerivedDataCache/Compressed.ddp not found, will not use a pak cache.
[2018.12.02-16.13.48:819][  0]LogDerivedDataCache: Unable to find inner node CompressedPak for hierarchical cache Hierarchy.
[2018.12.02-16.13.48:830][  0]LogDerivedDataCache: Display: Pak cache opened for reading ../../../Engine/DerivedDataCache/Compressed.ddp.
[2018.12.02-16.13.48:842][  0]LogDerivedDataCache: Using Local data cache path C:/Users/Nate/AppData/Local/UnrealEngine/Common/DerivedDataCache: Writable
[2018.12.02-16.13.48:842][  0]LogDerivedDataCache: Shared data cache path not found in *engine.ini, will not use an Shared cache.
[2018.12.02-16.13.48:842][  0]LogDerivedDataCache: Unable to find inner node Shared for hierarchical cache Hierarchy.
[2018.12.02-16.13.48:858][  0]LogMaterial: Verifying Global Shaders for PCD3D_SM5
[2018.12.02-16.13.48:859][  0]LogSlate: Using FreeType 2.6.0
[2018.12.02-16.13.48:859][  0]LogSlate: SlateFontServices - WITH_FREETYPE: 1, WITH_HARFBUZZ: 1
[2018.12.02-16.13.48:924][  0]LogAssetRegistry: FAssetRegistry took 0.0261 seconds to start up
[2018.12.02-16.13.49:201][  0]LogInit: Selected Device Profile: [Windows]
[2018.12.02-16.13.49:312][  0]LogSimplygon: Simplygon DLL not present - disabling.
[2018.12.02-16.13.49:315][  0]LogMeshReduction: Using SimplygonSwarm for distributed automatic mesh merging
[2018.12.02-16.13.49:315][  0]LogMeshReduction: Using ProxyLODMeshReduction for automatic mesh merging
[2018.12.02-16.13.49:315][  0]LogMeshReduction: Using QuadricMeshReduction for automatic static mesh reduction
[2018.12.02-16.13.49:315][  0]LogMeshReduction: No automatic skeletal mesh reduction module available
[2018.12.02-16.13.49:336][  0]LogNetVersion: TwinStickShooter 1.0.0, NetCL: 4212847, EngineNetVer: 5, GameNetVer: 0 (Checksum: 1666688666)
[2018.12.02-16.13.49:765][  0]LogPackageLocalizationCache: Processed 11 localized package path(s) for 2 prioritized culture(s) in 0.095880 seconds
[2018.12.02-16.13.49:771][  0]LogUObjectArray: 38425 objects as part of root set at end of initial load.
[2018.12.02-16.13.49:771][  0]LogUObjectAllocator: 6690864 out of 0 bytes used by permanent object pool.
[2018.12.02-16.13.49:771][  0]LogUObjectArray: CloseDisregardForGC: 0/0 objects in disregard for GC pool
[2018.12.02-16.13.50:547][  0]LogTcpMessaging: Initializing TcpMessaging bridge
[2018.12.02-16.13.50:560][  0]LogUdpMessaging: Initializing bridge on interface 0.0.0.0:0 to multicast group 230.0.0.1:6666.
[2018.12.02-16.13.50:742][  0]SourceControl: Source control is disabled
[2018.12.02-16.13.50:742][  0]SourceControl: Source control is disabled
[2018.12.02-16.13.50:743][  0]SourceControl: Source control is disabled
[2018.12.02-16.13.50:744][  0]SourceControl: Source control is disabled
[2018.12.02-16.13.50:928][  0]LogAndroidPermission: UAndroidPermissionCallbackProxy::GetInstance
[2018.12.02-16.13.51:073][  0]LogOcInput: OculusInput pre-init called
[2018.12.02-16.13.51:143][  0]LogEngine: Initializing Engine...
[2018.12.02-16.13.51:143][  0]LogHMD: Failed to initialize OpenVR with code 110
[2018.12.02-16.13.51:144][  0]LogStats: UGameplayTagsManager::ConstructGameplayTagTree: ImportINI prefixes -  0.000 s
[2018.12.02-16.13.51:144][  0]LogStats: UGameplayTagsManager::ConstructGameplayTagTree: Construct from data asset -  0.000 s
[2018.12.02-16.13.51:144][  0]LogStats: UGameplayTagsManager::ConstructGameplayTagTree: ImportINI -  0.000 s
[2018.12.02-16.13.51:144][  0]LogStats: UGameplayTagsManager::ConstructGameplayTagTree: GameplayTagTreeChangedEvent.Broadcast -  0.000 s
[2018.12.02-16.13.51:315][  0]LogInit: Initializing FReadOnlyCVARCache
[2018.12.02-16.13.51:327][  0]LogAIModule: Creating AISystem for world Untitled
[2018.12.02-16.13.51:342][  0]LogInit: XAudio2 using 'Speakers (Realtek High Definition Audio)' : 2 channels at 48 kHz using 32 bits per sample (channel mask 0x3)
[2018.12.02-16.13.51:377][  0]LogInit: FAudioDevice initialized.
[2018.12.02-16.13.51:377][  0]LogNetVersion: Set ProjectVersion to 1.0.0.0. Version Checksum will be recalculated on next use.
[2018.12.02-16.13.51:601][  0]LogDerivedDataCache: Saved boot cache 0.22s 71MB C:/Users/Nate/AppData/Local/UnrealEngine/4.20/DerivedDataCache/Boot.ddc.
[2018.12.02-16.13.51:613][  0]LogInit: Texture streaming: Enabled
[2018.12.02-16.13.51:662][  0]LogEngineSessionManager: EngineSessionManager initialized
[2018.12.02-16.13.51:689][  0]LogInit: Transaction tracking system initialized
[2018.12.02-16.13.51:739][  0]BlueprintLog: New page: Editor Load
[2018.12.02-16.13.51:813][  0]LocalizationService: Localization service is disabled
[2018.12.02-16.13.51:875][  0]LogLinker: Warning: Can't find file '/Game/TwinStickBP/TwinStickOverview'
[2018.12.02-16.13.51:875][  0]LogLinker: Warning: Can't find file '/Game/TwinStickBP/TwinStickOverview'
[2018.12.02-16.13.51:875][  0]LogUObjectGlobals: Warning: Failed to find object 'Class /Game/TwinStickBP/TwinStickOverview.TwinStickOverview_C'
[2018.12.02-16.13.52:028][  0]LogCook: Display: Max memory allowance for cook 16384mb min free memory 0mb
[2018.12.02-16.13.52:028][  0]LogCook: Display: Mobile HDR setting 1
[2018.12.02-16.13.52:028][  0]LogGameplayTags: Display: UGameplayTagsManager::DoneAddingNativeTags. DelegateIsBound: 0
[2018.12.02-16.13.52:028][  0]LogStats: UGameplayTagsManager::ConstructGameplayTagTree: ImportINI prefixes -  0.000 s
[2018.12.02-16.13.52:028][  0]LogStats: UGameplayTagsManager::ConstructGameplayTagTree: Construct from data asset -  0.000 s
[2018.12.02-16.13.52:028][  0]LogStats: UGameplayTagsManager::ConstructGameplayTagTree: ImportINI -  0.000 s
[2018.12.02-16.13.52:028][  0]LogStats: UGameplayTagsManager::ConstructGameplayTagTree: GameplayTagTreeChangedEvent.Broadcast -  0.000 s
[2018.12.02-16.13.52:124][  0]LogFileCache: Scanning file cache for directory 'C:/Users/Nate/Documents/GitHub/nsshipma_FinalProject/TwinStickShooter/Content/' took 0.02s
[2018.12.02-16.13.52:124][  0]SourceControl: Source control is disabled
[2018.12.02-16.13.52:124][  0]Cmd: MAP LOAD FILE="../../../../../../Users/Nate/Documents/GitHub/nsshipma_FinalProject/TwinStickShooter/Content/ArenaMap.umap" TEMPLATE=0 SHOWPROGRESS=1 FEATURELEVEL=3
[2018.12.02-16.13.52:125][  0]LightingResults: New page: Lighting Build
[2018.12.02-16.13.52:127][  0]MapCheck: New page: Map Check
[2018.12.02-16.13.52:127][  0]LightingResults: New page: Lighting Build
[2018.12.02-16.13.57:130][  0]LogAIModule: Creating AISystem for world ArenaMap
[2018.12.02-16.13.57:153][  0]LogEditorServer: Finished looking for orphan Actors (0.000 secs)
[2018.12.02-16.13.57:193][  0]Cmd: MAP CHECKDEP NOCLEARLOG
[2018.12.02-16.13.57:274][  0]MapCheck: Map check complete: 0 Error(s), 0 Warning(s), took 80.241ms to complete.
[2018.12.02-16.13.57:274][  0]LogFileHelpers: Loading map 'ArenaMap' took 5.149
[2018.12.02-16.13.57:524][  0]LogSlate: Updating window title bar state: overlay mode, drag disabled, window buttons hidden, title bar hidden
[2018.12.02-16.13.57:541][  0]LogSlate: Updating window title bar state: overlay mode, drag disabled, window buttons hidden, title bar hidden
[2018.12.02-16.13.57:559][  0]LogSlate: Updating window title bar state: overlay mode, drag disabled, window buttons hidden, title bar hidden
[2018.12.02-16.13.57:570][  0]LogSlate: Updating window title bar state: overlay mode, drag disabled, window buttons hidden, title bar hidden
[2018.12.02-16.13.57:583][  0]LogCollectionManager: Loaded 0 collections in 0.002267 seconds
[2018.12.02-16.13.57:632][  0]LogFileCache: Scanning file cache for directory 'C:/Users/Nate/Documents/GitHub/nsshipma_FinalProject/TwinStickShooter/Saved/Collections/' took 0.01s
[2018.12.02-16.13.57:632][  0]LogFileCache: Scanning file cache for directory 'C:/Users/Nate/Documents/GitHub/nsshipma_FinalProject/TwinStickShooter/Content/Developers/Nate/Collections/' took 0.01s
[2018.12.02-16.13.57:632][  0]LogFileCache: Scanning file cache for directory 'C:/Users/Nate/Documents/GitHub/nsshipma_FinalProject/TwinStickShooter/Content/Collections/' took 0.01s
[2018.12.02-16.13.57:632][  0]LogCollectionManager: Rebuilt the GUID cache for 0 collections in 0.000001 seconds
[2018.12.02-16.13.57:646][  0]LogContentBrowser: Native class hierarchy populated in 0.0139 seconds. Added 2573 classes and 605 folders.
[2018.12.02-16.13.57:654][  0]LogContentBrowser: Native class hierarchy updated for 'WidgetCarousel' in 0.0003 seconds. Added 0 classes and 0 folders.
[2018.12.02-16.13.58:769][  0]LogContentBrowser: Native class hierarchy updated for 'AddContentDialog' in 0.0018 seconds. Added 0 classes and 0 folders.
[2018.12.02-16.13.58:783][  0]LogContentBrowser: Native class hierarchy updated for 'SceneOutliner' in 0.0013 seconds. Added 1 classes and 2 folders.
[2018.12.02-16.13.58:807][  0]LogSlate: Took 0.000255 seconds to synchronously load lazily loaded font '../../../Engine/Content/Slate/Fonts/Roboto-Regular.ttf' (155K)
[2018.12.02-16.13.58:810][  0]LogSlate: Took 0.000248 seconds to synchronously load lazily loaded font '../../../Engine/Content/Slate/Fonts/Roboto-Bold.ttf' (160K)
[2018.12.02-16.13.58:876][  0]LogSlate: Took 0.058729 seconds to synchronously load lazily loaded font '../../../Engine/Content/Editor/Slate/Fonts/FontAwesome.ttf' (139K)
[2018.12.02-16.13.59:031][  0]LogRenderer: Reallocating scene render targets to support 512x256 Format 10 NumSamples 1 (Frame:1).
[2018.12.02-16.13.59:041][  0]LogRenderer: Reallocating scene render targets to support 1208x576 Format 10 NumSamples 1 (Frame:1).
[2018.12.02-16.13.59:102][  0]LogSlate: Took 0.025411 seconds to synchronously load lazily loaded font '../../../Engine/Content/Slate/Fonts/Roboto-Light.ttf' (167K)
[2018.12.02-16.13.59:176][  0]LogContentBrowser: Native class hierarchy updated for 'HierarchicalLODOutliner' in 0.0004 seconds. Added 0 classes and 0 folders.
[2018.12.02-16.13.59:176][  0]LogLoad: (Engine Initialization) Total time: 14.77 seconds
[2018.12.02-16.13.59:176][  0]LogLoad: (Engine Initialization) Total Blueprint compile time: 0.00 seconds
[2018.12.02-16.13.59:185][  0]LogWindowsTextInputMethodSystem: Display: IME system now deactivated.
[2018.12.02-16.13.59:212][  0]LogContentStreaming: Texture pool size now 3000 MB
[2018.12.02-16.13.59:350][  1]LogAssetRegistry: Asset discovery search completed in 10.4490 seconds
[2018.12.02-16.13.59:352][  1]LogCollectionManager: Rebuilt the object cache for 0 collections in 0.000000 seconds (found 0 objects)
[2018.12.02-16.13.59:352][  1]LogCollectionManager: Fixed up redirectors for 0 collections in 0.000046 seconds (updated 0 objects)
[2018.12.02-16.14.00:216][ 98]LogSlate: Took 0.000206 seconds to synchronously load lazily loaded font '../../../Engine/Content/Slate/Fonts/Roboto-Light.ttf' (167K)
[2018.12.02-16.14.02:907][415]LogSlate: FSceneViewport::OnFocusLost() reason 0
[2018.12.02-16.14.03:054][429]LogAssetEditorManager: Opening Asset editor for Blueprint /Game/Blueprints/Rooms/BaseTile.BaseTile
[2018.12.02-16.14.03:413][429]LogContentBrowser: Native class hierarchy updated for 'BlueprintGraph' in 0.0006 seconds. Added 116 classes and 0 folders.
[2018.12.02-16.14.04:216][429]LogAssetEditorManager: Opening Asset editor for Material /Game/Materials/ShockwaveMaterial.ShockwaveMaterial
[2018.12.02-16.14.04:219][429]LogMaterial: Display: Missing cached shader map for material ShockwaveMaterial, compiling. 
[2018.12.02-16.14.04:514][429]LogMaterial: Display: Missing cached shader map for material ShockwaveMaterial, compiling. 
[2018.12.02-16.14.04:531][429]LogMaterial: Display: Missing cached shader map for material ShockwaveMaterial, compiling. 
[2018.12.02-16.14.04:551][429]LogShaderCompilers: Display: Shaders left to compile 30
[2018.12.02-16.14.04:551][429]LogShaderCompilers: Display: Shaders left to compile 29
[2018.12.02-16.14.04:551][429]LogShaderCompilers: Display: Shaders left to compile 28
[2018.12.02-16.14.04:551][429]LogShaderCompilers: Display: Shaders left to compile 27
[2018.12.02-16.14.04:577][429]LogMaterial: Display: Missing cached shader map for material FMatExpressionPreview MaterialExpressionTextureSample_0, compiling. 
[2018.12.02-16.14.04:583][429]LogMaterial: Display: Missing cached shader map for material FMatExpressionPreview MaterialExpressionVectorParameter_0, compiling. 
[2018.12.02-16.14.04:652][429]LogAssetEditorManager: Opening Asset editor for Blueprint /Game/Blueprints/Player/PlayerCharacter.PlayerCharacter
[2018.12.02-16.14.05:063][429]LogShaderCompilers: Display: Shaders left to compile 30
[2018.12.02-16.14.05:063][429]LogShaderCompilers: Display: Shaders left to compile 29
[2018.12.02-16.14.05:063][429]LogShaderCompilers: Display: Shaders left to compile 28
[2018.12.02-16.14.05:063][429]LogShaderCompilers: Display: Shaders left to compile 27
[2018.12.02-16.14.05:066][429]LogAssetEditorManager: Opening Asset editor for Blueprint /Game/Blueprints/Enemies/ShockwaveEnemy.ShockwaveEnemy
[2018.12.02-16.14.05:395][429]LogShaderCompilers: Display: Shaders left to compile 26
[2018.12.02-16.14.05:395][429]LogShaderCompilers: Display: Shaders left to compile 25
[2018.12.02-16.14.05:395][429]LogShaderCompilers: Display: Shaders left to compile 24
[2018.12.02-16.14.05:441][429]LogShaderCompilers: Display: Shaders left to compile 23
[2018.12.02-16.14.05:504][429]LogShaderCompilers: Display: Shaders left to compile 22
[2018.12.02-16.14.05:508][429]LogAssetEditorManager: Opening Asset editor for Blueprint /Game/Blueprints/Enemies/Shockwave.Shockwave
[2018.12.02-16.14.05:841][429]LogShaderCompilers: Display: Shaders left to compile 21
[2018.12.02-16.14.05:841][429]LogShaderCompilers: Display: Shaders left to compile 20
[2018.12.02-16.14.05:841][429]LogShaderCompilers: Display: Shaders left to compile 19
[2018.12.02-16.14.05:955][429]LogAssetEditorManager: Opening Asset editor for Material /Game/Materials/RoomWallMiniMapMaterial.RoomWallMiniMapMaterial
[2018.12.02-16.14.05:960][429]LogMaterial: Display: Missing cached shader map for material RoomWallMiniMapMaterial, compiling. 
[2018.12.02-16.14.05:995][429]LogShaderCompilers: Display: Shaders left to compile 18
[2018.12.02-16.14.06:095][429]LogShaderCompilers: Display: Shaders left to compile 17
[2018.12.02-16.14.06:095][429]LogMaterial: Display: Missing cached shader map for material RoomWallMiniMapMaterial, compiling. 
[2018.12.02-16.14.06:110][429]LogShaderCompilers: Display: Shaders left to compile 16
[2018.12.02-16.14.06:112][429]LogMaterial: Display: Missing cached shader map for material RoomWallMiniMapMaterial, compiling. 
[2018.12.02-16.14.06:158][429]LogShaderCompilers: Display: Shaders left to compile 36
[2018.12.02-16.14.06:158][429]LogMaterial: Display: Missing cached shader map for material FMatExpressionPreview MaterialExpressionConstant3Vector_0, compiling. 
[2018.12.02-16.14.06:264][429]LogSlate: Took 0.022708 seconds to synchronously load lazily loaded font '../../../Engine/Content/Slate/Fonts/Roboto-BoldCondensed.ttf' (158K)
[2018.12.02-16.14.06:356][429]LogShaderCompilers: Display: Shaders left to compile 37
[2018.12.02-16.14.06:504][433]LogShaderCompilers: Display: Shaders left to compile 36
[2018.12.02-16.14.06:681][443]LogSlate: Took 0.020489 seconds to synchronously load lazily loaded font '../../../Engine/Content/Slate/Fonts/Roboto-Italic.ttf' (157K)
[2018.12.02-16.14.06:752][449]LogShaderCompilers: Display: Shaders left to compile 35
[2018.12.02-16.14.06:764][450]LogShaderCompilers: Display: Shaders left to compile 34
[2018.12.02-16.14.06:823][455]LogShaderCompilers: Display: Shaders left to compile 33
[2018.12.02-16.14.07:031][469]LogShaderCompilers: Display: Shaders left to compile 32
[2018.12.02-16.14.07:193][480]LogShaderCompilers: Display: Shaders left to compile 31
[2018.12.02-16.14.07:249][484]LogShaderCompilers: Display: Shaders left to compile 30
[2018.12.02-16.14.07:343][490]LogShaderCompilers: Display: Shaders left to compile 29
[2018.12.02-16.14.07:504][501]LogShaderCompilers: Display: Shaders left to compile 28
[2018.12.02-16.14.07:605][508]LogShaderCompilers: Display: Shaders left to compile 27
[2018.12.02-16.14.07:689][513]LogShaderCompilers: Display: Shaders left to compile 26
[2018.12.02-16.14.07:811][521]LogShaderCompilers: Display: Shaders left to compile 25
[2018.12.02-16.14.07:917][528]LogShaderCompilers: Display: Shaders left to compile 24
[2018.12.02-16.14.07:930][529]LogShaderCompilers: Display: Shaders left to compile 23
[2018.12.02-16.14.07:999][534]LogShaderCompilers: Display: Shaders left to compile 22
[2018.12.02-16.14.08:019][535]MaterialEditorStats: Base pass shader: 70 instructions
[2018.12.02-16.14.08:019][535]MaterialEditorStats: Base pass shader with Volumetric Lightmap: 91 instructions
[2018.12.02-16.14.08:019][535]MaterialEditorStats: Base pass vertex shader: 111 instructions
[2018.12.02-16.14.08:019][535]MaterialEditorStats: Texture samplers: 3/16
[2018.12.02-16.14.08:019][535]MaterialEditorStats: Texture Lookups (Est.): VS(0), PS(1)
[2018.12.02-16.14.08:019][535]MaterialEditorStats: User interpolators: 2/4 Scalars (1/4 Vectors) (TexCoords: 2, Custom: 0)
[2018.12.02-16.14.08:117][541]LogShaderCompilers: Display: Shaders left to compile 21
[2018.12.02-16.14.08:143][543]LogShaderCompilers: Display: Shaders left to compile 20
[2018.12.02-16.14.08:157][544]LogShaderCompilers: Display: Shaders left to compile 19
[2018.12.02-16.14.08:194][547]LogShaderCompilers: Display: Shaders left to compile 18
[2018.12.02-16.14.08:306][555]LogShaderCompilers: Display: Shaders left to compile 17
[2018.12.02-16.14.08:321][556]LogShaderCompilers: Display: Shaders left to compile 16
[2018.12.02-16.14.08:322][556]LogShaderCompilers: Display: Shaders left to compile 15
[2018.12.02-16.14.08:362][559]LogShaderCompilers: Display: Shaders left to compile 14
[2018.12.02-16.14.08:449][564]LogShaderCompilers: Display: Shaders left to compile 13
[2018.12.02-16.14.08:512][568]LogShaderCompilers: Display: Shaders left to compile 12
[2018.12.02-16.14.08:512][568]LogShaderCompilers: Display: Shaders left to compile 11
[2018.12.02-16.14.08:714][580]LogShaderCompilers: Display: Shaders left to compile 10
[2018.12.02-16.14.08:728][581]LogShaderCompilers: Display: Shaders left to compile 9
[2018.12.02-16.14.08:819][588]LogShaderCompilers: Display: Shaders left to compile 8
[2018.12.02-16.14.08:893][593]LogShaderCompilers: Display: Shaders left to compile 7
[2018.12.02-16.14.08:947][597]LogShaderCompilers: Display: Shaders left to compile 6
[2018.12.02-16.14.09:093][607]LogShaderCompilers: Display: Shaders left to compile 5
[2018.12.02-16.14.09:178][613]LogShaderCompilers: Display: Shaders left to compile 4
[2018.12.02-16.14.09:217][616]LogShaderCompilers: Display: Shaders left to compile 3
[2018.12.02-16.14.09:302][622]LogShaderCompilers: Display: Shaders left to compile 2
[2018.12.02-16.14.09:425][630]LogShaderCompilers: Display: Shaders left to compile 1
[2018.12.02-16.14.09:547][638]MaterialEditorStats: Base pass shader: 100 instructions
[2018.12.02-16.14.09:547][638]MaterialEditorStats: Base pass shader with Volumetric Lightmap: 173 instructions
[2018.12.02-16.14.09:547][638]MaterialEditorStats: Base pass vertex shader: 32 instructions
[2018.12.02-16.14.09:547][638]MaterialEditorStats: Texture samplers: 3/16
[2018.12.02-16.14.11:302][806]LogSlate: Window 'ShockwaveMaterial' being destroyed
[2018.12.02-16.14.20:165][728]LogRenderer: Reallocating scene render targets to support 1208x696 Format 10 NumSamples 1 (Frame:1).
[2018.12.02-16.14.32:255][917]LogSlate: FSceneViewport::OnFocusLost() reason 0
[2018.12.02-16.14.43:240][ 65]LogAssetEditorManager: Opening Asset editor for MaterialInstanceConstant /Game/Materials/Doors/DoorMaterial_Inst.DoorMaterial_Inst
[2018.12.02-16.14.43:377][ 65]LogRenderer: Reallocating scene render targets to support 1336x924 Format 10 NumSamples 1 (Frame:1).
[2018.12.02-16.15.09:333][ 95]LogSlate: Window 'Color Picker' being destroyed
[2018.12.02-16.15.18:954][229]LogSlate: Window 'Color Picker' being destroyed
[2018.12.02-16.15.24:976][942]LogMaterial: Display: Missing cached shader map for material FDebugViewModeMaterialProxy DoorMaterial_Inst, compiling. 
[2018.12.02-16.15.25:452][942]LogShaderCompilers: Display: Shaders left to compile 1
[2018.12.02-16.15.25:452][942]TextureStreamingBuild: Display: Compiling optional shaders took 0.481 seconds.
[2018.12.02-16.15.25:504][942]LogSavePackage: Moving '../../../../../../Users/Nate/Documents/GitHub/nsshipma_FinalProject/TwinStickShooter/Saved/DoorMaterial_InstABD00EF7430554B5BC3E398091E0E676.tmp' to '../../../../../../Users/Nate/Documents/GitHub/nsshipma_FinalProject/TwinStickShooter/Content/Materials/Doors/DoorMaterial_Inst.uasset'
[2018.12.02-16.15.53:440][137]LogSlate: FSceneViewport::OnFocusLost() reason 0
[2018.12.02-16.15.53:827][153]LogSavePackage: Moving '../../../../../../Users/Nate/Documents/GitHub/nsshipma_FinalProject/TwinStickShooter/Saved/BaseTile8E552EAB40A4FC09829D1E9991121EF3.tmp' to '../../../../../../Users/Nate/Documents/GitHub/nsshipma_FinalProject/TwinStickShooter/Content/Blueprints/Rooms/BaseTile.uasset'
[2018.12.02-16.15.55:331][331]LogSlate: FSceneViewport::OnFocusLost() reason 0
[2018.12.02-16.16.30:961][403]BlueprintLog: New page: Compile BaseTile
[2018.12.02-16.16.31:897][434]LogSavePackage: Moving '../../../../../../Users/Nate/Documents/GitHub/nsshipma_FinalProject/TwinStickShooter/Saved/BaseTile2F445FCA49E600E46A9DA8834C7481C2.tmp' to '../../../../../../Users/Nate/Documents/GitHub/nsshipma_FinalProject/TwinStickShooter/Content/Blueprints/Rooms/BaseTile.uasset'
[2018.12.02-16.17.42:112][659]LogSlate: Window 'Color Picker' being destroyed
[2018.12.02-16.17.49:905][584]LogSlate: Window 'Color Picker' being destroyed
[2018.12.02-16.18.04:559][684]LogSlate: Window 'Color Picker' being destroyed
[2018.12.02-16.18.17:127][168]BlueprintLog: New page: Compile BaseTile
[2018.12.02-16.18.18:049][208]LogSavePackage: Moving '../../../../../../Users/Nate/Documents/GitHub/nsshipma_FinalProject/TwinStickShooter/Saved/BaseTileA26D08624C280665F8B80D9F3139971C.tmp' to '../../../../../../Users/Nate/Documents/GitHub/nsshipma_FinalProject/TwinStickShooter/Content/Blueprints/Rooms/BaseTile.uasset'
[2018.12.02-16.19.31:520][470]BlueprintLog: New page: Compile BaseTile
[2018.12.02-16.19.32:509][507]LogSavePackage: Moving '../../../../../../Users/Nate/Documents/GitHub/nsshipma_FinalProject/TwinStickShooter/Saved/BaseTileC08C36CB44D48EA31D33748DF51E9800.tmp' to '../../../../../../Users/Nate/Documents/GitHub/nsshipma_FinalProject/TwinStickShooter/Content/Blueprints/Rooms/BaseTile.uasset'
[2018.12.02-16.19.35:831][591]LogSlate: Window 'Color Picker' being destroyed
[2018.12.02-16.19.37:161][747]BlueprintLog: New page: Compile BaseTile
[2018.12.02-16.19.38:181][789]LogSavePackage: Moving '../../../../../../Users/Nate/Documents/GitHub/nsshipma_FinalProject/TwinStickShooter/Saved/BaseTile96102812400D3557F923C599B95E940B.tmp' to '../../../../../../Users/Nate/Documents/GitHub/nsshipma_FinalProject/TwinStickShooter/Content/Blueprints/Rooms/BaseTile.uasset'
[2018.12.02-16.19.41:180][137]LogTemp: Repeating last play command: Selected Viewport
[2018.12.02-16.19.41:212][137]LogPlayLevel: PlayLevel: No blueprints needed recompiling
[2018.12.02-16.19.41:225][137]PIE: New page: PIE session: ArenaMap (Dec 2, 2018, 6:19:41 AM)
[2018.12.02-16.19.41:225][137]LogPlayLevel: Creating play world package: /Game/UEDPIE_0_ArenaMap
[2018.12.02-16.19.41:228][137]LogPlayLevel: PIE: StaticDuplicateObject took: (0.002667s)
[2018.12.02-16.19.41:228][137]LogAIModule: Creating AISystem for world ArenaMap
[2018.12.02-16.19.41:228][137]LogPlayLevel: PIE: World Init took: (0.000592s)
[2018.12.02-16.19.41:228][137]LogPlayLevel: PIE: Created PIE world by copying editor world from /Game/ArenaMap.ArenaMap to /Game/UEDPIE_0_ArenaMap.ArenaMap (0.003354s)
[2018.12.02-16.19.41:271][137]LogInit: XAudio2 using 'Speakers (Realtek High Definition Audio)' : 2 channels at 48 kHz using 32 bits per sample (channel mask 0x3)
[2018.12.02-16.19.41:286][137]LogInit: FAudioDevice initialized.
[2018.12.02-16.19.41:327][137]LogLoad: Game class is 'TwinStickGameMode_C'
[2018.12.02-16.19.41:329][137]LogWorld: Bringing World /Game/UEDPIE_0_ArenaMap.ArenaMap up for play (max tick rate 0) at 2018.12.02-11.19.41
[2018.12.02-16.19.41:329][137]LogWorld: Bringing up level for play took: 0.001148
[2018.12.02-16.19.41:359][137]LogContentBrowser: Native class hierarchy updated for 'MovieSceneCapture' in 0.0009 seconds. Added 10 classes and 0 folders.
[2018.12.02-16.19.41:384][137]LogScript: Warning: Script Msg: Attempted to access index 0 from array 'CallFunc_GetAllActorsOfClass_OutActors' of length 0 in '/Game/Blueprints/TwinStickGameMode.TwinStickGameMode_C:ExecuteUbergraph_TwinStickGameMode'!
[2018.12.02-16.19.41:384][137]LogBlueprintUserMessages: Warning: SetTimer passed a bad function (SpawnEnemy) or object (None)
[2018.12.02-16.19.41:386][137]PIE: Play in editor start time for /Game/UEDPIE_0_ArenaMap 0.556
[2018.12.02-16.19.45:468][618]LogSlate: Updating window title bar state: overlay mode, drag disabled, window buttons hidden, title bar hidden
[2018.12.02-16.19.45:510][618]LogPlayLevel: Display: Shutting down PIE online subsystems
[2018.12.02-16.19.45:541][618]LogSlate: Updating window title bar state: overlay mode, drag disabled, window buttons hidden, title bar hidden
[2018.12.02-16.19.45:571][620]LogPlayLevel: Display: Destroying online subsystem :Context_12
[2018.12.02-16.19.46:475][728]LogSlate: FSceneViewport::OnFocusLost() reason 0
[2018.12.02-16.21.07:490][240]BlueprintLog: New page: Compile BaseTile
[2018.12.02-16.21.08:429][277]LogSavePackage: Moving '../../../../../../Users/Nate/Documents/GitHub/nsshipma_FinalProject/TwinStickShooter/Saved/BaseTileDB17F3764C9783C9D951BAAB0D5EDA0B.tmp' to '../../../../../../Users/Nate/Documents/GitHub/nsshipma_FinalProject/TwinStickShooter/Content/Blueprints/Rooms/BaseTile.uasset'
[2018.12.02-16.21.09:584][395]LogTemp: Repeating last play command: Selected Viewport
[2018.12.02-16.21.09:615][395]LogPlayLevel: PlayLevel: No blueprints needed recompiling
[2018.12.02-16.21.09:615][395]PIE: New page: PIE session: ArenaMap (Dec 2, 2018, 6:21:09 AM)
[2018.12.02-16.21.09:615][395]LogPlayLevel: Creating play world package: /Game/UEDPIE_0_ArenaMap
[2018.12.02-16.21.09:617][395]LogPlayLevel: PIE: StaticDuplicateObject took: (0.002146s)
[2018.12.02-16.21.09:618][395]LogAIModule: Creating AISystem for world ArenaMap
[2018.12.02-16.21.09:618][395]LogPlayLevel: PIE: World Init took: (0.000633s)
[2018.12.02-16.21.09:618][395]LogPlayLevel: PIE: Created PIE world by copying editor world from /Game/ArenaMap.ArenaMap to /Game/UEDPIE_0_ArenaMap.ArenaMap (0.002866s)
[2018.12.02-16.21.09:657][395]LogInit: XAudio2 using 'Speakers (Realtek High Definition Audio)' : 2 channels at 48 kHz using 32 bits per sample (channel mask 0x3)
[2018.12.02-16.21.09:672][395]LogInit: FAudioDevice initialized.
[2018.12.02-16.21.09:701][395]LogLoad: Game class is 'TwinStickGameMode_C'
[2018.12.02-16.21.09:703][395]LogWorld: Bringing World /Game/UEDPIE_0_ArenaMap.ArenaMap up for play (max tick rate 0) at 2018.12.02-11.21.09
[2018.12.02-16.21.09:703][395]LogWorld: Bringing up level for play took: 0.001144
[2018.12.02-16.21.09:754][395]LogScript: Warning: Script Msg: Attempted to access index 0 from array 'CallFunc_GetAllActorsOfClass_OutActors' of length 0 in '/Game/Blueprints/TwinStickGameMode.TwinStickGameMode_C:ExecuteUbergraph_TwinStickGameMode'!
[2018.12.02-16.21.09:754][395]LogBlueprintUserMessages: Warning: SetTimer passed a bad function (SpawnEnemy) or object (None)
[2018.12.02-16.21.09:755][395]PIE: Play in editor start time for /Game/UEDPIE_0_ArenaMap 0.925
[2018.12.02-16.21.14:544][965]LogSlate: Updating window title bar state: overlay mode, drag disabled, window buttons hidden, title bar hidden
[2018.12.02-16.21.14:584][965]LogPlayLevel: Display: Shutting down PIE online subsystems
[2018.12.02-16.21.14:612][965]LogSlate: Updating window title bar state: overlay mode, drag disabled, window buttons hidden, title bar hidden
[2018.12.02-16.21.14:643][967]LogPlayLevel: Display: Destroying online subsystem :Context_13
[2018.12.02-16.21.15:613][ 83]LogSlate: FSceneViewport::OnFocusLost() reason 0
[2018.12.02-16.21.58:006][653]LogSlate: Window 'Color Picker' being destroyed
[2018.12.02-16.22.08:308][891]LogSlate: Window 'Color Picker' being destroyed
[2018.12.02-16.22.14:993][639]LogSlate: Window 'Color Picker' being destroyed
[2018.12.02-16.22.24:375][145]LogSlate: Window 'Color Picker' being destroyed
[2018.12.02-16.22.26:544][365]BlueprintLog: New page: Compile BaseTile
[2018.12.02-16.22.27:641][403]LogSavePackage: Moving '../../../../../../Users/Nate/Documents/GitHub/nsshipma_FinalProject/TwinStickShooter/Saved/BaseTile5636327B4B88613C40D5118501D72F4F.tmp' to '../../../../../../Users/Nate/Documents/GitHub/nsshipma_FinalProject/TwinStickShooter/Content/Blueprints/Rooms/BaseTile.uasset'
[2018.12.02-16.22.28:438][497]LogTemp: Repeating last play command: Selected Viewport
[2018.12.02-16.22.28:471][497]LogPlayLevel: PlayLevel: No blueprints needed recompiling
[2018.12.02-16.22.28:471][497]PIE: New page: PIE session: ArenaMap (Dec 2, 2018, 6:22:28 AM)
[2018.12.02-16.22.28:471][497]LogPlayLevel: Creating play world package: /Game/UEDPIE_0_ArenaMap
[2018.12.02-16.22.28:474][497]LogPlayLevel: PIE: StaticDuplicateObject took: (0.002486s)
[2018.12.02-16.22.28:474][497]LogAIModule: Creating AISystem for world ArenaMap
[2018.12.02-16.22.28:474][497]LogPlayLevel: PIE: World Init took: (0.000698s)
[2018.12.02-16.22.28:474][497]LogPlayLevel: PIE: Created PIE world by copying editor world from /Game/ArenaMap.ArenaMap to /Game/UEDPIE_0_ArenaMap.ArenaMap (0.003300s)
[2018.12.02-16.22.28:518][497]LogInit: XAudio2 using 'Speakers (Realtek High Definition Audio)' : 2 channels at 48 kHz using 32 bits per sample (channel mask 0x3)
[2018.12.02-16.22.28:533][497]LogInit: FAudioDevice initialized.
[2018.12.02-16.22.28:562][497]LogLoad: Game class is 'TwinStickGameMode_C'
[2018.12.02-16.22.28:564][497]LogWorld: Bringing World /Game/UEDPIE_0_ArenaMap.ArenaMap up for play (max tick rate 0) at 2018.12.02-11.22.28
[2018.12.02-16.22.28:565][497]LogWorld: Bringing up level for play took: 0.001240
[2018.12.02-16.22.28:615][497]LogScript: Warning: Script Msg: Attempted to access index 0 from array 'CallFunc_GetAllActorsOfClass_OutActors' of length 0 in '/Game/Blueprints/TwinStickGameMode.TwinStickGameMode_C:ExecuteUbergraph_TwinStickGameMode'!
[2018.12.02-16.22.28:615][497]LogBlueprintUserMessages: Warning: SetTimer passed a bad function (SpawnEnemy) or object (None)
[2018.12.02-16.22.28:616][497]PIE: Play in editor start time for /Game/UEDPIE_0_ArenaMap -0.213
[2018.12.02-16.22.33:725][103]LogSlate: Updating window title bar state: overlay mode, drag disabled, window buttons hidden, title bar hidden
[2018.12.02-16.22.33:766][103]LogPlayLevel: Display: Shutting down PIE online subsystems
[2018.12.02-16.22.33:810][103]LogSlate: Updating window title bar state: overlay mode, drag disabled, window buttons hidden, title bar hidden
[2018.12.02-16.22.33:833][104]LogPlayLevel: Display: Destroying online subsystem :Context_14
[2018.12.02-16.22.35:021][246]LogSlate: FSceneViewport::OnFocusLost() reason 0
[2018.12.02-16.22.58:342][888]LogSlate: Window 'Color Picker' being destroyed
[2018.12.02-16.23.05:479][381]LogSlate: Window 'Color Picker' being destroyed
[2018.12.02-16.23.07:007][553]BlueprintLog: New page: Compile BaseTile
[2018.12.02-16.23.09:190][748]LogTemp: Repeating last play command: Selected Viewport
[2018.12.02-16.23.09:220][748]LogPlayLevel: PlayLevel: No blueprints needed recompiling
[2018.12.02-16.23.09:220][748]PIE: New page: PIE session: ArenaMap (Dec 2, 2018, 6:23:09 AM)
[2018.12.02-16.23.09:220][748]LogPlayLevel: Creating play world package: /Game/UEDPIE_0_ArenaMap
[2018.12.02-16.23.09:223][748]LogPlayLevel: PIE: StaticDuplicateObject took: (0.002417s)
[2018.12.02-16.23.09:223][748]LogAIModule: Creating AISystem for world ArenaMap
[2018.12.02-16.23.09:223][748]LogPlayLevel: PIE: World Init took: (0.000637s)
[2018.12.02-16.23.09:223][748]LogPlayLevel: PIE: Created PIE world by copying editor world from /Game/ArenaMap.ArenaMap to /Game/UEDPIE_0_ArenaMap.ArenaMap (0.003162s)
[2018.12.02-16.23.09:264][748]LogInit: XAudio2 using 'Speakers (Realtek High Definition Audio)' : 2 channels at 48 kHz using 32 bits per sample (channel mask 0x3)
[2018.12.02-16.23.09:277][748]LogInit: FAudioDevice initialized.
[2018.12.02-16.23.09:312][748]LogLoad: Game class is 'TwinStickGameMode_C'
[2018.12.02-16.23.09:314][748]LogWorld: Bringing World /Game/UEDPIE_0_ArenaMap.ArenaMap up for play (max tick rate 0) at 2018.12.02-11.23.09
[2018.12.02-16.23.09:314][748]LogWorld: Bringing up level for play took: 0.001138
[2018.12.02-16.23.09:363][748]LogScript: Warning: Script Msg: Attempted to access index 0 from array 'CallFunc_GetAllActorsOfClass_OutActors' of length 0 in '/Game/Blueprints/TwinStickGameMode.TwinStickGameMode_C:ExecuteUbergraph_TwinStickGameMode'!
[2018.12.02-16.23.09:363][748]LogBlueprintUserMessages: Warning: SetTimer passed a bad function (SpawnEnemy) or object (None)
[2018.12.02-16.23.09:364][748]PIE: Play in editor start time for /Game/UEDPIE_0_ArenaMap 0.535
[2018.12.02-16.23.28:610][ 31]LogSlate: Updating window title bar state: overlay mode, drag disabled, window buttons hidden, title bar hidden
[2018.12.02-16.23.28:648][ 31]LogPlayLevel: Display: Shutting down PIE online subsystems
[2018.12.02-16.23.28:679][ 31]LogSlate: Updating window title bar state: overlay mode, drag disabled, window buttons hidden, title bar hidden
[2018.12.02-16.23.28:709][ 33]LogPlayLevel: Display: Destroying online subsystem :Context_15
[2018.12.02-16.23.29:555][134]LogSlate: FSceneViewport::OnFocusLost() reason 0
[2018.12.02-16.25.40:485][550]LogSelectionDetails: Warning: NavigateToFunctionSource:  Unable to find symbols for 'UPrimitiveComponent::SetMaterial' [Element not found.]
[2018.12.02-16.26.04:491][378]BlueprintLog: New page: Compile BaseTile
[2018.12.02-16.26.05:502][422]LogSavePackage: Moving '../../../../../../Users/Nate/Documents/GitHub/nsshipma_FinalProject/TwinStickShooter/Saved/BaseTile6605C3D94C53550C587AE3A7FB54C7F1.tmp' to '../../../../../../Users/Nate/Documents/GitHub/nsshipma_FinalProject/TwinStickShooter/Content/Blueprints/Rooms/BaseTile.uasset'
[2018.12.02-16.27.22:357][869]BlueprintLog: New page: Compile BaseTile
[2018.12.02-16.27.23:240][887]LogSavePackage: Moving '../../../../../../Users/Nate/Documents/GitHub/nsshipma_FinalProject/TwinStickShooter/Saved/BaseTileED0D02C94F0B7DF6210032A68643E8A0.tmp' to '../../../../../../Users/Nate/Documents/GitHub/nsshipma_FinalProject/TwinStickShooter/Content/Blueprints/Rooms/BaseTile.uasset'
[2018.12.02-16.28.43:882][219]BlueprintLog: New page: Compile BaseTile
[2018.12.02-16.28.44:810][256]LogSavePackage: Moving '../../../../../../Users/Nate/Documents/GitHub/nsshipma_FinalProject/TwinStickShooter/Saved/BaseTileAEFDDCD44C643BAA776626AD8B041A37.tmp' to '../../../../../../Users/Nate/Documents/GitHub/nsshipma_FinalProject/TwinStickShooter/Content/Blueprints/Rooms/BaseTile.uasset'
[2018.12.02-16.28.45:632][346]LogTemp: Repeating last play command: Selected Viewport
[2018.12.02-16.28.45:664][346]LogPlayLevel: PlayLevel: No blueprints needed recompiling
[2018.12.02-16.28.45:664][346]PIE: New page: PIE session: ArenaMap (Dec 2, 2018, 6:28:45 AM)
[2018.12.02-16.28.45:664][346]LogPlayLevel: Creating play world package: /Game/UEDPIE_0_ArenaMap
[2018.12.02-16.28.45:666][346]LogPlayLevel: PIE: StaticDuplicateObject took: (0.002330s)
[2018.12.02-16.28.45:667][346]LogAIModule: Creating AISystem for world ArenaMap
[2018.12.02-16.28.45:667][346]LogPlayLevel: PIE: World Init took: (0.000625s)
[2018.12.02-16.28.45:667][346]LogPlayLevel: PIE: Created PIE world by copying editor world from /Game/ArenaMap.ArenaMap to /Game/UEDPIE_0_ArenaMap.ArenaMap (0.003079s)
[2018.12.02-16.28.45:707][346]LogInit: XAudio2 using 'Speakers (Realtek High Definition Audio)' : 2 channels at 48 kHz using 32 bits per sample (channel mask 0x3)
[2018.12.02-16.28.45:721][346]LogInit: FAudioDevice initialized.
[2018.12.02-16.28.45:756][346]LogLoad: Game class is 'TwinStickGameMode_C'
[2018.12.02-16.28.45:758][346]LogWorld: Bringing World /Game/UEDPIE_0_ArenaMap.ArenaMap up for play (max tick rate 0) at 2018.12.02-11.28.45
[2018.12.02-16.28.45:758][346]LogWorld: Bringing up level for play took: 0.001580
[2018.12.02-16.28.45:790][346]LogScript: Warning: Script Msg: Attempted to access index 0 from array 'CallFunc_GetAllActorsOfClass_OutActors' of length 0 in '/Game/Blueprints/TwinStickGameMode.TwinStickGameMode_C:ExecuteUbergraph_TwinStickGameMode'!
[2018.12.02-16.28.45:790][346]LogBlueprintUserMessages: Warning: SetTimer passed a bad function (SpawnEnemy) or object (None)
[2018.12.02-16.28.45:792][346]PIE: Play in editor start time for /Game/UEDPIE_0_ArenaMap 0.962
[2018.12.02-16.29.01:386][202]LogSlate: Updating window title bar state: overlay mode, drag disabled, window buttons hidden, title bar hidden
[2018.12.02-16.29.01:422][202]LogPlayLevel: Display: Shutting down PIE online subsystems
[2018.12.02-16.29.01:454][202]LogSlate: Updating window title bar state: overlay mode, drag disabled, window buttons hidden, title bar hidden
[2018.12.02-16.29.01:484][204]LogPlayLevel: Display: Destroying online subsystem :Context_16
[2018.12.02-16.29.02:264][297]LogSlate: FSceneViewport::OnFocusLost() reason 0
[2018.12.02-16.29.20:465][371]LogTemp: Repeating last play command: Selected Viewport
[2018.12.02-16.29.20:497][371]LogPlayLevel: PlayLevel: No blueprints needed recompiling
[2018.12.02-16.29.20:497][371]PIE: New page: PIE session: ArenaMap (Dec 2, 2018, 6:29:20 AM)
[2018.12.02-16.29.20:497][371]LogPlayLevel: Creating play world package: /Game/UEDPIE_0_ArenaMap
[2018.12.02-16.29.20:500][371]LogPlayLevel: PIE: StaticDuplicateObject took: (0.002324s)
[2018.12.02-16.29.20:500][371]LogAIModule: Creating AISystem for world ArenaMap
[2018.12.02-16.29.20:500][371]LogPlayLevel: PIE: World Init took: (0.000558s)
[2018.12.02-16.29.20:500][371]LogPlayLevel: PIE: Created PIE world by copying editor world from /Game/ArenaMap.ArenaMap to /Game/UEDPIE_0_ArenaMap.ArenaMap (0.002988s)
[2018.12.02-16.29.20:539][371]LogInit: XAudio2 using 'Speakers (Realtek High Definition Audio)' : 2 channels at 48 kHz using 32 bits per sample (channel mask 0x3)
[2018.12.02-16.29.20:553][371]LogInit: FAudioDevice initialized.
[2018.12.02-16.29.20:581][371]LogLoad: Game class is 'TwinStickGameMode_C'
[2018.12.02-16.29.20:583][371]LogWorld: Bringing World /Game/UEDPIE_0_ArenaMap.ArenaMap up for play (max tick rate 0) at 2018.12.02-11.29.20
[2018.12.02-16.29.20:584][371]LogWorld: Bringing up level for play took: 0.001271
[2018.12.02-16.29.20:614][371]LogScript: Warning: Script Msg: Attempted to access index 0 from array 'CallFunc_GetAllActorsOfClass_OutActors' of length 0 in '/Game/Blueprints/TwinStickGameMode.TwinStickGameMode_C:ExecuteUbergraph_TwinStickGameMode'!
[2018.12.02-16.29.20:615][371]LogBlueprintUserMessages: Warning: SetTimer passed a bad function (SpawnEnemy) or object (None)
[2018.12.02-16.29.20:616][371]PIE: Play in editor start time for /Game/UEDPIE_0_ArenaMap -0.213
[2018.12.02-16.29.34:618][ 31]LogSlate: Updating window title bar state: overlay mode, drag disabled, window buttons hidden, title bar hidden
[2018.12.02-16.29.34:654][ 31]LogPlayLevel: Display: Shutting down PIE online subsystems
[2018.12.02-16.29.34:681][ 31]LogSlate: Updating window title bar state: overlay mode, drag disabled, window buttons hidden, title bar hidden
[2018.12.02-16.29.34:720][ 34]LogPlayLevel: Display: Destroying online subsystem :Context_17
[2018.12.02-16.29.38:892][534]LogSlate: FSceneViewport::OnFocusLost() reason 0
[2018.12.02-16.30.30:399][229]LogSavePackage: Moving '../../../../../../Users/Nate/Documents/GitHub/nsshipma_FinalProject/TwinStickShooter/Saved/BaseTile1C099AF0454EE92481C4569F43108F98.tmp' to '../../../../../../Users/Nate/Documents/GitHub/nsshipma_FinalProject/TwinStickShooter/Content/Blueprints/Rooms/BaseTile.uasset'
[2018.12.02-16.30.50:317][553]LogTemp: Repeating last play command: Selected Viewport
[2018.12.02-16.30.50:350][553]LogPlayLevel: PlayLevel: No blueprints needed recompiling
[2018.12.02-16.30.50:351][553]PIE: New page: PIE session: ArenaMap (Dec 2, 2018, 6:30:50 AM)
[2018.12.02-16.30.50:351][553]LogPlayLevel: Creating play world package: /Game/UEDPIE_0_ArenaMap
[2018.12.02-16.30.50:353][553]LogPlayLevel: PIE: StaticDuplicateObject took: (0.002547s)
[2018.12.02-16.30.50:354][553]LogAIModule: Creating AISystem for world ArenaMap
[2018.12.02-16.30.50:354][553]LogPlayLevel: PIE: World Init took: (0.000740s)
[2018.12.02-16.30.50:354][553]LogPlayLevel: PIE: Created PIE world by copying editor world from /Game/ArenaMap.ArenaMap to /Game/UEDPIE_0_ArenaMap.ArenaMap (0.003392s)
[2018.12.02-16.30.50:389][553]LogInit: XAudio2 using 'Speakers (Realtek High Definition Audio)' : 2 channels at 48 kHz using 32 bits per sample (channel mask 0x3)
[2018.12.02-16.30.50:404][553]LogInit: FAudioDevice initialized.
[2018.12.02-16.30.50:438][553]LogLoad: Game class is 'TwinStickGameMode_C'
[2018.12.02-16.30.50:440][553]LogWorld: Bringing World /Game/UEDPIE_0_ArenaMap.ArenaMap up for play (max tick rate 0) at 2018.12.02-11.30.50
[2018.12.02-16.30.50:441][553]LogWorld: Bringing up level for play took: 0.001319
[2018.12.02-16.30.50:492][553]LogScript: Warning: Script Msg: Attempted to access index 0 from array 'CallFunc_GetAllActorsOfClass_OutActors' of length 0 in '/Game/Blueprints/TwinStickGameMode.TwinStickGameMode_C:ExecuteUbergraph_TwinStickGameMode'!
[2018.12.02-16.30.50:492][553]LogBlueprintUserMessages: Warning: SetTimer passed a bad function (SpawnEnemy) or object (None)
[2018.12.02-16.30.50:494][553]PIE: Play in editor start time for /Game/UEDPIE_0_ArenaMap -0.336
[2018.12.02-16.31.01:566][829]LogSlate: Updating window title bar state: overlay mode, drag disabled, window buttons hidden, title bar hidden
[2018.12.02-16.31.01:610][829]LogPlayLevel: Display: Shutting down PIE online subsystems
[2018.12.02-16.31.01:673][829]LogSlate: Updating window title bar state: overlay mode, drag disabled, window buttons hidden, title bar hidden
[2018.12.02-16.31.01:695][830]LogPlayLevel: Display: Destroying online subsystem :Context_18
[2018.12.02-16.31.02:551][924]LogSlate: FSceneViewport::OnFocusLost() reason 0
[2018.12.02-16.31.05:970][327]LogMaterial: Display: Missing cached shader map for material FDebugViewModeMaterialProxy DoorMaterial_Inst, compiling. 
[2018.12.02-16.31.06:460][327]LogShaderCompilers: Display: Shaders left to compile 1
[2018.12.02-16.31.06:461][327]TextureStreamingBuild: Display: Compiling optional shaders took 0.494 seconds.
[2018.12.02-16.31.06:561][327]LogSavePackage: Moving '../../../../../../Users/Nate/Documents/GitHub/nsshipma_FinalProject/TwinStickShooter/Saved/DoorMaterial_Inst459932704526971E8304DFB56E597156.tmp' to '../../../../../../Users/Nate/Documents/GitHub/nsshipma_FinalProject/TwinStickShooter/Content/Materials/Doors/DoorMaterial_Inst.uasset'
[2018.12.02-16.31.07:863][479]LogTemp: Repeating last play command: Selected Viewport
[2018.12.02-16.31.07:894][479]LogPlayLevel: PlayLevel: No blueprints needed recompiling
[2018.12.02-16.31.07:894][479]PIE: New page: PIE session: ArenaMap (Dec 2, 2018, 6:31:07 AM)
[2018.12.02-16.31.07:894][479]LogPlayLevel: Creating play world package: /Game/UEDPIE_0_ArenaMap
[2018.12.02-16.31.07:896][479]LogPlayLevel: PIE: StaticDuplicateObject took: (0.002343s)
[2018.12.02-16.31.07:897][479]LogAIModule: Creating AISystem for world ArenaMap
[2018.12.02-16.31.07:897][479]LogPlayLevel: PIE: World Init took: (0.000540s)
[2018.12.02-16.31.07:897][479]LogPlayLevel: PIE: Created PIE world by copying editor world from /Game/ArenaMap.ArenaMap to /Game/UEDPIE_0_ArenaMap.ArenaMap (0.002962s)
[2018.12.02-16.31.07:937][479]LogInit: XAudio2 using 'Speakers (Realtek High Definition Audio)' : 2 channels at 48 kHz using 32 bits per sample (channel mask 0x3)
[2018.12.02-16.31.07:951][479]LogInit: FAudioDevice initialized.
[2018.12.02-16.31.07:981][479]LogLoad: Game class is 'TwinStickGameMode_C'
[2018.12.02-16.31.07:983][479]LogWorld: Bringing World /Game/UEDPIE_0_ArenaMap.ArenaMap up for play (max tick rate 0) at 2018.12.02-11.31.07
[2018.12.02-16.31.07:983][479]LogWorld: Bringing up level for play took: 0.001369
[2018.12.02-16.31.08:014][479]LogScript: Warning: Script Msg: Attempted to access index 0 from array 'CallFunc_GetAllActorsOfClass_OutActors' of length 0 in '/Game/Blueprints/TwinStickGameMode.TwinStickGameMode_C:ExecuteUbergraph_TwinStickGameMode'!
[2018.12.02-16.31.08:014][479]LogBlueprintUserMessages: Warning: SetTimer passed a bad function (SpawnEnemy) or object (None)
[2018.12.02-16.31.08:015][479]PIE: Play in editor start time for /Game/UEDPIE_0_ArenaMap -0.814
[2018.12.02-16.31.14:138][175]LogSlate: Updating window title bar state: overlay mode, drag disabled, window buttons hidden, title bar hidden
[2018.12.02-16.31.14:176][175]LogPlayLevel: Display: Shutting down PIE online subsystems
[2018.12.02-16.31.14:221][175]LogSlate: Updating window title bar state: overlay mode, drag disabled, window buttons hidden, title bar hidden
[2018.12.02-16.31.14:237][176]LogPlayLevel: Display: Destroying online subsystem :Context_19
[2018.12.02-16.31.16:878][488]LogSlate: FSceneViewport::OnFocusLost() reason 0
[2018.12.02-16.31.30:036][  0]BlueprintLog: New page: Compile BaseTile
[2018.12.02-16.31.31:304][108]LogTemp: Repeating last play command: Selected Viewport
[2018.12.02-16.31.31:336][108]LogPlayLevel: PlayLevel: No blueprints needed recompiling
[2018.12.02-16.31.31:336][108]PIE: New page: PIE session: ArenaMap (Dec 2, 2018, 6:31:31 AM)
[2018.12.02-16.31.31:336][108]LogPlayLevel: Creating play world package: /Game/UEDPIE_0_ArenaMap
[2018.12.02-16.31.31:338][108]LogPlayLevel: PIE: StaticDuplicateObject took: (0.002263s)
[2018.12.02-16.31.31:339][108]LogAIModule: Creating AISystem for world ArenaMap
[2018.12.02-16.31.31:339][108]LogPlayLevel: PIE: World Init took: (0.000654s)
[2018.12.02-16.31.31:339][108]LogPlayLevel: PIE: Created PIE world by copying editor world from /Game/ArenaMap.ArenaMap to /Game/UEDPIE_0_ArenaMap.ArenaMap (0.003015s)
[2018.12.02-16.31.31:380][108]LogInit: XAudio2 using 'Speakers (Realtek High Definition Audio)' : 2 channels at 48 kHz using 32 bits per sample (channel mask 0x3)
[2018.12.02-16.31.31:394][108]LogInit: FAudioDevice initialized.
[2018.12.02-16.31.31:427][108]LogLoad: Game class is 'TwinStickGameMode_C'
[2018.12.02-16.31.31:429][108]LogWorld: Bringing World /Game/UEDPIE_0_ArenaMap.ArenaMap up for play (max tick rate 0) at 2018.12.02-11.31.31
[2018.12.02-16.31.31:430][108]LogWorld: Bringing up level for play took: 0.001162
[2018.12.02-16.31.31:477][108]LogBlueprintUserMessages: [Type3_C_0] Hello
[2018.12.02-16.31.31:477][108]LogScript: Warning: Script Msg: Attempted to access index 0 from array 'CallFunc_GetAllActorsOfClass_OutActors' of length 0 in '/Game/Blueprints/TwinStickGameMode.TwinStickGameMode_C:ExecuteUbergraph_TwinStickGameMode'!
[2018.12.02-16.31.31:477][108]LogBlueprintUserMessages: Warning: SetTimer passed a bad function (SpawnEnemy) or object (None)
[2018.12.02-16.31.31:479][108]PIE: Play in editor start time for /Game/UEDPIE_0_ArenaMap 0.649
[2018.12.02-16.31.45:919][770]LogEditorViewport: Clicking on Actor (LMB): Type0_C (Type0)
[2018.12.02-16.31.48:585][992]LogSlate: FSceneViewport::OnFocusLost() reason 0
[2018.12.02-16.32.40:041][134]LogSlate: Updating window title bar state: overlay mode, drag disabled, window buttons hidden, title bar hidden
[2018.12.02-16.32.40:085][134]LogPlayLevel: Display: Shutting down PIE online subsystems
[2018.12.02-16.32.40:112][134]LogSlate: Updating window title bar state: overlay mode, drag disabled, window buttons hidden, title bar hidden
[2018.12.02-16.32.40:144][137]LogPlayLevel: Display: Destroying online subsystem :Context_20
[2018.12.02-16.32.52:252][565]BlueprintLog: New page: Compile BaseTile
[2018.12.02-16.32.53:433][660]LogTemp: Repeating last play command: Selected Viewport
[2018.12.02-16.32.53:466][660]LogPlayLevel: PlayLevel: No blueprints needed recompiling
[2018.12.02-16.32.53:466][660]PIE: New page: PIE session: ArenaMap (Dec 2, 2018, 6:32:53 AM)
[2018.12.02-16.32.53:466][660]LogPlayLevel: Creating play world package: /Game/UEDPIE_0_ArenaMap
[2018.12.02-16.32.53:468][660]LogPlayLevel: PIE: StaticDuplicateObject took: (0.002188s)
[2018.12.02-16.32.53:469][660]LogAIModule: Creating AISystem for world ArenaMap
[2018.12.02-16.32.53:469][660]LogPlayLevel: PIE: World Init took: (0.000587s)
[2018.12.02-16.32.53:469][660]LogPlayLevel: PIE: Created PIE world by copying editor world from /Game/ArenaMap.ArenaMap to /Game/UEDPIE_0_ArenaMap.ArenaMap (0.002862s)
[2018.12.02-16.32.53:508][660]LogInit: XAudio2 using 'Speakers (Realtek High Definition Audio)' : 2 channels at 48 kHz using 32 bits per sample (channel mask 0x3)
[2018.12.02-16.32.53:523][660]LogInit: FAudioDevice initialized.
[2018.12.02-16.32.53:532][660]LogSlate: Updating window title bar state: overlay mode, drag disabled, window buttons hidden, title bar hidden
[2018.12.02-16.32.53:572][660]LogLoad: Game class is 'TwinStickGameMode_C'
[2018.12.02-16.32.53:574][660]LogWorld: Bringing World /Game/UEDPIE_0_ArenaMap.ArenaMap up for play (max tick rate 0) at 2018.12.02-11.32.53
[2018.12.02-16.32.53:574][660]LogWorld: Bringing up level for play took: 0.001548
[2018.12.02-16.32.53:606][660]LogScript: Warning: Script Msg: Attempted to access index 0 from array 'CallFunc_GetAllActorsOfClass_OutActors' of length 0 in '/Game/Blueprints/TwinStickGameMode.TwinStickGameMode_C:ExecuteUbergraph_TwinStickGameMode'!
[2018.12.02-16.32.53:606][660]LogBlueprintUserMessages: Warning: SetTimer passed a bad function (SpawnEnemy) or object (None)
[2018.12.02-16.32.53:608][660]PIE: Play in editor start time for /Game/UEDPIE_0_ArenaMap 0.779
[2018.12.02-16.32.55:547][862]LogSlate: Updating window title bar state: overlay mode, drag disabled, window buttons hidden, title bar hidden
[2018.12.02-16.32.55:572][862]LogSlate: Window 'TwinStickShooter Game Preview Standalone (64-bit/PCD3D_SM5)' being destroyed
[2018.12.02-16.32.55:609][862]LogPlayLevel: Display: Shutting down PIE online subsystems
[2018.12.02-16.32.55:668][863]LogPlayLevel: Display: Destroying online subsystem :Context_21
[2018.12.02-16.32.57:439][ 74]LogTemp: Repeating last play command: Selected Viewport
[2018.12.02-16.32.57:470][ 74]LogPlayLevel: PlayLevel: No blueprints needed recompiling
[2018.12.02-16.32.57:470][ 74]PIE: New page: PIE session: ArenaMap (Dec 2, 2018, 6:32:57 AM)
[2018.12.02-16.32.57:470][ 74]LogPlayLevel: Creating play world package: /Game/UEDPIE_0_ArenaMap
[2018.12.02-16.32.57:472][ 74]LogPlayLevel: PIE: StaticDuplicateObject took: (0.002190s)
[2018.12.02-16.32.57:473][ 74]LogAIModule: Creating AISystem for world ArenaMap
[2018.12.02-16.32.57:473][ 74]LogPlayLevel: PIE: World Init took: (0.000553s)
[2018.12.02-16.32.57:473][ 74]LogPlayLevel: PIE: Created PIE world by copying editor world from /Game/ArenaMap.ArenaMap to /Game/UEDPIE_0_ArenaMap.ArenaMap (0.002827s)
[2018.12.02-16.32.57:507][ 74]LogInit: XAudio2 using 'Speakers (Realtek High Definition Audio)' : 2 channels at 48 kHz using 32 bits per sample (channel mask 0x3)
[2018.12.02-16.32.57:521][ 74]LogInit: FAudioDevice initialized.
[2018.12.02-16.32.57:552][ 74]LogLoad: Game class is 'TwinStickGameMode_C'
[2018.12.02-16.32.57:553][ 74]LogWorld: Bringing World /Game/UEDPIE_0_ArenaMap.ArenaMap up for play (max tick rate 0) at 2018.12.02-11.32.57
[2018.12.02-16.32.57:554][ 74]LogWorld: Bringing up level for play took: 0.001132
[2018.12.02-16.32.57:584][ 74]LogScript: Warning: Script Msg: Attempted to access index 0 from array 'CallFunc_GetAllActorsOfClass_OutActors' of length 0 in '/Game/Blueprints/TwinStickGameMode.TwinStickGameMode_C:ExecuteUbergraph_TwinStickGameMode'!
[2018.12.02-16.32.57:584][ 74]LogBlueprintUserMessages: Warning: SetTimer passed a bad function (SpawnEnemy) or object (None)
[2018.12.02-16.32.57:585][ 74]PIE: Play in editor start time for /Game/UEDPIE_0_ArenaMap 0.756
[2018.12.02-16.33.35:685][561]LogSlate: Updating window title bar state: overlay mode, drag disabled, window buttons hidden, title bar hidden
[2018.12.02-16.33.35:723][561]LogPlayLevel: Display: Shutting down PIE online subsystems
[2018.12.02-16.33.35:756][561]LogSlate: Updating window title bar state: overlay mode, drag disabled, window buttons hidden, title bar hidden
[2018.12.02-16.33.35:789][564]LogPlayLevel: Display: Destroying online subsystem :Context_22
[2018.12.02-16.33.37:453][751]LogSlate: FSceneViewport::OnFocusLost() reason 0
[2018.12.02-16.34.29:664][466]LogEditorTransaction: Undo Move Node
[2018.12.02-16.34.29:742][466]LogMaterial: Display: Missing cached shader map for material ShockwaveMaterial, compiling. 
[2018.12.02-16.34.29:785][466]LogShaderCompilers: Display: Shaders left to compile 30
[2018.12.02-16.34.29:785][466]LogShaderCompilers: Display: Shaders left to compile 29
[2018.12.02-16.34.29:785][466]LogShaderCompilers: Display: Shaders left to compile 28
[2018.12.02-16.34.29:785][466]LogShaderCompilers: Display: Shaders left to compile 27
[2018.12.02-16.34.29:788][466]LogMaterial: Display: Missing cached shader map for material RoomWallMiniMapMaterial, compiling. 
[2018.12.02-16.34.30:310][515]LogShaderCompilers: Display: Shaders left to compile 47
[2018.12.02-16.34.30:310][515]LogShaderCompilers: Display: Shaders left to compile 46
[2018.12.02-16.34.30:325][517]LogShaderCompilers: Display: Shaders left to compile 45
[2018.12.02-16.34.30:325][517]LogShaderCompilers: Display: Shaders left to compile 44
[2018.12.02-16.34.30:442][530]LogShaderCompilers: Display: Shaders left to compile 43
[2018.12.02-16.34.30:484][535]LogShaderCompilers: Display: Shaders left to compile 42
[2018.12.02-16.34.30:727][556]LogShaderCompilers: Display: Shaders left to compile 41
[2018.12.02-16.34.30:772][562]LogShaderCompilers: Display: Shaders left to compile 40
[2018.12.02-16.34.30:781][563]LogShaderCompilers: Display: Shaders left to compile 39
[2018.12.02-16.34.31:071][591]LogShaderCompilers: Display: Shaders left to compile 38
[2018.12.02-16.34.31:098][594]LogShaderCompilers: Display: Shaders left to compile 37
[2018.12.02-16.34.31:160][601]LogShaderCompilers: Display: Shaders left to compile 36
[2018.12.02-16.34.31:341][619]LogShaderCompilers: Display: Shaders left to compile 35
[2018.12.02-16.34.31:424][628]LogShaderCompilers: Display: Shaders left to compile 34
[2018.12.02-16.34.31:432][629]LogShaderCompilers: Display: Shaders left to compile 33
[2018.12.02-16.34.31:518][639]LogShaderCompilers: Display: Shaders left to compile 32
[2018.12.02-16.34.31:696][654]LogShaderCompilers: Display: Shaders left to compile 31
[2018.12.02-16.34.31:801][665]LogShaderCompilers: Display: Shaders left to compile 30
[2018.12.02-16.34.31:945][679]LogShaderCompilers: Display: Shaders left to compile 29
[2018.12.02-16.34.31:997][685]LogShaderCompilers: Display: Shaders left to compile 28
[2018.12.02-16.34.32:074][694]LogShaderCompilers: Display: Shaders left to compile 27
[2018.12.02-16.34.32:327][717]LogShaderCompilers: Display: Shaders left to compile 26
[2018.12.02-16.34.32:362][721]LogShaderCompilers: Display: Shaders left to compile 25
[2018.12.02-16.34.32:425][728]LogShaderCompilers: Display: Shaders left to compile 24
[2018.12.02-16.34.32:604][745]LogShaderCompilers: Display: Shaders left to compile 23
[2018.12.02-16.34.32:741][758]LogShaderCompilers: Display: Shaders left to compile 22
[2018.12.02-16.34.32:750][759]LogShaderCompilers: Display: Shaders left to compile 21
[2018.12.02-16.34.32:830][768]LogShaderCompilers: Display: Shaders left to compile 20
[2018.12.02-16.34.32:952][780]LogShaderCompilers: Display: Shaders left to compile 19
[2018.12.02-16.34.33:003][786]LogShaderCompilers: Display: Shaders left to compile 18
[2018.12.02-16.34.33:019][788]LogShaderCompilers: Display: Shaders left to compile 17
[2018.12.02-16.34.33:160][800]LogShaderCompilers: Display: Shaders left to compile 16
[2018.12.02-16.34.33:179][802]LogShaderCompilers: Display: Shaders left to compile 15
[2018.12.02-16.34.33:187][803]LogShaderCompilers: Display: Shaders left to compile 14
[2018.12.02-16.34.33:214][806]LogShaderCompilers: Display: Shaders left to compile 13
[2018.12.02-16.34.33:230][807]MaterialEditorStats: Base pass shader: 70 instructions
[2018.12.02-16.34.33:230][807]MaterialEditorStats: Base pass shader with Volumetric Lightmap: 91 instructions
[2018.12.02-16.34.33:230][807]MaterialEditorStats: Base pass vertex shader: 111 instructions
[2018.12.02-16.34.33:230][807]MaterialEditorStats: Texture samplers: 3/16
[2018.12.02-16.34.33:230][807]MaterialEditorStats: Texture Lookups (Est.): VS(0), PS(1)
[2018.12.02-16.34.33:230][807]MaterialEditorStats: User interpolators: 2/4 Scalars (1/4 Vectors) (TexCoords: 2, Custom: 0)
[2018.12.02-16.34.33:305][815]LogShaderCompilers: Display: Shaders left to compile 12
[2018.12.02-16.34.33:313][816]LogShaderCompilers: Display: Shaders left to compile 11
[2018.12.02-16.34.33:332][818]LogShaderCompilers: Display: Shaders left to compile 10
[2018.12.02-16.34.33:381][824]LogShaderCompilers: Display: Shaders left to compile 9
[2018.12.02-16.34.33:552][841]LogShaderCompilers: Display: Shaders left to compile 8
[2018.12.02-16.34.33:672][854]LogShaderCompilers: Display: Shaders left to compile 7
[2018.12.02-16.34.33:688][856]LogShaderCompilers: Display: Shaders left to compile 6
[2018.12.02-16.34.33:739][861]LogShaderCompilers: Display: Shaders left to compile 5
[2018.12.02-16.34.33:875][874]LogShaderCompilers: Display: Shaders left to compile 4
[2018.12.02-16.34.33:907][877]LogShaderCompilers: Display: Shaders left to compile 3
[2018.12.02-16.34.34:057][893]LogShaderCompilers: Display: Shaders left to compile 2
[2018.12.02-16.34.34:079][895]LogShaderCompilers: Display: Shaders left to compile 1
[2018.12.02-16.34.34:356][924]MaterialEditorStats: Base pass shader: 100 instructions
[2018.12.02-16.34.34:356][924]MaterialEditorStats: Base pass shader with Volumetric Lightmap: 173 instructions
[2018.12.02-16.34.34:356][924]MaterialEditorStats: Base pass vertex shader: 32 instructions
[2018.12.02-16.34.34:356][924]MaterialEditorStats: Texture samplers: 3/16
[2018.12.02-16.35.41:764][953]BlueprintLog: New page: Compile BaseTile
[2018.12.02-16.35.43:022][990]LogSavePackage: Moving '../../../../../../Users/Nate/Documents/GitHub/nsshipma_FinalProject/TwinStickShooter/Saved/BaseTile38D5DDBB4019CEB19604EA89B2A0D709.tmp' to '../../../../../../Users/Nate/Documents/GitHub/nsshipma_FinalProject/TwinStickShooter/Content/Blueprints/Rooms/BaseTile.uasset'
[2018.12.02-16.35.44:532][164]LogTemp: Repeating last play command: Selected Viewport
[2018.12.02-16.35.44:563][164]LogPlayLevel: PlayLevel: No blueprints needed recompiling
[2018.12.02-16.35.44:563][164]PIE: New page: PIE session: ArenaMap (Dec 2, 2018, 6:35:44 AM)
[2018.12.02-16.35.44:563][164]LogPlayLevel: Creating play world package: /Game/UEDPIE_0_ArenaMap
[2018.12.02-16.35.44:565][164]LogPlayLevel: PIE: StaticDuplicateObject took: (0.002397s)
[2018.12.02-16.35.44:566][164]LogAIModule: Creating AISystem for world ArenaMap
[2018.12.02-16.35.44:566][164]LogPlayLevel: PIE: World Init took: (0.000620s)
[2018.12.02-16.35.44:566][164]LogPlayLevel: PIE: Created PIE world by copying editor world from /Game/ArenaMap.ArenaMap to /Game/UEDPIE_0_ArenaMap.ArenaMap (0.003105s)
[2018.12.02-16.35.44:608][164]LogInit: XAudio2 using 'Speakers (Realtek High Definition Audio)' : 2 channels at 48 kHz using 32 bits per sample (channel mask 0x3)
[2018.12.02-16.35.44:623][164]LogInit: FAudioDevice initialized.
[2018.12.02-16.35.44:656][164]LogLoad: Game class is 'TwinStickGameMode_C'
[2018.12.02-16.35.44:658][164]LogWorld: Bringing World /Game/UEDPIE_0_ArenaMap.ArenaMap up for play (max tick rate 0) at 2018.12.02-11.35.44
[2018.12.02-16.35.44:659][164]LogWorld: Bringing up level for play took: 0.001429
[2018.12.02-16.35.44:691][164]LogScript: Warning: Script Msg: Attempted to access index 0 from array 'CallFunc_GetAllActorsOfClass_OutActors' of length 0 in '/Game/Blueprints/TwinStickGameMode.TwinStickGameMode_C:ExecuteUbergraph_TwinStickGameMode'!
[2018.12.02-16.35.44:691][164]LogBlueprintUserMessages: Warning: SetTimer passed a bad function (SpawnEnemy) or object (None)
[2018.12.02-16.35.44:692][164]PIE: Play in editor start time for /Game/UEDPIE_0_ArenaMap -0.137
[2018.12.02-16.36.02:441][264]LogSlate: Updating window title bar state: overlay mode, drag disabled, window buttons hidden, title bar hidden
[2018.12.02-16.36.02:478][264]LogPlayLevel: Display: Shutting down PIE online subsystems
[2018.12.02-16.36.02:510][264]LogSlate: Updating window title bar state: overlay mode, drag disabled, window buttons hidden, title bar hidden
[2018.12.02-16.36.02:539][266]LogPlayLevel: Display: Destroying online subsystem :Context_23
[2018.12.02-16.36.03:728][408]LogSlate: FSceneViewport::OnFocusLost() reason 0
[2018.12.02-16.36.06:251][703]LogMaterial: Display: Missing cached shader map for material FDebugViewModeMaterialProxy DoorMaterial_Inst, compiling. 
[2018.12.02-16.36.06:706][703]LogShaderCompilers: Display: Shaders left to compile 1
[2018.12.02-16.36.06:708][703]TextureStreamingBuild: Display: Compiling optional shaders took 0.459 seconds.
[2018.12.02-16.36.06:810][703]LogSavePackage: Moving '../../../../../../Users/Nate/Documents/GitHub/nsshipma_FinalProject/TwinStickShooter/Saved/DoorMaterial_Inst8B41FF0241C7CF81CFD3E49C4DD2DF7C.tmp' to '../../../../../../Users/Nate/Documents/GitHub/nsshipma_FinalProject/TwinStickShooter/Content/Materials/Doors/DoorMaterial_Inst.uasset'
[2018.12.02-16.36.08:351][887]LogTemp: Repeating last play command: Selected Viewport
[2018.12.02-16.36.08:382][887]LogPlayLevel: PlayLevel: No blueprints needed recompiling
[2018.12.02-16.36.08:382][887]PIE: New page: PIE session: ArenaMap (Dec 2, 2018, 6:36:08 AM)
[2018.12.02-16.36.08:382][887]LogPlayLevel: Creating play world package: /Game/UEDPIE_0_ArenaMap
[2018.12.02-16.36.08:384][887]LogPlayLevel: PIE: StaticDuplicateObject took: (0.002370s)
[2018.12.02-16.36.08:385][887]LogAIModule: Creating AISystem for world ArenaMap
[2018.12.02-16.36.08:385][887]LogPlayLevel: PIE: World Init took: (0.000692s)
[2018.12.02-16.36.08:385][887]LogPlayLevel: PIE: Created PIE world by copying editor world from /Game/ArenaMap.ArenaMap to /Game/UEDPIE_0_ArenaMap.ArenaMap (0.003185s)
[2018.12.02-16.36.08:422][887]LogInit: XAudio2 using 'Speakers (Realtek High Definition Audio)' : 2 channels at 48 kHz using 32 bits per sample (channel mask 0x3)
[2018.12.02-16.36.08:435][887]LogInit: FAudioDevice initialized.
[2018.12.02-16.36.08:470][887]LogLoad: Game class is 'TwinStickGameMode_C'
[2018.12.02-16.36.08:472][887]LogWorld: Bringing World /Game/UEDPIE_0_ArenaMap.ArenaMap up for play (max tick rate 0) at 2018.12.02-11.36.08
[2018.12.02-16.36.08:472][887]LogWorld: Bringing up level for play took: 0.001211
[2018.12.02-16.36.08:503][887]LogScript: Warning: Script Msg: Attempted to access index 0 from array 'CallFunc_GetAllActorsOfClass_OutActors' of length 0 in '/Game/Blueprints/TwinStickGameMode.TwinStickGameMode_C:ExecuteUbergraph_TwinStickGameMode'!
[2018.12.02-16.36.08:503][887]LogBlueprintUserMessages: Warning: SetTimer passed a bad function (SpawnEnemy) or object (None)
[2018.12.02-16.36.08:504][887]PIE: Play in editor start time for /Game/UEDPIE_0_ArenaMap -0.325
[2018.12.02-16.36.20:195][271]LogSlate: Updating window title bar state: overlay mode, drag disabled, window buttons hidden, title bar hidden
[2018.12.02-16.36.20:233][271]LogPlayLevel: Display: Shutting down PIE online subsystems
[2018.12.02-16.36.20:265][271]LogSlate: Updating window title bar state: overlay mode, drag disabled, window buttons hidden, title bar hidden
[2018.12.02-16.36.20:295][273]LogPlayLevel: Display: Destroying online subsystem :Context_24
[2018.12.02-16.36.21:111][369]LogSlate: FSceneViewport::OnFocusLost() reason 2
[2018.12.02-16.36.22:007][472]LogSlate: FSceneViewport::OnFocusLost() reason 2
[2018.12.02-16.36.22:039][472]Cmd: OBJ SAVEPACKAGE PACKAGE="/Game/Blueprints/Rooms/Type0" FILE="../../../../../../Users/Nate/Documents/GitHub/nsshipma_FinalProject/TwinStickShooter/Content/Blueprints/Rooms/Type0.uasset" SILENT=true
[2018.12.02-16.36.22:113][472]LogSavePackage: Moving '../../../../../../Users/Nate/Documents/GitHub/nsshipma_FinalProject/TwinStickShooter/Saved/Type09FB7B2794D04E6B5FB63D39607044EEB.tmp' to '../../../../../../Users/Nate/Documents/GitHub/nsshipma_FinalProject/TwinStickShooter/Content/Blueprints/Rooms/Type0.uasset'
[2018.12.02-16.36.22:146][472]Cmd: OBJ SAVEPACKAGE PACKAGE="/Game/Blueprints/Rooms/Type1" FILE="../../../../../../Users/Nate/Documents/GitHub/nsshipma_FinalProject/TwinStickShooter/Content/Blueprints/Rooms/Type1.uasset" SILENT=true
[2018.12.02-16.36.22:261][472]LogSavePackage: Moving '../../../../../../Users/Nate/Documents/GitHub/nsshipma_FinalProject/TwinStickShooter/Saved/Type1C39B89D542B26F311BDDD0BFA7EECAF8.tmp' to '../../../../../../Users/Nate/Documents/GitHub/nsshipma_FinalProject/TwinStickShooter/Content/Blueprints/Rooms/Type1.uasset'
[2018.12.02-16.36.22:295][472]Cmd: OBJ SAVEPACKAGE PACKAGE="/Game/Blueprints/Rooms/Type2" FILE="../../../../../../Users/Nate/Documents/GitHub/nsshipma_FinalProject/TwinStickShooter/Content/Blueprints/Rooms/Type2.uasset" SILENT=true
[2018.12.02-16.36.22:426][472]LogSavePackage: Moving '../../../../../../Users/Nate/Documents/GitHub/nsshipma_FinalProject/TwinStickShooter/Saved/Type25BB9B0D44029E5F682F68680313065AE.tmp' to '../../../../../../Users/Nate/Documents/GitHub/nsshipma_FinalProject/TwinStickShooter/Content/Blueprints/Rooms/Type2.uasset'
[2018.12.02-16.36.22:459][472]Cmd: OBJ SAVEPACKAGE PACKAGE="/Game/Blueprints/Rooms/Type3" FILE="../../../../../../Users/Nate/Documents/GitHub/nsshipma_FinalProject/TwinStickShooter/Content/Blueprints/Rooms/Type3.uasset" SILENT=true
[2018.12.02-16.36.22:565][472]LogSavePackage: Moving '../../../../../../Users/Nate/Documents/GitHub/nsshipma_FinalProject/TwinStickShooter/Saved/Type37D87A9444DC1F984F8F5EC99CD35219C.tmp' to '../../../../../../Users/Nate/Documents/GitHub/nsshipma_FinalProject/TwinStickShooter/Content/Blueprints/Rooms/Type3.uasset'
[2018.12.02-16.36.22:631][472]Cmd: OBJ SAVEPACKAGE PACKAGE="/Game/Blueprints/Rooms/Type4" FILE="../../../../../../Users/Nate/Documents/GitHub/nsshipma_FinalProject/TwinStickShooter/Content/Blueprints/Rooms/Type4.uasset" SILENT=true
[2018.12.02-16.36.22:739][472]LogSavePackage: Moving '../../../../../../Users/Nate/Documents/GitHub/nsshipma_FinalProject/TwinStickShooter/Saved/Type4C7365FF646135971F75EEEA6D43DC381.tmp' to '../../../../../../Users/Nate/Documents/GitHub/nsshipma_FinalProject/TwinStickShooter/Content/Blueprints/Rooms/Type4.uasset'
